<?xml version="1.0" encoding="UTF-8"?>
<coverage generated="1581800031328" clover="3.2.0">
  <project timestamp="1581800031328" name="All files">
    <metrics statements="1188" coveredstatements="186" conditionals="294" coveredconditionals="46" methods="157" coveredmethods="29" elements="1639" coveredelements="261" complexity="0" loc="1188" ncloc="1188" packages="3" files="8" classes="8"/>
    <package name="custom">
      <metrics statements="1182" coveredstatements="185" conditionals="294" coveredconditionals="46" methods="154" coveredmethods="29"/>
      <file name="handlers.js" path="/Users/etrichardson/Dropbox/Snapit and Alexa/Alexa/CarAssistant/the_car/lambda/custom/handlers.js">
        <metrics statements="424" coveredstatements="0" conditionals="104" coveredconditionals="0" methods="42" coveredmethods="0"/>
        <line num="1" count="0" type="stmt"/>
        <line num="2" count="0" type="stmt"/>
        <line num="3" count="0" type="stmt"/>
        <line num="4" count="0" type="stmt"/>
        <line num="6" count="0" type="stmt"/>
        <line num="7" count="0" type="stmt"/>
        <line num="9" count="0" type="stmt"/>
        <line num="10" count="0" type="stmt"/>
        <line num="13" count="0" type="stmt"/>
        <line num="14" count="0" type="stmt"/>
        <line num="15" count="0" type="stmt"/>
        <line num="16" count="0" type="stmt"/>
        <line num="25" count="0" type="stmt"/>
        <line num="27" count="0" type="stmt"/>
        <line num="36" count="0" type="stmt"/>
        <line num="39" count="0" type="stmt"/>
        <line num="40" count="0" type="stmt"/>
        <line num="46" count="0" type="cond" truecount="0" falsecount="3"/>
        <line num="58" count="0" type="stmt"/>
        <line num="59" count="0" type="stmt"/>
        <line num="60" count="0" type="stmt"/>
        <line num="62" count="0" type="stmt"/>
        <line num="63" count="0" type="stmt"/>
        <line num="67" count="0" type="stmt"/>
        <line num="68" count="0" type="stmt"/>
        <line num="70" count="0" type="stmt"/>
        <line num="72" count="0" type="cond" truecount="0" falsecount="2"/>
        <line num="74" count="0" type="stmt"/>
        <line num="76" count="0" type="stmt"/>
        <line num="79" count="0" type="stmt"/>
        <line num="80" count="0" type="stmt"/>
        <line num="81" count="0" type="stmt"/>
        <line num="82" count="0" type="stmt"/>
        <line num="84" count="0" type="stmt"/>
        <line num="92" count="0" type="stmt"/>
        <line num="96" count="0" type="stmt"/>
        <line num="98" count="0" type="stmt"/>
        <line num="99" count="0" type="stmt"/>
        <line num="102" count="0" type="stmt"/>
        <line num="105" count="0" type="stmt"/>
        <line num="122" count="0" type="stmt"/>
        <line num="124" count="0" type="stmt"/>
        <line num="126" count="0" type="stmt"/>
        <line num="127" count="0" type="stmt"/>
        <line num="129" count="0" type="cond" truecount="0" falsecount="3"/>
        <line num="135" count="0" type="stmt"/>
        <line num="137" count="0" type="stmt"/>
        <line num="138" count="0" type="stmt"/>
        <line num="141" count="0" type="cond" truecount="0" falsecount="2"/>
        <line num="144" count="0" type="stmt"/>
        <line num="146" count="0" type="stmt"/>
        <line num="148" count="0" type="stmt"/>
        <line num="157" count="0" type="cond" truecount="0" falsecount="2"/>
        <line num="160" count="0" type="stmt"/>
        <line num="162" count="0" type="stmt"/>
        <line num="175" count="0" type="stmt"/>
        <line num="178" count="0" type="stmt"/>
        <line num="180" count="0" type="stmt"/>
        <line num="181" count="0" type="stmt"/>
        <line num="183" count="0" type="cond" truecount="0" falsecount="2"/>
        <line num="189" count="0" type="stmt"/>
        <line num="190" count="0" type="stmt"/>
        <line num="191" count="0" type="stmt"/>
        <line num="193" count="0" type="stmt"/>
        <line num="197" count="0" type="stmt"/>
        <line num="198" count="0" type="cond" truecount="0" falsecount="2"/>
        <line num="199" count="0" type="stmt"/>
        <line num="200" count="0" type="stmt"/>
        <line num="201" count="0" type="stmt"/>
        <line num="204" count="0" type="stmt"/>
        <line num="206" count="0" type="stmt"/>
        <line num="212" count="0" type="stmt"/>
        <line num="213" count="0" type="stmt"/>
        <line num="215" count="0" type="stmt"/>
        <line num="217" count="0" type="stmt"/>
        <line num="221" count="0" type="stmt"/>
        <line num="222" count="0" type="stmt"/>
        <line num="224" count="0" type="stmt"/>
        <line num="227" count="0" type="cond" truecount="0" falsecount="2"/>
        <line num="228" count="0" type="stmt"/>
        <line num="235" count="0" type="cond" truecount="0" falsecount="2"/>
        <line num="236" count="0" type="stmt"/>
        <line num="242" count="0" type="stmt"/>
        <line num="250" count="0" type="stmt"/>
        <line num="253" count="0" type="stmt"/>
        <line num="256" count="0" type="stmt"/>
        <line num="259" count="0" type="stmt"/>
        <line num="261" count="0" type="stmt"/>
        <line num="264" count="0" type="stmt"/>
        <line num="269" count="0" type="stmt"/>
        <line num="281" count="0" type="stmt"/>
        <line num="283" count="0" type="cond" truecount="0" falsecount="2"/>
        <line num="288" count="0" type="stmt"/>
        <line num="290" count="0" type="stmt"/>
        <line num="291" count="0" type="stmt"/>
        <line num="294" count="0" type="stmt"/>
        <line num="295" count="0" type="stmt"/>
        <line num="297" count="0" type="stmt"/>
        <line num="299" count="0" type="stmt"/>
        <line num="315" count="0" type="stmt"/>
        <line num="318" count="0" type="stmt"/>
        <line num="320" count="0" type="stmt"/>
        <line num="321" count="0" type="stmt"/>
        <line num="323" count="0" type="cond" truecount="0" falsecount="2"/>
        <line num="328" count="0" type="stmt"/>
        <line num="333" count="0" type="stmt"/>
        <line num="334" count="0" type="stmt"/>
        <line num="335" count="0" type="stmt"/>
        <line num="337" count="0" type="stmt"/>
        <line num="340" count="0" type="stmt"/>
        <line num="343" count="0" type="stmt"/>
        <line num="346" count="0" type="stmt"/>
        <line num="347" count="0" type="stmt"/>
        <line num="350" count="0" type="stmt"/>
        <line num="352" count="0" type="stmt"/>
        <line num="355" count="0" type="stmt"/>
        <line num="358" count="0" type="stmt"/>
        <line num="359" count="0" type="stmt"/>
        <line num="360" count="0" type="stmt"/>
        <line num="361" count="0" type="stmt"/>
        <line num="363" count="0" type="stmt"/>
        <line num="364" count="0" type="stmt"/>
        <line num="366" count="0" type="stmt"/>
        <line num="369" count="0" type="stmt"/>
        <line num="370" count="0" type="stmt"/>
        <line num="371" count="0" type="stmt"/>
        <line num="373" count="0" type="stmt"/>
        <line num="375" count="0" type="stmt"/>
        <line num="388" count="0" type="stmt"/>
        <line num="391" count="0" type="stmt"/>
        <line num="393" count="0" type="stmt"/>
        <line num="395" count="0" type="cond" truecount="0" falsecount="3"/>
        <line num="400" count="0" type="stmt"/>
        <line num="402" count="0" type="cond" truecount="0" falsecount="2"/>
        <line num="405" count="0" type="stmt"/>
        <line num="407" count="0" type="stmt"/>
        <line num="421" count="0" type="stmt"/>
        <line num="424" count="0" type="stmt"/>
        <line num="436" count="0" type="stmt"/>
        <line num="439" count="0" type="stmt"/>
        <line num="441" count="0" type="stmt"/>
        <line num="442" count="0" type="cond" truecount="0" falsecount="2"/>
        <line num="448" count="0" type="stmt"/>
        <line num="450" count="0" type="stmt"/>
        <line num="451" count="0" type="cond" truecount="0" falsecount="2"/>
        <line num="452" count="0" type="stmt"/>
        <line num="453" count="0" type="stmt"/>
        <line num="454" count="0" type="stmt"/>
        <line num="456" count="0" type="stmt"/>
        <line num="458" count="0" type="stmt"/>
        <line num="464" count="0" type="stmt"/>
        <line num="465" count="0" type="stmt"/>
        <line num="466" count="0" type="stmt"/>
        <line num="467" count="0" type="stmt"/>
        <line num="470" count="0" type="stmt"/>
        <line num="472" count="0" type="stmt"/>
        <line num="475" count="0" type="stmt"/>
        <line num="478" count="0" type="stmt"/>
        <line num="481" count="0" type="stmt"/>
        <line num="483" count="0" type="stmt"/>
        <line num="485" count="0" type="stmt"/>
        <line num="496" count="0" type="stmt"/>
        <line num="499" count="0" type="stmt"/>
        <line num="501" count="0" type="stmt"/>
        <line num="503" count="0" type="cond" truecount="0" falsecount="4"/>
        <line num="509" count="0" type="stmt"/>
        <line num="513" count="0" type="stmt"/>
        <line num="514" count="0" type="cond" truecount="0" falsecount="2"/>
        <line num="515" count="0" type="stmt"/>
        <line num="516" count="0" type="stmt"/>
        <line num="517" count="0" type="stmt"/>
        <line num="520" count="0" type="stmt"/>
        <line num="522" count="0" type="stmt"/>
        <line num="528" count="0" type="stmt"/>
        <line num="529" count="0" type="stmt"/>
        <line num="530" count="0" type="stmt"/>
        <line num="532" count="0" type="stmt"/>
        <line num="534" count="0" type="stmt"/>
        <line num="536" count="0" type="stmt"/>
        <line num="538" count="0" type="stmt"/>
        <line num="541" count="0" type="stmt"/>
        <line num="545" count="0" type="stmt"/>
        <line num="546" count="0" type="stmt"/>
        <line num="548" count="0" type="stmt"/>
        <line num="551" count="0" type="cond" truecount="0" falsecount="2"/>
        <line num="552" count="0" type="stmt"/>
        <line num="559" count="0" type="cond" truecount="0" falsecount="2"/>
        <line num="560" count="0" type="stmt"/>
        <line num="566" count="0" type="stmt"/>
        <line num="574" count="0" type="stmt"/>
        <line num="577" count="0" type="stmt"/>
        <line num="580" count="0" type="stmt"/>
        <line num="582" count="0" type="stmt"/>
        <line num="585" count="0" type="stmt"/>
        <line num="590" count="0" type="stmt"/>
        <line num="603" count="0" type="stmt"/>
        <line num="606" count="0" type="stmt"/>
        <line num="608" count="0" type="stmt"/>
        <line num="609" count="0" type="stmt"/>
        <line num="610" count="0" type="stmt"/>
        <line num="621" count="0" type="stmt"/>
        <line num="625" count="0" type="stmt"/>
        <line num="627" count="0" type="stmt"/>
        <line num="628" count="0" type="cond" truecount="0" falsecount="2"/>
        <line num="629" count="0" type="stmt"/>
        <line num="630" count="0" type="stmt"/>
        <line num="631" count="0" type="stmt"/>
        <line num="633" count="0" type="stmt"/>
        <line num="635" count="0" type="stmt"/>
        <line num="642" count="0" type="stmt"/>
        <line num="643" count="0" type="stmt"/>
        <line num="644" count="0" type="stmt"/>
        <line num="646" count="0" type="stmt"/>
        <line num="648" count="0" type="stmt"/>
        <line num="650" count="0" type="stmt"/>
        <line num="654" count="0" type="stmt"/>
        <line num="655" count="0" type="stmt"/>
        <line num="657" count="0" type="stmt"/>
        <line num="660" count="0" type="cond" truecount="0" falsecount="2"/>
        <line num="661" count="0" type="stmt"/>
        <line num="669" count="0" type="cond" truecount="0" falsecount="2"/>
        <line num="670" count="0" type="stmt"/>
        <line num="676" count="0" type="stmt"/>
        <line num="684" count="0" type="stmt"/>
        <line num="687" count="0" type="stmt"/>
        <line num="690" count="0" type="stmt"/>
        <line num="693" count="0" type="stmt"/>
        <line num="697" count="0" type="stmt"/>
        <line num="699" count="0" type="stmt"/>
        <line num="703" count="0" type="cond" truecount="0" falsecount="4"/>
        <line num="706" count="0" type="stmt"/>
        <line num="707" count="0" type="stmt"/>
        <line num="708" count="0" type="stmt"/>
        <line num="709" count="0" type="stmt"/>
        <line num="711" count="0" type="stmt"/>
        <line num="712" count="0" type="stmt"/>
        <line num="716" count="0" type="stmt"/>
        <line num="773" count="0" type="stmt"/>
        <line num="776" count="0" type="stmt"/>
        <line num="778" count="0" type="stmt"/>
        <line num="780" count="0" type="cond" truecount="0" falsecount="3"/>
        <line num="787" count="0" type="stmt"/>
        <line num="788" count="0" type="stmt"/>
        <line num="790" count="0" type="stmt"/>
        <line num="792" count="0" type="stmt"/>
        <line num="805" count="0" type="stmt"/>
        <line num="808" count="0" type="stmt"/>
        <line num="810" count="0" type="stmt"/>
        <line num="812" count="0" type="cond" truecount="0" falsecount="3"/>
        <line num="819" count="0" type="stmt"/>
        <line num="820" count="0" type="stmt"/>
        <line num="821" count="0" type="stmt"/>
        <line num="823" count="0" type="stmt"/>
        <line num="824" count="0" type="stmt"/>
        <line num="826" count="0" type="stmt"/>
        <line num="827" count="0" type="stmt"/>
        <line num="830" count="0" type="stmt"/>
        <line num="831" count="0" type="stmt"/>
        <line num="832" count="0" type="stmt"/>
        <line num="833" count="0" type="stmt"/>
        <line num="835" count="0" type="stmt"/>
        <line num="836" count="0" type="stmt"/>
        <line num="841" count="0" type="stmt"/>
        <line num="842" count="0" type="stmt"/>
        <line num="843" count="0" type="stmt"/>
        <line num="845" count="0" type="stmt"/>
        <line num="847" count="0" type="stmt"/>
        <line num="859" count="0" type="stmt"/>
        <line num="862" count="0" type="stmt"/>
        <line num="864" count="0" type="stmt"/>
        <line num="865" count="0" type="cond" truecount="0" falsecount="3"/>
        <line num="871" count="0" type="stmt"/>
        <line num="872" count="0" type="stmt"/>
        <line num="873" count="0" type="stmt"/>
        <line num="875" count="0" type="stmt"/>
        <line num="877" count="0" type="stmt"/>
        <line num="878" count="0" type="stmt"/>
        <line num="881" count="0" type="stmt"/>
        <line num="884" count="0" type="stmt"/>
        <line num="885" count="0" type="stmt"/>
        <line num="887" count="0" type="cond" truecount="0" falsecount="2"/>
        <line num="888" count="0" type="stmt"/>
        <line num="891" count="0" type="stmt"/>
        <line num="892" count="0" type="stmt"/>
        <line num="893" count="0" type="stmt"/>
        <line num="895" count="0" type="cond" truecount="0" falsecount="5"/>
        <line num="898" count="0" type="stmt"/>
        <line num="901" count="0" type="cond" truecount="0" falsecount="2"/>
        <line num="902" count="0" type="stmt"/>
        <line num="906" count="0" type="stmt"/>
        <line num="907" count="0" type="stmt"/>
        <line num="910" count="0" type="stmt"/>
        <line num="912" count="0" type="cond" truecount="0" falsecount="2"/>
        <line num="914" count="0" type="stmt"/>
        <line num="917" count="0" type="stmt"/>
        <line num="920" count="0" type="stmt"/>
        <line num="921" count="0" type="stmt"/>
        <line num="922" count="0" type="stmt"/>
        <line num="923" count="0" type="stmt"/>
        <line num="925" count="0" type="stmt"/>
        <line num="926" count="0" type="stmt"/>
        <line num="928" count="0" type="stmt"/>
        <line num="931" count="0" type="stmt"/>
        <line num="932" count="0" type="stmt"/>
        <line num="933" count="0" type="stmt"/>
        <line num="935" count="0" type="stmt"/>
        <line num="937" count="0" type="stmt"/>
        <line num="945" count="0" type="stmt"/>
        <line num="946" count="0" type="stmt"/>
        <line num="948" count="0" type="stmt"/>
        <line num="951" count="0" type="stmt"/>
        <line num="954" count="0" type="stmt"/>
        <line num="967" count="0" type="stmt"/>
        <line num="970" count="0" type="stmt"/>
        <line num="972" count="0" type="stmt"/>
        <line num="974" count="0" type="cond" truecount="0" falsecount="3"/>
        <line num="981" count="0" type="stmt"/>
        <line num="983" count="0" type="stmt"/>
        <line num="994" count="0" type="stmt"/>
        <line num="997" count="0" type="stmt"/>
        <line num="999" count="0" type="stmt"/>
        <line num="1001" count="0" type="cond" truecount="0" falsecount="3"/>
        <line num="1008" count="0" type="stmt"/>
        <line num="1010" count="0" type="stmt"/>
        <line num="1012" count="0" type="stmt"/>
        <line num="1022" count="0" type="stmt"/>
        <line num="1025" count="0" type="stmt"/>
        <line num="1027" count="0" type="stmt"/>
        <line num="1028" count="0" type="stmt"/>
        <line num="1030" count="0" type="cond" truecount="0" falsecount="3"/>
        <line num="1036" count="0" type="stmt"/>
        <line num="1038" count="0" type="stmt"/>
        <line num="1039" count="0" type="stmt"/>
        <line num="1042" count="0" type="cond" truecount="0" falsecount="2"/>
        <line num="1044" count="0" type="stmt"/>
        <line num="1045" count="0" type="stmt"/>
        <line num="1047" count="0" type="stmt"/>
        <line num="1060" count="0" type="stmt"/>
        <line num="1062" count="0" type="stmt"/>
        <line num="1063" count="0" type="stmt"/>
        <line num="1065" count="0" type="stmt"/>
        <line num="1077" count="0" type="stmt"/>
        <line num="1080" count="0" type="stmt"/>
        <line num="1082" count="0" type="cond" truecount="0" falsecount="2"/>
        <line num="1087" count="0" type="stmt"/>
        <line num="1089" count="0" type="stmt"/>
        <line num="1091" count="0" type="stmt"/>
        <line num="1102" count="0" type="stmt"/>
        <line num="1105" count="0" type="stmt"/>
        <line num="1108" count="0" type="stmt"/>
        <line num="1109" count="0" type="stmt"/>
        <line num="1110" count="0" type="stmt"/>
        <line num="1112" count="0" type="stmt"/>
        <line num="1113" count="0" type="stmt"/>
        <line num="1118" count="0" type="cond" truecount="0" falsecount="7"/>
        <line num="1129" count="0" type="stmt"/>
        <line num="1130" count="0" type="stmt"/>
        <line num="1132" count="0" type="stmt"/>
        <line num="1138" count="0" type="stmt"/>
        <line num="1141" count="0" type="stmt"/>
        <line num="1150" count="0" type="stmt"/>
        <line num="1153" count="0" type="stmt"/>
        <line num="1156" count="0" type="stmt"/>
        <line num="1157" count="0" type="stmt"/>
        <line num="1158" count="0" type="stmt"/>
        <line num="1160" count="0" type="stmt"/>
        <line num="1161" count="0" type="stmt"/>
        <line num="1166" count="0" type="cond" truecount="0" falsecount="3"/>
        <line num="1173" count="0" type="stmt"/>
        <line num="1175" count="0" type="stmt"/>
        <line num="1176" count="0" type="stmt"/>
        <line num="1177" count="0" type="stmt"/>
        <line num="1179" count="0" type="stmt"/>
        <line num="1180" count="0" type="stmt"/>
        <line num="1183" count="0" type="stmt"/>
        <line num="1185" count="0" type="stmt"/>
        <line num="1188" count="0" type="cond" truecount="0" falsecount="2"/>
        <line num="1190" count="0" type="stmt"/>
        <line num="1194" count="0" type="stmt"/>
        <line num="1198" count="0" type="stmt"/>
        <line num="1199" count="0" type="stmt"/>
        <line num="1201" count="0" type="stmt"/>
        <line num="1204" count="0" type="cond" truecount="0" falsecount="2"/>
        <line num="1205" count="0" type="stmt"/>
        <line num="1213" count="0" type="cond" truecount="0" falsecount="2"/>
        <line num="1214" count="0" type="stmt"/>
        <line num="1220" count="0" type="stmt"/>
        <line num="1228" count="0" type="stmt"/>
        <line num="1231" count="0" type="stmt"/>
        <line num="1234" count="0" type="stmt"/>
        <line num="1237" count="0" type="stmt"/>
        <line num="1242" count="0" type="stmt"/>
        <line num="1245" count="0" type="stmt"/>
        <line num="1248" count="0" type="stmt"/>
        <line num="1260" count="0" type="stmt"/>
        <line num="1262" count="0" type="stmt"/>
        <line num="1266" count="0" type="stmt"/>
        <line num="1275" count="0" type="stmt"/>
        <line num="1278" count="0" type="stmt"/>
        <line num="1280" count="0" type="stmt"/>
        <line num="1285" count="0" type="stmt"/>
        <line num="1288" count="0" type="stmt"/>
        <line num="1289" count="0" type="stmt"/>
        <line num="1290" count="0" type="stmt"/>
        <line num="1291" count="0" type="stmt"/>
        <line num="1295" count="0" type="stmt"/>
        <line num="1298" count="0" type="stmt"/>
        <line num="1301" count="0" type="stmt"/>
        <line num="1303" count="0" type="stmt"/>
        <line num="1305" count="0" type="cond" truecount="0" falsecount="2"/>
        <line num="1306" count="0" type="stmt"/>
        <line num="1308" count="0" type="stmt"/>
        <line num="1311" count="0" type="stmt"/>
        <line num="1321" count="0" type="stmt"/>
        <line num="1324" count="0" type="stmt"/>
        <line num="1328" count="0" type="stmt"/>
        <line num="1330" count="0" type="stmt"/>
        <line num="1337" count="0" type="stmt"/>
        <line num="1340" count="0" type="stmt"/>
        <line num="1342" count="0" type="stmt"/>
        <line num="1346" count="0" type="stmt"/>
        <line num="1348" count="0" type="stmt"/>
        <line num="1350" count="0" type="stmt"/>
        <line num="1356" count="0" type="stmt"/>
      </file>
      <file name="helperFunctions.js" path="/Users/etrichardson/Dropbox/Snapit and Alexa/Alexa/CarAssistant/the_car/lambda/custom/helperFunctions.js">
        <metrics statements="12" coveredstatements="4" conditionals="0" coveredconditionals="0" methods="2" coveredmethods="0"/>
        <line num="7" count="1" type="stmt"/>
        <line num="9" count="0" type="stmt"/>
        <line num="10" count="0" type="stmt"/>
        <line num="12" count="0" type="stmt"/>
        <line num="13" count="0" type="stmt"/>
        <line num="14" count="0" type="stmt"/>
        <line num="17" count="0" type="stmt"/>
        <line num="28" count="0" type="stmt"/>
        <line num="38" count="1" type="stmt"/>
        <line num="39" count="0" type="stmt"/>
        <line num="46" count="1" type="stmt"/>
        <line num="47" count="1" type="stmt"/>
      </file>
      <file name="index.js" path="/Users/etrichardson/Dropbox/Snapit and Alexa/Alexa/CarAssistant/the_car/lambda/custom/index.js">
        <metrics statements="422" coveredstatements="89" conditionals="109" coveredconditionals="28" methods="43" coveredmethods="19"/>
        <line num="4" count="1" type="stmt"/>
        <line num="6" count="1" type="stmt"/>
        <line num="7" count="1" type="stmt"/>
        <line num="9" count="1" type="stmt"/>
        <line num="10" count="1" type="stmt"/>
        <line num="12" count="1" type="stmt"/>
        <line num="13" count="1" type="stmt"/>
        <line num="14" count="1" type="stmt"/>
        <line num="16" count="1" type="stmt"/>
        <line num="18" count="1" type="stmt"/>
        <line num="19" count="1" type="stmt"/>
        <line num="20" count="1" type="stmt"/>
        <line num="25" count="1" type="stmt"/>
        <line num="27" count="1" type="stmt"/>
        <line num="34" count="0" type="cond" truecount="0" falsecount="7"/>
        <line num="40" count="0" type="stmt"/>
        <line num="42" count="0" type="stmt"/>
        <line num="85" count="1" type="stmt"/>
        <line num="88" count="2" type="stmt"/>
        <line num="89" count="2" type="stmt"/>
        <line num="95" count="1" type="cond" truecount="3" falsecount="0"/>
        <line num="107" count="0" type="stmt"/>
        <line num="108" count="0" type="stmt"/>
        <line num="109" count="0" type="stmt"/>
        <line num="111" count="0" type="stmt"/>
        <line num="112" count="0" type="stmt"/>
        <line num="116" count="0" type="stmt"/>
        <line num="117" count="0" type="stmt"/>
        <line num="119" count="0" type="stmt"/>
        <line num="121" count="0" type="cond" truecount="0" falsecount="2"/>
        <line num="123" count="0" type="stmt"/>
        <line num="125" count="0" type="stmt"/>
        <line num="128" count="0" type="stmt"/>
        <line num="129" count="0" type="stmt"/>
        <line num="130" count="0" type="stmt"/>
        <line num="131" count="0" type="stmt"/>
        <line num="133" count="0" type="stmt"/>
        <line num="140" count="0" type="stmt"/>
        <line num="144" count="0" type="stmt"/>
        <line num="146" count="0" type="stmt"/>
        <line num="147" count="0" type="stmt"/>
        <line num="149" count="0" type="stmt"/>
        <line num="166" count="1" type="stmt"/>
        <line num="168" count="2" type="stmt"/>
        <line num="170" count="2" type="stmt"/>
        <line num="171" count="2" type="stmt"/>
        <line num="173" count="2" type="cond" truecount="1" falsecount="2"/>
        <line num="179" count="0" type="stmt"/>
        <line num="181" count="0" type="stmt"/>
        <line num="182" count="0" type="stmt"/>
        <line num="185" count="0" type="cond" truecount="0" falsecount="2"/>
        <line num="188" count="0" type="stmt"/>
        <line num="190" count="0" type="stmt"/>
        <line num="192" count="0" type="stmt"/>
        <line num="201" count="0" type="cond" truecount="0" falsecount="2"/>
        <line num="204" count="0" type="stmt"/>
        <line num="206" count="0" type="stmt"/>
        <line num="221" count="1" type="stmt"/>
        <line num="224" count="1" type="stmt"/>
        <line num="226" count="1" type="stmt"/>
        <line num="228" count="1" type="cond" truecount="2" falsecount="1"/>
        <line num="235" count="0" type="stmt"/>
        <line num="236" count="0" type="stmt"/>
        <line num="238" count="0" type="stmt"/>
        <line num="240" count="0" type="stmt"/>
        <line num="253" count="1" type="stmt"/>
        <line num="256" count="1" type="stmt"/>
        <line num="258" count="1" type="stmt"/>
        <line num="260" count="1" type="cond" truecount="2" falsecount="1"/>
        <line num="267" count="0" type="stmt"/>
        <line num="268" count="0" type="stmt"/>
        <line num="269" count="0" type="stmt"/>
        <line num="271" count="0" type="stmt"/>
        <line num="272" count="0" type="stmt"/>
        <line num="274" count="0" type="stmt"/>
        <line num="275" count="0" type="stmt"/>
        <line num="278" count="0" type="stmt"/>
        <line num="279" count="0" type="stmt"/>
        <line num="280" count="0" type="stmt"/>
        <line num="281" count="0" type="stmt"/>
        <line num="283" count="0" type="stmt"/>
        <line num="284" count="0" type="stmt"/>
        <line num="289" count="0" type="stmt"/>
        <line num="290" count="0" type="stmt"/>
        <line num="291" count="0" type="stmt"/>
        <line num="293" count="0" type="stmt"/>
        <line num="295" count="0" type="stmt"/>
        <line num="309" count="1" type="stmt"/>
        <line num="312" count="1" type="stmt"/>
        <line num="314" count="1" type="stmt"/>
        <line num="315" count="1" type="cond" truecount="2" falsecount="1"/>
        <line num="321" count="0" type="stmt"/>
        <line num="322" count="0" type="stmt"/>
        <line num="323" count="0" type="stmt"/>
        <line num="325" count="0" type="stmt"/>
        <line num="327" count="0" type="stmt"/>
        <line num="328" count="0" type="stmt"/>
        <line num="331" count="0" type="stmt"/>
        <line num="334" count="0" type="stmt"/>
        <line num="335" count="0" type="stmt"/>
        <line num="337" count="0" type="cond" truecount="0" falsecount="2"/>
        <line num="338" count="0" type="stmt"/>
        <line num="341" count="0" type="stmt"/>
        <line num="342" count="0" type="stmt"/>
        <line num="343" count="0" type="stmt"/>
        <line num="346" count="0" type="stmt"/>
        <line num="347" count="0" type="stmt"/>
        <line num="348" count="0" type="stmt"/>
        <line num="351" count="0" type="cond" truecount="0" falsecount="5"/>
        <line num="354" count="0" type="stmt"/>
        <line num="358" count="0" type="stmt"/>
        <line num="359" count="0" type="stmt"/>
        <line num="362" count="0" type="stmt"/>
        <line num="364" count="0" type="cond" truecount="0" falsecount="2"/>
        <line num="366" count="0" type="stmt"/>
        <line num="369" count="0" type="stmt"/>
        <line num="372" count="0" type="stmt"/>
        <line num="373" count="0" type="stmt"/>
        <line num="374" count="0" type="stmt"/>
        <line num="375" count="0" type="stmt"/>
        <line num="377" count="0" type="stmt"/>
        <line num="378" count="0" type="stmt"/>
        <line num="380" count="0" type="stmt"/>
        <line num="383" count="0" type="stmt"/>
        <line num="384" count="0" type="stmt"/>
        <line num="385" count="0" type="stmt"/>
        <line num="387" count="0" type="stmt"/>
        <line num="389" count="0" type="stmt"/>
        <line num="397" count="0" type="stmt"/>
        <line num="398" count="0" type="stmt"/>
        <line num="400" count="0" type="stmt"/>
        <line num="403" count="0" type="stmt"/>
        <line num="406" count="0" type="stmt"/>
        <line num="419" count="1" type="stmt"/>
        <line num="422" count="1" type="stmt"/>
        <line num="424" count="1" type="stmt"/>
        <line num="426" count="1" type="cond" truecount="2" falsecount="1"/>
        <line num="433" count="0" type="stmt"/>
        <line num="435" count="0" type="stmt"/>
        <line num="446" count="1" type="stmt"/>
        <line num="449" count="2" type="stmt"/>
        <line num="451" count="2" type="stmt"/>
        <line num="453" count="2" type="cond" truecount="1" falsecount="1"/>
        <line num="458" count="0" type="stmt"/>
        <line num="463" count="0" type="stmt"/>
        <line num="464" count="0" type="stmt"/>
        <line num="465" count="0" type="stmt"/>
        <line num="467" count="0" type="stmt"/>
        <line num="470" count="0" type="stmt"/>
        <line num="473" count="0" type="stmt"/>
        <line num="476" count="0" type="stmt"/>
        <line num="477" count="0" type="stmt"/>
        <line num="480" count="0" type="stmt"/>
        <line num="482" count="0" type="stmt"/>
        <line num="485" count="0" type="stmt"/>
        <line num="488" count="0" type="stmt"/>
        <line num="489" count="0" type="stmt"/>
        <line num="490" count="0" type="stmt"/>
        <line num="491" count="0" type="stmt"/>
        <line num="493" count="0" type="stmt"/>
        <line num="494" count="0" type="stmt"/>
        <line num="496" count="0" type="stmt"/>
        <line num="499" count="0" type="stmt"/>
        <line num="500" count="0" type="stmt"/>
        <line num="501" count="0" type="stmt"/>
        <line num="503" count="0" type="stmt"/>
        <line num="505" count="0" type="stmt"/>
        <line num="514" count="1" type="stmt"/>
        <line num="517" count="2" type="stmt"/>
        <line num="519" count="2" type="stmt"/>
        <line num="521" count="2" type="cond" truecount="1" falsecount="2"/>
        <line num="526" count="0" type="stmt"/>
        <line num="528" count="0" type="cond" truecount="0" falsecount="2"/>
        <line num="531" count="0" type="stmt"/>
        <line num="533" count="0" type="stmt"/>
        <line num="547" count="0" type="stmt"/>
        <line num="550" count="0" type="stmt"/>
        <line num="566" count="1" type="stmt"/>
        <line num="569" count="1" type="stmt"/>
        <line num="570" count="1" type="cond" truecount="2" falsecount="0"/>
        <line num="575" count="0" type="stmt"/>
        <line num="577" count="0" type="stmt"/>
        <line num="578" count="0" type="cond" truecount="0" falsecount="2"/>
        <line num="579" count="0" type="stmt"/>
        <line num="580" count="0" type="stmt"/>
        <line num="581" count="0" type="stmt"/>
        <line num="583" count="0" type="stmt"/>
        <line num="585" count="0" type="stmt"/>
        <line num="592" count="0" type="stmt"/>
        <line num="593" count="0" type="stmt"/>
        <line num="594" count="0" type="stmt"/>
        <line num="596" count="0" type="stmt"/>
        <line num="598" count="0" type="stmt"/>
        <line num="600" count="0" type="stmt"/>
        <line num="602" count="0" type="stmt"/>
        <line num="604" count="0" type="cond" truecount="0" falsecount="2"/>
        <line num="605" count="0" type="stmt"/>
        <line num="612" count="0" type="stmt"/>
        <line num="614" count="0" type="stmt"/>
        <line num="617" count="0" type="cond" truecount="0" falsecount="4"/>
        <line num="620" count="0" type="stmt"/>
        <line num="621" count="0" type="stmt"/>
        <line num="622" count="0" type="stmt"/>
        <line num="623" count="0" type="stmt"/>
        <line num="625" count="0" type="stmt"/>
        <line num="626" count="0" type="stmt"/>
        <line num="636" count="0" type="stmt"/>
        <line num="637" count="0" type="stmt"/>
        <line num="638" count="0" type="stmt"/>
        <line num="640" count="0" type="stmt"/>
        <line num="643" count="0" type="stmt"/>
        <line num="644" count="0" type="stmt"/>
        <line num="646" count="0" type="stmt"/>
        <line num="648" count="0" type="stmt"/>
        <line num="650" count="0" type="stmt"/>
        <line num="653" count="0" type="stmt"/>
        <line num="665" count="1" type="stmt"/>
        <line num="668" count="1" type="stmt"/>
        <line num="670" count="1" type="stmt"/>
        <line num="672" count="1" type="cond" truecount="2" falsecount="1"/>
        <line num="679" count="0" type="stmt"/>
        <line num="681" count="0" type="stmt"/>
        <line num="683" count="0" type="stmt"/>
        <line num="694" count="1" type="stmt"/>
        <line num="697" count="1" type="stmt"/>
        <line num="699" count="1" type="stmt"/>
        <line num="701" count="1" type="cond" truecount="2" falsecount="2"/>
        <line num="707" count="0" type="stmt"/>
        <line num="711" count="0" type="stmt"/>
        <line num="712" count="0" type="cond" truecount="0" falsecount="2"/>
        <line num="713" count="0" type="stmt"/>
        <line num="714" count="0" type="stmt"/>
        <line num="715" count="0" type="stmt"/>
        <line num="718" count="0" type="stmt"/>
        <line num="720" count="0" type="stmt"/>
        <line num="726" count="0" type="stmt"/>
        <line num="727" count="0" type="stmt"/>
        <line num="728" count="0" type="stmt"/>
        <line num="730" count="0" type="stmt"/>
        <line num="732" count="0" type="stmt"/>
        <line num="734" count="0" type="stmt"/>
        <line num="736" count="0" type="stmt"/>
        <line num="739" count="0" type="stmt"/>
        <line num="743" count="0" type="stmt"/>
        <line num="744" count="0" type="stmt"/>
        <line num="746" count="0" type="stmt"/>
        <line num="749" count="0" type="cond" truecount="0" falsecount="2"/>
        <line num="750" count="0" type="stmt"/>
        <line num="757" count="0" type="cond" truecount="0" falsecount="2"/>
        <line num="758" count="0" type="stmt"/>
        <line num="764" count="0" type="stmt"/>
        <line num="772" count="0" type="stmt"/>
        <line num="775" count="0" type="stmt"/>
        <line num="778" count="0" type="stmt"/>
        <line num="780" count="0" type="stmt"/>
        <line num="783" count="0" type="stmt"/>
        <line num="788" count="0" type="stmt"/>
        <line num="799" count="1" type="stmt"/>
        <line num="802" count="2" type="stmt"/>
        <line num="804" count="2" type="stmt"/>
        <line num="805" count="2" type="stmt"/>
        <line num="807" count="2" type="cond" truecount="1" falsecount="1"/>
        <line num="813" count="0" type="stmt"/>
        <line num="814" count="0" type="stmt"/>
        <line num="815" count="0" type="stmt"/>
        <line num="817" count="0" type="stmt"/>
        <line num="821" count="0" type="stmt"/>
        <line num="822" count="0" type="cond" truecount="0" falsecount="2"/>
        <line num="823" count="0" type="stmt"/>
        <line num="824" count="0" type="stmt"/>
        <line num="825" count="0" type="stmt"/>
        <line num="828" count="0" type="stmt"/>
        <line num="830" count="0" type="stmt"/>
        <line num="836" count="0" type="stmt"/>
        <line num="837" count="0" type="stmt"/>
        <line num="839" count="0" type="stmt"/>
        <line num="841" count="0" type="stmt"/>
        <line num="845" count="0" type="stmt"/>
        <line num="846" count="0" type="stmt"/>
        <line num="848" count="0" type="stmt"/>
        <line num="851" count="0" type="cond" truecount="0" falsecount="2"/>
        <line num="852" count="0" type="stmt"/>
        <line num="859" count="0" type="cond" truecount="0" falsecount="2"/>
        <line num="860" count="0" type="stmt"/>
        <line num="866" count="0" type="stmt"/>
        <line num="874" count="0" type="stmt"/>
        <line num="877" count="0" type="stmt"/>
        <line num="880" count="0" type="stmt"/>
        <line num="883" count="0" type="stmt"/>
        <line num="885" count="0" type="stmt"/>
        <line num="888" count="0" type="stmt"/>
        <line num="893" count="0" type="stmt"/>
        <line num="906" count="1" type="stmt"/>
        <line num="908" count="2" type="cond" truecount="2" falsecount="0"/>
        <line num="913" count="0" type="stmt"/>
        <line num="915" count="0" type="stmt"/>
        <line num="916" count="0" type="stmt"/>
        <line num="919" count="0" type="stmt"/>
        <line num="920" count="0" type="stmt"/>
        <line num="922" count="0" type="stmt"/>
        <line num="924" count="0" type="stmt"/>
        <line num="940" count="1" type="stmt"/>
        <line num="943" count="1" type="stmt"/>
        <line num="945" count="1" type="cond" truecount="2" falsecount="0"/>
        <line num="950" count="1" type="stmt"/>
        <line num="952" count="1" type="stmt"/>
        <line num="954" count="1" type="stmt"/>
        <line num="962" count="1" type="stmt"/>
        <line num="965" count="0" type="stmt"/>
        <line num="968" count="0" type="stmt"/>
        <line num="969" count="0" type="stmt"/>
        <line num="970" count="0" type="stmt"/>
        <line num="972" count="0" type="stmt"/>
        <line num="973" count="0" type="stmt"/>
        <line num="978" count="0" type="cond" truecount="0" falsecount="3"/>
        <line num="985" count="0" type="stmt"/>
        <line num="987" count="0" type="stmt"/>
        <line num="988" count="0" type="stmt"/>
        <line num="989" count="0" type="stmt"/>
        <line num="991" count="0" type="stmt"/>
        <line num="992" count="0" type="stmt"/>
        <line num="995" count="0" type="stmt"/>
        <line num="997" count="0" type="stmt"/>
        <line num="1000" count="0" type="cond" truecount="0" falsecount="2"/>
        <line num="1002" count="0" type="stmt"/>
        <line num="1006" count="0" type="stmt"/>
        <line num="1010" count="0" type="stmt"/>
        <line num="1011" count="0" type="stmt"/>
        <line num="1013" count="0" type="stmt"/>
        <line num="1016" count="0" type="cond" truecount="0" falsecount="2"/>
        <line num="1017" count="0" type="stmt"/>
        <line num="1025" count="0" type="cond" truecount="0" falsecount="2"/>
        <line num="1026" count="0" type="stmt"/>
        <line num="1032" count="0" type="stmt"/>
        <line num="1040" count="0" type="stmt"/>
        <line num="1043" count="0" type="stmt"/>
        <line num="1046" count="0" type="stmt"/>
        <line num="1049" count="0" type="stmt"/>
        <line num="1055" count="0" type="stmt"/>
        <line num="1058" count="0" type="stmt"/>
        <line num="1061" count="0" type="stmt"/>
        <line num="1067" count="0" type="stmt"/>
        <line num="1070" count="0" type="stmt"/>
        <line num="1085" count="1" type="stmt"/>
        <line num="1088" count="0" type="stmt"/>
        <line num="1091" count="0" type="stmt"/>
        <line num="1092" count="0" type="stmt"/>
        <line num="1093" count="0" type="stmt"/>
        <line num="1095" count="0" type="stmt"/>
        <line num="1096" count="0" type="stmt"/>
        <line num="1101" count="0" type="cond" truecount="0" falsecount="7"/>
        <line num="1112" count="0" type="stmt"/>
        <line num="1113" count="0" type="stmt"/>
        <line num="1115" count="0" type="stmt"/>
        <line num="1121" count="0" type="stmt"/>
        <line num="1124" count="0" type="stmt"/>
        <line num="1132" count="1" type="stmt"/>
        <line num="1135" count="1" type="stmt"/>
        <line num="1137" count="1" type="stmt"/>
        <line num="1138" count="1" type="stmt"/>
        <line num="1140" count="1" type="cond" truecount="1" falsecount="2"/>
        <line num="1146" count="0" type="stmt"/>
        <line num="1148" count="0" type="stmt"/>
        <line num="1149" count="0" type="stmt"/>
        <line num="1152" count="0" type="cond" truecount="0" falsecount="2"/>
        <line num="1154" count="0" type="stmt"/>
        <line num="1155" count="0" type="stmt"/>
        <line num="1157" count="0" type="stmt"/>
        <line num="1170" count="0" type="stmt"/>
        <line num="1172" count="0" type="stmt"/>
        <line num="1173" count="0" type="stmt"/>
        <line num="1175" count="0" type="stmt"/>
        <line num="1184" count="1" type="stmt"/>
        <line num="1187" count="0" type="stmt"/>
        <line num="1189" count="0" type="stmt"/>
        <line num="1193" count="0" type="stmt"/>
        <line num="1195" count="0" type="stmt"/>
        <line num="1197" count="0" type="stmt"/>
        <line num="1205" count="1" type="stmt"/>
        <line num="1208" count="0" type="stmt"/>
        <line num="1210" count="0" type="stmt"/>
        <line num="1215" count="0" type="stmt"/>
        <line num="1224" count="0" type="stmt"/>
        <line num="1225" count="0" type="stmt"/>
        <line num="1226" count="0" type="stmt"/>
        <line num="1227" count="0" type="stmt"/>
        <line num="1233" count="0" type="stmt"/>
        <line num="1236" count="0" type="stmt"/>
        <line num="1239" count="0" type="stmt"/>
        <line num="1241" count="0" type="stmt"/>
        <line num="1243" count="0" type="cond" truecount="0" falsecount="2"/>
        <line num="1244" count="0" type="stmt"/>
        <line num="1246" count="0" type="stmt"/>
        <line num="1249" count="0" type="stmt"/>
        <line num="1260" count="1" type="stmt"/>
        <line num="1263" count="1" type="stmt"/>
        <line num="1267" count="1" type="stmt"/>
        <line num="1269" count="1" type="stmt"/>
        <line num="1279" count="1" type="stmt"/>
        <line num="1282" count="1" type="stmt"/>
        <line num="1284" count="1" type="stmt"/>
        <line num="1285" count="1" type="cond" truecount="2" falsecount="0"/>
        <line num="1290" count="0" type="stmt"/>
        <line num="1292" count="0" type="stmt"/>
        <line num="1293" count="0" type="cond" truecount="0" falsecount="2"/>
        <line num="1294" count="0" type="stmt"/>
        <line num="1295" count="0" type="stmt"/>
        <line num="1296" count="0" type="stmt"/>
        <line num="1298" count="0" type="stmt"/>
        <line num="1300" count="0" type="stmt"/>
        <line num="1306" count="0" type="stmt"/>
        <line num="1307" count="0" type="stmt"/>
        <line num="1308" count="0" type="stmt"/>
        <line num="1309" count="0" type="stmt"/>
        <line num="1312" count="0" type="stmt"/>
        <line num="1314" count="0" type="stmt"/>
        <line num="1317" count="0" type="stmt"/>
        <line num="1320" count="0" type="stmt"/>
        <line num="1323" count="0" type="stmt"/>
        <line num="1325" count="0" type="stmt"/>
        <line num="1327" count="0" type="stmt"/>
        <line num="1339" count="1" type="stmt"/>
      </file>
      <file name="menuOptionIntents.js" path="/Users/etrichardson/Dropbox/Snapit and Alexa/Alexa/CarAssistant/the_car/lambda/custom/menuOptionIntents.js">
        <metrics statements="41" coveredstatements="20" conditionals="15" coveredconditionals="6" methods="8" coveredmethods="3"/>
        <line num="1" count="1" type="stmt"/>
        <line num="3" count="1" type="stmt"/>
        <line num="5" count="1" type="stmt"/>
        <line num="6" count="1" type="stmt"/>
        <line num="7" count="1" type="stmt"/>
        <line num="12" count="1" type="stmt"/>
        <line num="14" count="1" type="stmt"/>
        <line num="23" count="1" type="stmt"/>
        <line num="25" count="1" type="stmt"/>
        <line num="27" count="1" type="cond" truecount="2" falsecount="1"/>
        <line num="33" count="0" type="stmt"/>
        <line num="36" count="0" type="stmt"/>
        <line num="38" count="0" type="stmt"/>
        <line num="52" count="1" type="stmt"/>
        <line num="54" count="0" type="stmt"/>
        <line num="56" count="0" type="cond" truecount="0" falsecount="3"/>
        <line num="62" count="0" type="stmt"/>
        <line num="64" count="0" type="stmt"/>
        <line num="67" count="0" type="stmt"/>
        <line num="70" count="0" type="stmt"/>
        <line num="71" count="0" type="stmt"/>
        <line num="74" count="0" type="stmt"/>
        <line num="83" count="1" type="stmt"/>
        <line num="85" count="1" type="stmt"/>
        <line num="87" count="1" type="cond" truecount="2" falsecount="2"/>
        <line num="94" count="0" type="stmt"/>
        <line num="96" count="0" type="stmt"/>
        <line num="98" count="0" type="stmt"/>
        <line num="100" count="0" type="cond" truecount="0" falsecount="2"/>
        <line num="101" count="0" type="stmt"/>
        <line num="103" count="0" type="stmt"/>
        <line num="107" count="0" type="stmt"/>
        <line num="117" count="1" type="stmt"/>
        <line num="119" count="1" type="stmt"/>
        <line num="121" count="1" type="cond" truecount="2" falsecount="1"/>
        <line num="127" count="0" type="stmt"/>
        <line num="130" count="0" type="stmt"/>
        <line num="132" count="0" type="stmt"/>
        <line num="140" count="1" type="stmt"/>
        <line num="142" count="1" type="stmt"/>
        <line num="143" count="1" type="stmt"/>
      </file>
      <file name="util.js" path="/Users/etrichardson/Dropbox/Snapit and Alexa/Alexa/CarAssistant/the_car/lambda/custom/util.js">
        <metrics statements="283" coveredstatements="72" conditionals="66" coveredconditionals="12" methods="59" coveredmethods="7"/>
        <line num="1" count="1" type="stmt"/>
        <line num="2" count="1" type="stmt"/>
        <line num="3" count="1" type="stmt"/>
        <line num="4" count="1" type="stmt"/>
        <line num="5" count="1" type="stmt"/>
        <line num="6" count="1" type="stmt"/>
        <line num="7" count="1" type="stmt"/>
        <line num="8" count="1" type="stmt"/>
        <line num="9" count="1" type="stmt"/>
        <line num="11" count="1" type="stmt"/>
        <line num="14" count="1" type="stmt"/>
        <line num="17" count="1" type="stmt"/>
        <line num="21" count="1" type="stmt"/>
        <line num="25" count="1" type="stmt"/>
        <line num="27" count="1" type="stmt"/>
        <line num="31" count="1" type="stmt"/>
        <line num="33" count="0" type="stmt"/>
        <line num="34" count="0" type="stmt"/>
        <line num="39" count="0" type="stmt"/>
        <line num="40" count="0" type="stmt"/>
        <line num="45" count="1" type="stmt"/>
        <line num="47" count="0" type="stmt"/>
        <line num="49" count="0" type="stmt"/>
        <line num="55" count="0" type="stmt"/>
        <line num="66" count="1" type="stmt"/>
        <line num="68" count="0" type="stmt"/>
        <line num="70" count="0" type="stmt"/>
        <line num="71" count="0" type="stmt"/>
        <line num="72" count="0" type="stmt"/>
        <line num="74" count="0" type="stmt"/>
        <line num="76" count="0" type="stmt"/>
        <line num="100" count="0" type="stmt"/>
        <line num="103" count="0" type="stmt"/>
        <line num="106" count="0" type="stmt"/>
        <line num="108" count="0" type="stmt"/>
        <line num="125" count="1" type="stmt"/>
        <line num="127" count="0" type="stmt"/>
        <line num="142" count="0" type="stmt"/>
        <line num="143" count="0" type="stmt"/>
        <line num="146" count="0" type="stmt"/>
        <line num="148" count="0" type="stmt"/>
        <line num="149" count="0" type="cond" truecount="0" falsecount="2"/>
        <line num="150" count="0" type="stmt"/>
        <line num="151" count="0" type="stmt"/>
        <line num="154" count="0" type="stmt"/>
        <line num="166" count="1" type="stmt"/>
        <line num="167" count="0" type="stmt"/>
        <line num="169" count="0" type="stmt"/>
        <line num="174" count="0" type="stmt"/>
        <line num="185" count="0" type="stmt"/>
        <line num="187" count="0" type="stmt"/>
        <line num="189" count="0" type="stmt"/>
        <line num="190" count="0" type="cond" truecount="0" falsecount="2"/>
        <line num="191" count="0" type="stmt"/>
        <line num="192" count="0" type="stmt"/>
        <line num="194" count="0" type="stmt"/>
        <line num="195" count="0" type="stmt"/>
        <line num="197" count="0" type="cond" truecount="0" falsecount="2"/>
        <line num="198" count="0" type="stmt"/>
        <line num="199" count="0" type="stmt"/>
        <line num="200" count="0" type="stmt"/>
        <line num="203" count="0" type="stmt"/>
        <line num="205" count="0" type="stmt"/>
        <line num="219" count="1" type="stmt"/>
        <line num="220" count="0" type="stmt"/>
        <line num="223" count="0" type="stmt"/>
        <line num="230" count="0" type="stmt"/>
        <line num="232" count="0" type="stmt"/>
        <line num="234" count="0" type="stmt"/>
        <line num="235" count="0" type="cond" truecount="0" falsecount="2"/>
        <line num="236" count="0" type="stmt"/>
        <line num="237" count="0" type="stmt"/>
        <line num="239" count="0" type="stmt"/>
        <line num="240" count="0" type="stmt"/>
        <line num="241" count="0" type="stmt"/>
        <line num="251" count="0" type="stmt"/>
        <line num="253" count="0" type="stmt"/>
        <line num="254" count="0" type="stmt"/>
        <line num="255" count="0" type="stmt"/>
        <line num="257" count="0" type="cond" truecount="0" falsecount="7"/>
        <line num="262" count="0" type="cond" truecount="0" falsecount="3"/>
        <line num="264" count="0" type="stmt"/>
        <line num="272" count="0" type="stmt"/>
        <line num="274" count="0" type="stmt"/>
        <line num="282" count="0" type="stmt"/>
        <line num="284" count="0" type="stmt"/>
        <line num="287" count="0" type="stmt"/>
        <line num="297" count="0" type="stmt"/>
        <line num="303" count="1" type="stmt"/>
        <line num="305" count="1" type="cond" truecount="1" falsecount="1"/>
        <line num="306" count="1" type="cond" truecount="3" falsecount="1"/>
        <line num="307" count="0" type="stmt"/>
        <line num="308" count="0" type="stmt"/>
        <line num="309" count="0" type="stmt"/>
        <line num="310" count="0" type="stmt"/>
        <line num="311" count="0" type="stmt"/>
        <line num="313" count="0" type="stmt"/>
        <line num="316" count="0" type="stmt"/>
        <line num="325" count="1" type="stmt"/>
        <line num="327" count="2" type="cond" truecount="2" falsecount="0"/>
        <line num="328" count="1" type="stmt"/>
        <line num="329" count="1" type="stmt"/>
        <line num="331" count="1" type="cond" truecount="1" falsecount="1"/>
        <line num="332" count="1" type="cond" truecount="1" falsecount="1"/>
        <line num="333" count="1" type="stmt"/>
        <line num="334" count="1" type="stmt"/>
        <line num="335" count="1" type="stmt"/>
        <line num="336" count="1" type="stmt"/>
        <line num="339" count="0" type="stmt"/>
        <line num="351" count="1" type="stmt"/>
        <line num="352" count="0" type="stmt"/>
        <line num="355" count="0" type="stmt"/>
        <line num="360" count="0" type="stmt"/>
        <line num="363" count="0" type="stmt"/>
        <line num="381" count="0" type="stmt"/>
        <line num="384" count="0" type="stmt"/>
        <line num="385" count="0" type="cond" truecount="0" falsecount="2"/>
        <line num="386" count="0" type="stmt"/>
        <line num="387" count="0" type="stmt"/>
        <line num="388" count="0" type="stmt"/>
        <line num="390" count="0" type="stmt"/>
        <line num="391" count="0" type="cond" truecount="0" falsecount="2"/>
        <line num="392" count="0" type="stmt"/>
        <line num="394" count="0" type="stmt"/>
        <line num="395" count="0" type="stmt"/>
        <line num="396" count="0" type="stmt"/>
        <line num="399" count="0" type="stmt"/>
        <line num="411" count="1" type="stmt"/>
        <line num="412" count="0" type="stmt"/>
        <line num="414" count="0" type="stmt"/>
        <line num="417" count="0" type="stmt"/>
        <line num="432" count="0" type="stmt"/>
        <line num="435" count="0" type="stmt"/>
        <line num="436" count="0" type="cond" truecount="0" falsecount="2"/>
        <line num="437" count="0" type="stmt"/>
        <line num="438" count="0" type="stmt"/>
        <line num="439" count="0" type="stmt"/>
        <line num="441" count="0" type="stmt"/>
        <line num="442" count="0" type="cond" truecount="0" falsecount="2"/>
        <line num="443" count="0" type="stmt"/>
        <line num="444" count="0" type="stmt"/>
        <line num="447" count="0" type="stmt"/>
        <line num="456" count="1" type="stmt"/>
        <line num="460" count="2" type="cond" truecount="2" falsecount="0"/>
        <line num="463" count="1" type="stmt"/>
        <line num="465" count="1" type="stmt"/>
        <line num="468" count="1" type="cond" truecount="1" falsecount="1"/>
        <line num="470" count="1" type="cond" truecount="1" falsecount="1"/>
        <line num="471" count="1" type="stmt"/>
        <line num="473" count="1" type="stmt"/>
        <line num="475" count="1" type="stmt"/>
        <line num="478" count="1" type="stmt"/>
        <line num="480" count="1" type="stmt"/>
        <line num="481" count="1" type="stmt"/>
        <line num="483" count="1" type="stmt"/>
        <line num="486" count="0" type="stmt"/>
        <line num="499" count="1" type="stmt"/>
        <line num="501" count="0" type="stmt"/>
        <line num="502" count="0" type="stmt"/>
        <line num="504" count="0" type="stmt"/>
        <line num="507" count="0" type="stmt"/>
        <line num="512" count="0" type="stmt"/>
        <line num="515" count="0" type="stmt"/>
        <line num="527" count="0" type="stmt"/>
        <line num="529" count="0" type="stmt"/>
        <line num="530" count="0" type="cond" truecount="0" falsecount="2"/>
        <line num="531" count="0" type="stmt"/>
        <line num="532" count="0" type="stmt"/>
        <line num="534" count="0" type="stmt"/>
        <line num="535" count="0" type="stmt"/>
        <line num="537" count="0" type="cond" truecount="0" falsecount="2"/>
        <line num="538" count="0" type="stmt"/>
        <line num="540" count="0" type="stmt"/>
        <line num="543" count="0" type="stmt"/>
        <line num="544" count="0" type="cond" truecount="0" falsecount="2"/>
        <line num="545" count="0" type="stmt"/>
        <line num="547" count="0" type="stmt"/>
        <line num="550" count="0" type="stmt"/>
        <line num="552" count="0" type="stmt"/>
        <line num="555" count="0" type="stmt"/>
        <line num="565" count="1" type="stmt"/>
        <line num="567" count="0" type="stmt"/>
        <line num="568" count="0" type="stmt"/>
        <line num="572" count="0" type="stmt"/>
        <line num="574" count="0" type="stmt"/>
        <line num="577" count="0" type="stmt"/>
        <line num="580" count="0" type="stmt"/>
        <line num="583" count="0" type="cond" truecount="0" falsecount="2"/>
        <line num="584" count="0" type="stmt"/>
        <line num="586" count="0" type="stmt"/>
        <line num="589" count="0" type="stmt"/>
        <line num="593" count="1" type="stmt"/>
        <line num="594" count="0" type="stmt"/>
        <line num="595" count="0" type="stmt"/>
        <line num="597" count="0" type="stmt"/>
        <line num="599" count="0" type="stmt"/>
        <line num="601" count="0" type="stmt"/>
        <line num="613" count="0" type="stmt"/>
        <line num="615" count="0" type="stmt"/>
        <line num="616" count="0" type="cond" truecount="0" falsecount="2"/>
        <line num="617" count="0" type="stmt"/>
        <line num="618" count="0" type="stmt"/>
        <line num="620" count="0" type="stmt"/>
        <line num="621" count="0" type="cond" truecount="0" falsecount="2"/>
        <line num="622" count="0" type="stmt"/>
        <line num="623" count="0" type="stmt"/>
        <line num="626" count="0" type="stmt"/>
        <line num="628" count="0" type="stmt"/>
        <line num="631" count="0" type="stmt"/>
        <line num="634" count="0" type="stmt"/>
        <line num="649" count="1" type="stmt"/>
        <line num="651" count="0" type="stmt"/>
        <line num="652" count="0" type="stmt"/>
        <line num="654" count="0" type="stmt"/>
        <line num="655" count="0" type="stmt"/>
        <line num="656" count="0" type="stmt"/>
        <line num="659" count="0" type="stmt"/>
        <line num="670" count="0" type="stmt"/>
        <line num="681" count="1" type="stmt"/>
        <line num="683" count="0" type="stmt"/>
        <line num="684" count="0" type="stmt"/>
        <line num="685" count="0" type="stmt"/>
        <line num="687" count="0" type="stmt"/>
        <line num="689" count="0" type="stmt"/>
        <line num="701" count="0" type="stmt"/>
        <line num="703" count="0" type="stmt"/>
        <line num="704" count="0" type="cond" truecount="0" falsecount="2"/>
        <line num="705" count="0" type="stmt"/>
        <line num="706" count="0" type="stmt"/>
        <line num="708" count="0" type="stmt"/>
        <line num="709" count="0" type="cond" truecount="0" falsecount="2"/>
        <line num="710" count="0" type="stmt"/>
        <line num="711" count="0" type="stmt"/>
        <line num="713" count="0" type="stmt"/>
        <line num="715" count="0" type="stmt"/>
        <line num="717" count="0" type="stmt"/>
        <line num="718" count="0" type="stmt"/>
        <line num="721" count="0" type="stmt"/>
        <line num="724" count="0" type="stmt"/>
        <line num="725" count="0" type="stmt"/>
        <line num="727" count="0" type="stmt"/>
        <line num="730" count="0" type="stmt"/>
        <line num="747" count="1" type="stmt"/>
        <line num="749" count="0" type="stmt"/>
        <line num="750" count="0" type="stmt"/>
        <line num="752" count="0" type="stmt"/>
        <line num="755" count="0" type="stmt"/>
        <line num="760" count="0" type="stmt"/>
        <line num="763" count="0" type="stmt"/>
        <line num="772" count="0" type="stmt"/>
        <line num="774" count="0" type="stmt"/>
        <line num="775" count="0" type="cond" truecount="0" falsecount="2"/>
        <line num="776" count="0" type="stmt"/>
        <line num="777" count="0" type="stmt"/>
        <line num="779" count="0" type="stmt"/>
        <line num="780" count="0" type="stmt"/>
        <line num="782" count="0" type="cond" truecount="0" falsecount="2"/>
        <line num="783" count="0" type="stmt"/>
        <line num="785" count="0" type="stmt"/>
        <line num="788" count="0" type="stmt"/>
        <line num="789" count="0" type="cond" truecount="0" falsecount="2"/>
        <line num="790" count="0" type="stmt"/>
        <line num="792" count="0" type="stmt"/>
        <line num="795" count="0" type="stmt"/>
        <line num="797" count="0" type="stmt"/>
        <line num="800" count="0" type="stmt"/>
        <line num="812" count="1" type="stmt"/>
        <line num="813" count="1" type="stmt"/>
        <line num="814" count="1" type="stmt"/>
        <line num="815" count="1" type="stmt"/>
        <line num="816" count="1" type="stmt"/>
        <line num="817" count="1" type="stmt"/>
        <line num="818" count="1" type="stmt"/>
        <line num="819" count="1" type="stmt"/>
        <line num="820" count="1" type="stmt"/>
        <line num="821" count="1" type="stmt"/>
        <line num="822" count="1" type="stmt"/>
        <line num="823" count="1" type="stmt"/>
        <line num="824" count="1" type="stmt"/>
        <line num="825" count="1" type="stmt"/>
        <line num="826" count="1" type="stmt"/>
        <line num="827" count="1" type="stmt"/>
        <line num="828" count="1" type="stmt"/>
      </file>
    </package>
    <package name="custom.constants">
      <metrics statements="1" coveredstatements="1" conditionals="0" coveredconditionals="0" methods="0" coveredmethods="0"/>
      <file name="general.js" path="/Users/etrichardson/Dropbox/Snapit and Alexa/Alexa/CarAssistant/the_car/lambda/custom/constants/general.js">
        <metrics statements="1" coveredstatements="1" conditionals="0" coveredconditionals="0" methods="0" coveredmethods="0"/>
        <line num="1" count="1" type="stmt"/>
      </file>
    </package>
    <package name="custom.interceptors">
      <metrics statements="5" coveredstatements="0" conditionals="0" coveredconditionals="0" methods="3" coveredmethods="0"/>
      <file name="request.js" path="/Users/etrichardson/Dropbox/Snapit and Alexa/Alexa/CarAssistant/the_car/lambda/custom/interceptors/request.js">
        <metrics statements="5" coveredstatements="0" conditionals="0" coveredconditionals="0" methods="3" coveredmethods="0"/>
        <line num="2" count="0" type="stmt"/>
        <line num="6" count="0" type="stmt"/>
        <line num="8" count="0" type="stmt"/>
        <line num="12" count="0" type="stmt"/>
        <line num="17" count="0" type="stmt"/>
      </file>
      <file name="response.js" path="/Users/etrichardson/Dropbox/Snapit and Alexa/Alexa/CarAssistant/the_car/lambda/custom/interceptors/response.js">
        <metrics statements="0" coveredstatements="0" conditionals="0" coveredconditionals="0" methods="0" coveredmethods="0"/>
      </file>
    </package>
  </project>
</coverage>
