{"/Users/etrichardson/Dropbox/Snapit and Alexa/Alexa/CarAssistant/the_car/lambda/custom/helperFunctions.js": {"path":"/Users/etrichardson/Dropbox/Snapit and Alexa/Alexa/CarAssistant/the_car/lambda/custom/helperFunctions.js","statementMap":{"0":{"start":{"line":7,"column":27},"end":{"line":30,"column":1}},"1":{"start":{"line":9,"column":28},"end":{"line":9,"column":56}},"2":{"start":{"line":10,"column":35},"end":{"line":10,"column":96}},"3":{"start":{"line":12,"column":22},"end":{"line":12,"column":55}},"4":{"start":{"line":13,"column":21},"end":{"line":13,"column":63}},"5":{"start":{"line":14,"column":18},"end":{"line":14,"column":63}},"6":{"start":{"line":17,"column":22},"end":{"line":25,"column":5}},"7":{"start":{"line":28,"column":4},"end":{"line":28,"column":70}},"8":{"start":{"line":38,"column":28},"end":{"line":40,"column":1}},"9":{"start":{"line":39,"column":4},"end":{"line":39,"column":61}},"10":{"start":{"line":46,"column":0},"end":{"line":46,"column":52}},"11":{"start":{"line":47,"column":0},"end":{"line":47,"column":54}}},"fnMap":{"0":{"name":"(anonymous_0)","decl":{"start":{"line":7,"column":27},"end":{"line":7,"column":28}},"loc":{"start":{"line":7,"column":59},"end":{"line":30,"column":1}},"line":7},"1":{"name":"(anonymous_1)","decl":{"start":{"line":38,"column":28},"end":{"line":38,"column":29}},"loc":{"start":{"line":38,"column":42},"end":{"line":40,"column":1}},"line":38}},"branchMap":{},"s":{"0":0,"1":0,"2":0,"3":0,"4":0,"5":0,"6":0,"7":0,"8":0,"9":0,"10":0,"11":0},"f":{"0":0,"1":0},"b":{},"hash":"bf6b76f5b5a420007e5a117ae8dc80addbc84361"}
,"/Users/etrichardson/Dropbox/Snapit and Alexa/Alexa/CarAssistant/the_car/lambda/custom/index.js": {"path":"/Users/etrichardson/Dropbox/Snapit and Alexa/Alexa/CarAssistant/the_car/lambda/custom/index.js","statementMap":{"0":{"start":{"line":4,"column":14},"end":{"line":4,"column":32}},"1":{"start":{"line":6,"column":8},"end":{"line":6,"column":25}},"2":{"start":{"line":8,"column":23},"end":{"line":8,"column":35}},"3":{"start":{"line":9,"column":24},"end":{"line":9,"column":58}},"4":{"start":{"line":11,"column":22},"end":{"line":11,"column":46}},"5":{"start":{"line":12,"column":16},"end":{"line":12,"column":62}},"6":{"start":{"line":13,"column":14},"end":{"line":13,"column":46}},"7":{"start":{"line":15,"column":14},"end":{"line":15,"column":31}},"8":{"start":{"line":16,"column":25},"end":{"line":16,"column":55}},"9":{"start":{"line":17,"column":15},"end":{"line":17,"column":43}},"10":{"start":{"line":18,"column":33},"end":{"line":18,"column":63}},"11":{"start":{"line":23,"column":4},"end":{"line":23,"column":51}},"12":{"start":{"line":25,"column":0},"end":{"line":28,"column":3}},"13":{"start":{"line":32,"column":4},"end":{"line":39,"column":5}},"14":{"start":{"line":38,"column":8},"end":{"line":38,"column":72}},"15":{"start":{"line":40,"column":4},"end":{"line":40,"column":57}},"16":{"start":{"line":83,"column":30},"end":{"line":211,"column":1}},"17":{"start":{"line":86,"column":8},"end":{"line":86,"column":75}},"18":{"start":{"line":87,"column":8},"end":{"line":87,"column":83}},"19":{"start":{"line":93,"column":8},"end":{"line":94,"column":74}},"20":{"start":{"line":104,"column":34},"end":{"line":104,"column":64}},"21":{"start":{"line":105,"column":37},"end":{"line":105,"column":86}},"22":{"start":{"line":106,"column":32},"end":{"line":106,"column":72}},"23":{"start":{"line":115,"column":24},"end":{"line":115,"column":83}},"24":{"start":{"line":116,"column":32},"end":{"line":116,"column":76}},"25":{"start":{"line":118,"column":8},"end":{"line":118,"column":90}},"26":{"start":{"line":120,"column":8},"end":{"line":203,"column":9}},"27":{"start":{"line":122,"column":12},"end":{"line":122,"column":82}},"28":{"start":{"line":124,"column":31},"end":{"line":124,"column":97}},"29":{"start":{"line":125,"column":12},"end":{"line":125,"column":76}},"30":{"start":{"line":127,"column":12},"end":{"line":127,"column":55}},"31":{"start":{"line":128,"column":12},"end":{"line":128,"column":57}},"32":{"start":{"line":130,"column":12},"end":{"line":130,"column":58}},"33":{"start":{"line":131,"column":12},"end":{"line":131,"column":60}},"34":{"start":{"line":133,"column":12},"end":{"line":133,"column":31}},"35":{"start":{"line":136,"column":28},"end":{"line":136,"column":71}},"36":{"start":{"line":137,"column":12},"end":{"line":137,"column":31}},"37":{"start":{"line":138,"column":22},"end":{"line":138,"column":68}},"38":{"start":{"line":139,"column":12},"end":{"line":139,"column":31}},"39":{"start":{"line":140,"column":12},"end":{"line":140,"column":39}},"40":{"start":{"line":142,"column":12},"end":{"line":142,"column":65}},"41":{"start":{"line":145,"column":12},"end":{"line":145,"column":78}},"42":{"start":{"line":146,"column":12},"end":{"line":146,"column":80}},"43":{"start":{"line":147,"column":12},"end":{"line":147,"column":57}},"44":{"start":{"line":150,"column":12},"end":{"line":150,"column":70}},"45":{"start":{"line":153,"column":12},"end":{"line":153,"column":76}},"46":{"start":{"line":154,"column":12},"end":{"line":154,"column":57}},"47":{"start":{"line":156,"column":12},"end":{"line":156,"column":90}},"48":{"start":{"line":159,"column":12},"end":{"line":163,"column":31}},"49":{"start":{"line":167,"column":12},"end":{"line":167,"column":86}},"50":{"start":{"line":171,"column":12},"end":{"line":171,"column":56}},"51":{"start":{"line":173,"column":12},"end":{"line":173,"column":98}},"52":{"start":{"line":174,"column":12},"end":{"line":174,"column":98}},"53":{"start":{"line":186,"column":12},"end":{"line":186,"column":30}},"54":{"start":{"line":189,"column":12},"end":{"line":196,"column":31}},"55":{"start":{"line":205,"column":8},"end":{"line":209,"column":27}},"56":{"start":{"line":218,"column":40},"end":{"line":243,"column":1}},"57":{"start":{"line":221,"column":8},"end":{"line":221,"column":136}},"58":{"start":{"line":223,"column":24},"end":{"line":223,"column":60}},"59":{"start":{"line":225,"column":8},"end":{"line":227,"column":45}},"60":{"start":{"line":232,"column":24},"end":{"line":232,"column":60}},"61":{"start":{"line":233,"column":32},"end":{"line":233,"column":60}},"62":{"start":{"line":235,"column":8},"end":{"line":235,"column":60}},"63":{"start":{"line":237,"column":8},"end":{"line":241,"column":27}},"64":{"start":{"line":250,"column":50},"end":{"line":294,"column":1}},"65":{"start":{"line":253,"column":8},"end":{"line":253,"column":146}},"66":{"start":{"line":255,"column":24},"end":{"line":255,"column":60}},"67":{"start":{"line":257,"column":8},"end":{"line":259,"column":50}},"68":{"start":{"line":264,"column":24},"end":{"line":264,"column":60}},"69":{"start":{"line":265,"column":32},"end":{"line":265,"column":60}},"70":{"start":{"line":266,"column":34},"end":{"line":266,"column":64}},"71":{"start":{"line":268,"column":35},"end":{"line":268,"column":84}},"72":{"start":{"line":269,"column":8},"end":{"line":269,"column":87}},"73":{"start":{"line":271,"column":25},"end":{"line":271,"column":66}},"74":{"start":{"line":272,"column":8},"end":{"line":272,"column":63}},"75":{"start":{"line":275,"column":24},"end":{"line":275,"column":83}},"76":{"start":{"line":276,"column":32},"end":{"line":276,"column":76}},"77":{"start":{"line":277,"column":27},"end":{"line":277,"column":93}},"78":{"start":{"line":278,"column":8},"end":{"line":278,"column":72}},"79":{"start":{"line":281,"column":8},"end":{"line":281,"column":69}},"80":{"start":{"line":283,"column":8},"end":{"line":283,"column":86}},"81":{"start":{"line":284,"column":8},"end":{"line":284,"column":74}},"82":{"start":{"line":285,"column":8},"end":{"line":285,"column":76}},"83":{"start":{"line":287,"column":8},"end":{"line":287,"column":66}},"84":{"start":{"line":289,"column":8},"end":{"line":292,"column":27}},"85":{"start":{"line":300,"column":45},"end":{"line":319,"column":1}},"86":{"start":{"line":303,"column":8},"end":{"line":303,"column":137}},"87":{"start":{"line":305,"column":24},"end":{"line":305,"column":60}},"88":{"start":{"line":307,"column":8},"end":{"line":309,"column":48}},"89":{"start":{"line":313,"column":8},"end":{"line":313,"column":66}},"90":{"start":{"line":315,"column":8},"end":{"line":317,"column":27}},"91":{"start":{"line":326,"column":44},"end":{"line":386,"column":1}},"92":{"start":{"line":329,"column":8},"end":{"line":329,"column":70}},"93":{"start":{"line":331,"column":24},"end":{"line":331,"column":60}},"94":{"start":{"line":332,"column":8},"end":{"line":334,"column":48}},"95":{"start":{"line":338,"column":8},"end":{"line":338,"column":64}},"96":{"start":{"line":340,"column":24},"end":{"line":340,"column":60}},"97":{"start":{"line":341,"column":32},"end":{"line":341,"column":60}},"98":{"start":{"line":343,"column":24},"end":{"line":343,"column":83}},"99":{"start":{"line":345,"column":25},"end":{"line":345,"column":66}},"100":{"start":{"line":346,"column":8},"end":{"line":346,"column":63}},"101":{"start":{"line":350,"column":27},"end":{"line":351,"column":38}},"102":{"start":{"line":353,"column":8},"end":{"line":353,"column":72}},"103":{"start":{"line":355,"column":8},"end":{"line":355,"column":57}},"104":{"start":{"line":357,"column":25},"end":{"line":357,"column":81}},"105":{"start":{"line":360,"column":8},"end":{"line":360,"column":72}},"106":{"start":{"line":363,"column":8},"end":{"line":363,"column":40}},"107":{"start":{"line":364,"column":8},"end":{"line":364,"column":47}},"108":{"start":{"line":365,"column":8},"end":{"line":365,"column":37}},"109":{"start":{"line":367,"column":8},"end":{"line":367,"column":108}},"110":{"start":{"line":369,"column":8},"end":{"line":369,"column":72}},"111":{"start":{"line":371,"column":8},"end":{"line":371,"column":56}},"112":{"start":{"line":374,"column":8},"end":{"line":374,"column":81}},"113":{"start":{"line":375,"column":8},"end":{"line":375,"column":74}},"114":{"start":{"line":376,"column":8},"end":{"line":376,"column":76}},"115":{"start":{"line":378,"column":8},"end":{"line":378,"column":50}},"116":{"start":{"line":381,"column":8},"end":{"line":384,"column":27}},"117":{"start":{"line":394,"column":30},"end":{"line":446,"column":1}},"118":{"start":{"line":396,"column":32},"end":{"line":396,"column":85}},"119":{"start":{"line":398,"column":24},"end":{"line":398,"column":60}},"120":{"start":{"line":399,"column":8},"end":{"line":400,"column":53}},"121":{"start":{"line":404,"column":8},"end":{"line":404,"column":50}},"122":{"start":{"line":405,"column":35},"end":{"line":405,"column":65}},"123":{"start":{"line":406,"column":38},"end":{"line":406,"column":88}},"124":{"start":{"line":407,"column":32},"end":{"line":407,"column":73}},"125":{"start":{"line":409,"column":29},"end":{"line":409,"column":77}},"126":{"start":{"line":411,"column":25},"end":{"line":411,"column":56}},"127":{"start":{"line":413,"column":8},"end":{"line":413,"column":87}},"128":{"start":{"line":415,"column":23},"end":{"line":415,"column":72}},"129":{"start":{"line":417,"column":8},"end":{"line":435,"column":9}},"130":{"start":{"line":418,"column":12},"end":{"line":422,"column":50}},"131":{"start":{"line":425,"column":12},"end":{"line":425,"column":51}},"132":{"start":{"line":428,"column":28},"end":{"line":428,"column":87}},"133":{"start":{"line":429,"column":36},"end":{"line":429,"column":80}},"134":{"start":{"line":430,"column":31},"end":{"line":430,"column":97}},"135":{"start":{"line":431,"column":12},"end":{"line":431,"column":76}},"136":{"start":{"line":433,"column":12},"end":{"line":433,"column":78}},"137":{"start":{"line":434,"column":12},"end":{"line":434,"column":80}},"138":{"start":{"line":437,"column":8},"end":{"line":437,"column":57}},"139":{"start":{"line":439,"column":8},"end":{"line":442,"column":27}},"140":{"start":{"line":453,"column":34},"end":{"line":476,"column":1}},"141":{"start":{"line":456,"column":8},"end":{"line":456,"column":123}},"142":{"start":{"line":458,"column":24},"end":{"line":458,"column":60}},"143":{"start":{"line":460,"column":8},"end":{"line":462,"column":48}},"144":{"start":{"line":467,"column":8},"end":{"line":467,"column":54}},"145":{"start":{"line":469,"column":8},"end":{"line":469,"column":484}},"146":{"start":{"line":471,"column":8},"end":{"line":474,"column":27}},"147":{"start":{"line":479,"column":29},"end":{"line":557,"column":1}},"148":{"start":{"line":481,"column":24},"end":{"line":481,"column":60}},"149":{"start":{"line":483,"column":8},"end":{"line":495,"column":48}},"150":{"start":{"line":499,"column":35},"end":{"line":499,"column":65}},"151":{"start":{"line":500,"column":38},"end":{"line":500,"column":88}},"152":{"start":{"line":501,"column":32},"end":{"line":501,"column":73}},"153":{"start":{"line":503,"column":8},"end":{"line":503,"column":95}},"154":{"start":{"line":505,"column":29},"end":{"line":505,"column":77}},"155":{"start":{"line":507,"column":25},"end":{"line":507,"column":56}},"156":{"start":{"line":509,"column":8},"end":{"line":509,"column":87}},"157":{"start":{"line":512,"column":23},"end":{"line":512,"column":72}},"158":{"start":{"line":514,"column":8},"end":{"line":533,"column":9}},"159":{"start":{"line":515,"column":12},"end":{"line":520,"column":50}},"160":{"start":{"line":522,"column":12},"end":{"line":532,"column":13}},"161":{"start":{"line":523,"column":16},"end":{"line":525,"column":54}},"162":{"start":{"line":528,"column":16},"end":{"line":531,"column":54}},"163":{"start":{"line":536,"column":8},"end":{"line":536,"column":78}},"164":{"start":{"line":539,"column":8},"end":{"line":539,"column":64}},"165":{"start":{"line":542,"column":8},"end":{"line":542,"column":67}},"166":{"start":{"line":545,"column":8},"end":{"line":545,"column":57}},"167":{"start":{"line":548,"column":8},"end":{"line":548,"column":62}},"168":{"start":{"line":551,"column":8},"end":{"line":554,"column":27}},"169":{"start":{"line":562,"column":38},"end":{"line":600,"column":1}},"170":{"start":{"line":564,"column":24},"end":{"line":564,"column":60}},"171":{"start":{"line":566,"column":8},"end":{"line":568,"column":48}},"172":{"start":{"line":572,"column":8},"end":{"line":572,"column":58}},"173":{"start":{"line":574,"column":34},"end":{"line":574,"column":64}},"174":{"start":{"line":575,"column":35},"end":{"line":575,"column":84}},"175":{"start":{"line":577,"column":8},"end":{"line":577,"column":87}},"176":{"start":{"line":579,"column":8},"end":{"line":579,"column":70}},"177":{"start":{"line":581,"column":8},"end":{"line":581,"column":71}},"178":{"start":{"line":584,"column":8},"end":{"line":584,"column":82}},"179":{"start":{"line":586,"column":8},"end":{"line":586,"column":71}},"180":{"start":{"line":587,"column":8},"end":{"line":587,"column":84}},"181":{"start":{"line":589,"column":8},"end":{"line":589,"column":71}},"182":{"start":{"line":591,"column":8},"end":{"line":591,"column":64}},"183":{"start":{"line":594,"column":8},"end":{"line":597,"column":27}},"184":{"start":{"line":607,"column":35},"end":{"line":632,"column":1}},"185":{"start":{"line":609,"column":24},"end":{"line":609,"column":60}},"186":{"start":{"line":611,"column":8},"end":{"line":613,"column":48}},"187":{"start":{"line":617,"column":8},"end":{"line":617,"column":55}},"188":{"start":{"line":619,"column":25},"end":{"line":619,"column":95}},"189":{"start":{"line":620,"column":8},"end":{"line":620,"column":63}},"190":{"start":{"line":622,"column":8},"end":{"line":622,"column":92}},"191":{"start":{"line":624,"column":8},"end":{"line":624,"column":67}},"192":{"start":{"line":626,"column":8},"end":{"line":629,"column":27}},"193":{"start":{"line":639,"column":26},"end":{"line":652,"column":1}},"194":{"start":{"line":641,"column":8},"end":{"line":642,"column":85}},"195":{"start":{"line":645,"column":28},"end":{"line":645,"column":70}},"196":{"start":{"line":647,"column":8},"end":{"line":650,"column":27}},"197":{"start":{"line":655,"column":24},"end":{"line":743,"column":1}},"198":{"start":{"line":658,"column":34},"end":{"line":658,"column":64}},"199":{"start":{"line":659,"column":32},"end":{"line":659,"column":72}},"200":{"start":{"line":660,"column":20},"end":{"line":660,"column":22}},"201":{"start":{"line":662,"column":8},"end":{"line":666,"column":9}},"202":{"start":{"line":663,"column":12},"end":{"line":663,"column":43}},"203":{"start":{"line":668,"column":8},"end":{"line":670,"column":88}},"204":{"start":{"line":675,"column":35},"end":{"line":675,"column":65}},"205":{"start":{"line":676,"column":38},"end":{"line":676,"column":88}},"206":{"start":{"line":677,"column":33},"end":{"line":677,"column":74}},"207":{"start":{"line":678,"column":25},"end":{"line":678,"column":56}},"208":{"start":{"line":680,"column":26},"end":{"line":680,"column":55}},"209":{"start":{"line":683,"column":8},"end":{"line":730,"column":9}},"210":{"start":{"line":685,"column":27},"end":{"line":685,"column":75}},"211":{"start":{"line":687,"column":12},"end":{"line":707,"column":13}},"212":{"start":{"line":688,"column":16},"end":{"line":693,"column":54}},"213":{"start":{"line":696,"column":16},"end":{"line":706,"column":17}},"214":{"start":{"line":697,"column":20},"end":{"line":699,"column":58}},"215":{"start":{"line":702,"column":20},"end":{"line":705,"column":58}},"216":{"start":{"line":710,"column":12},"end":{"line":710,"column":83}},"217":{"start":{"line":713,"column":12},"end":{"line":713,"column":69}},"218":{"start":{"line":716,"column":12},"end":{"line":716,"column":61}},"219":{"start":{"line":719,"column":12},"end":{"line":719,"column":65}},"220":{"start":{"line":724,"column":12},"end":{"line":724,"column":91}},"221":{"start":{"line":727,"column":12},"end":{"line":727,"column":72}},"222":{"start":{"line":733,"column":8},"end":{"line":733,"column":68}},"223":{"start":{"line":736,"column":8},"end":{"line":739,"column":27}},"224":{"start":{"line":751,"column":26},"end":{"line":794,"column":1}},"225":{"start":{"line":754,"column":34},"end":{"line":754,"column":64}},"226":{"start":{"line":755,"column":32},"end":{"line":755,"column":72}},"227":{"start":{"line":756,"column":20},"end":{"line":756,"column":22}},"228":{"start":{"line":758,"column":8},"end":{"line":762,"column":9}},"229":{"start":{"line":759,"column":12},"end":{"line":759,"column":43}},"230":{"start":{"line":764,"column":8},"end":{"line":767,"column":90}},"231":{"start":{"line":772,"column":8},"end":{"line":772,"column":67}},"232":{"start":{"line":776,"column":8},"end":{"line":776,"column":109}},"233":{"start":{"line":778,"column":28},"end":{"line":778,"column":78}},"234":{"start":{"line":784,"column":8},"end":{"line":791,"column":27}},"235":{"start":{"line":796,"column":35},"end":{"line":824,"column":1}},"236":{"start":{"line":798,"column":8},"end":{"line":800,"column":90}},"237":{"start":{"line":806,"column":8},"end":{"line":806,"column":109}},"238":{"start":{"line":808,"column":28},"end":{"line":808,"column":78}},"239":{"start":{"line":814,"column":8},"end":{"line":821,"column":27}},"240":{"start":{"line":826,"column":35},"end":{"line":835,"column":1}},"241":{"start":{"line":828,"column":8},"end":{"line":828,"column":83}},"242":{"start":{"line":831,"column":8},"end":{"line":831,"column":97}},"243":{"start":{"line":833,"column":8},"end":{"line":833,"column":58}},"244":{"start":{"line":841,"column":31},"end":{"line":882,"column":1}},"245":{"start":{"line":843,"column":8},"end":{"line":843,"column":77}},"246":{"start":{"line":854,"column":32},"end":{"line":854,"column":60}},"247":{"start":{"line":855,"column":34},"end":{"line":855,"column":64}},"248":{"start":{"line":856,"column":37},"end":{"line":856,"column":86}},"249":{"start":{"line":857,"column":34},"end":{"line":857,"column":87}},"250":{"start":{"line":860,"column":30},"end":{"line":860,"column":78}},"251":{"start":{"line":863,"column":28},"end":{"line":863,"column":51}},"252":{"start":{"line":866,"column":21},"end":{"line":866,"column":47}},"253":{"start":{"line":868,"column":8},"end":{"line":868,"column":40}},"254":{"start":{"line":870,"column":8},"end":{"line":874,"column":9}},"255":{"start":{"line":871,"column":12},"end":{"line":871,"column":59}},"256":{"start":{"line":873,"column":12},"end":{"line":873,"column":63}},"257":{"start":{"line":876,"column":8},"end":{"line":880,"column":27}},"258":{"start":{"line":887,"column":21},"end":{"line":900,"column":1}},"259":{"start":{"line":889,"column":8},"end":{"line":889,"column":20}},"260":{"start":{"line":893,"column":28},"end":{"line":893,"column":90}},"261":{"start":{"line":895,"column":8},"end":{"line":898,"column":27}},"262":{"start":{"line":905,"column":24},"end":{"line":935,"column":1}},"263":{"start":{"line":907,"column":24},"end":{"line":907,"column":60}},"264":{"start":{"line":908,"column":8},"end":{"line":910,"column":36}},"265":{"start":{"line":914,"column":32},"end":{"line":914,"column":60}},"266":{"start":{"line":915,"column":34},"end":{"line":915,"column":64}},"267":{"start":{"line":916,"column":37},"end":{"line":916,"column":86}},"268":{"start":{"line":917,"column":34},"end":{"line":917,"column":87}},"269":{"start":{"line":920,"column":30},"end":{"line":920,"column":78}},"270":{"start":{"line":923,"column":28},"end":{"line":923,"column":51}},"271":{"start":{"line":926,"column":21},"end":{"line":926,"column":47}},"272":{"start":{"line":928,"column":8},"end":{"line":928,"column":49}},"273":{"start":{"line":930,"column":8},"end":{"line":933,"column":27}},"274":{"start":{"line":942,"column":0},"end":{"line":984,"column":14}}},"fnMap":{"0":{"name":"keyGenerator","decl":{"start":{"line":31,"column":9},"end":{"line":31,"column":21}},"loc":{"start":{"line":31,"column":39},"end":{"line":41,"column":1}},"line":31},"1":{"name":"(anonymous_1)","decl":{"start":{"line":84,"column":4},"end":{"line":84,"column":5}},"loc":{"start":{"line":84,"column":28},"end":{"line":96,"column":5}},"line":84},"2":{"name":"(anonymous_2)","decl":{"start":{"line":97,"column":4},"end":{"line":97,"column":5}},"loc":{"start":{"line":97,"column":31},"end":{"line":210,"column":5}},"line":97},"3":{"name":"(anonymous_3)","decl":{"start":{"line":219,"column":4},"end":{"line":219,"column":5}},"loc":{"start":{"line":219,"column":28},"end":{"line":229,"column":5}},"line":219},"4":{"name":"(anonymous_4)","decl":{"start":{"line":230,"column":4},"end":{"line":230,"column":5}},"loc":{"start":{"line":230,"column":31},"end":{"line":242,"column":5}},"line":230},"5":{"name":"(anonymous_5)","decl":{"start":{"line":251,"column":4},"end":{"line":251,"column":5}},"loc":{"start":{"line":251,"column":28},"end":{"line":261,"column":5}},"line":251},"6":{"name":"(anonymous_6)","decl":{"start":{"line":262,"column":4},"end":{"line":262,"column":5}},"loc":{"start":{"line":262,"column":31},"end":{"line":293,"column":5}},"line":262},"7":{"name":"(anonymous_7)","decl":{"start":{"line":301,"column":4},"end":{"line":301,"column":5}},"loc":{"start":{"line":301,"column":28},"end":{"line":311,"column":5}},"line":301},"8":{"name":"(anonymous_8)","decl":{"start":{"line":312,"column":4},"end":{"line":312,"column":5}},"loc":{"start":{"line":312,"column":31},"end":{"line":318,"column":5}},"line":312},"9":{"name":"(anonymous_9)","decl":{"start":{"line":327,"column":4},"end":{"line":327,"column":5}},"loc":{"start":{"line":327,"column":28},"end":{"line":335,"column":5}},"line":327},"10":{"name":"(anonymous_10)","decl":{"start":{"line":336,"column":4},"end":{"line":336,"column":5}},"loc":{"start":{"line":336,"column":31},"end":{"line":385,"column":5}},"line":336},"11":{"name":"(anonymous_11)","decl":{"start":{"line":395,"column":4},"end":{"line":395,"column":5}},"loc":{"start":{"line":395,"column":28},"end":{"line":401,"column":5}},"line":395},"12":{"name":"(anonymous_12)","decl":{"start":{"line":402,"column":4},"end":{"line":402,"column":5}},"loc":{"start":{"line":402,"column":31},"end":{"line":445,"column":5}},"line":402},"13":{"name":"(anonymous_13)","decl":{"start":{"line":454,"column":4},"end":{"line":454,"column":5}},"loc":{"start":{"line":454,"column":28},"end":{"line":464,"column":5}},"line":454},"14":{"name":"(anonymous_14)","decl":{"start":{"line":465,"column":4},"end":{"line":465,"column":5}},"loc":{"start":{"line":465,"column":31},"end":{"line":475,"column":5}},"line":465},"15":{"name":"(anonymous_15)","decl":{"start":{"line":480,"column":4},"end":{"line":480,"column":5}},"loc":{"start":{"line":480,"column":28},"end":{"line":496,"column":5}},"line":480},"16":{"name":"(anonymous_16)","decl":{"start":{"line":497,"column":4},"end":{"line":497,"column":5}},"loc":{"start":{"line":497,"column":31},"end":{"line":556,"column":5}},"line":497},"17":{"name":"(anonymous_17)","decl":{"start":{"line":563,"column":4},"end":{"line":563,"column":5}},"loc":{"start":{"line":563,"column":28},"end":{"line":569,"column":5}},"line":563},"18":{"name":"(anonymous_18)","decl":{"start":{"line":570,"column":4},"end":{"line":570,"column":5}},"loc":{"start":{"line":570,"column":31},"end":{"line":599,"column":5}},"line":570},"19":{"name":"(anonymous_19)","decl":{"start":{"line":608,"column":4},"end":{"line":608,"column":5}},"loc":{"start":{"line":608,"column":28},"end":{"line":614,"column":5}},"line":608},"20":{"name":"(anonymous_20)","decl":{"start":{"line":615,"column":4},"end":{"line":615,"column":5}},"loc":{"start":{"line":615,"column":31},"end":{"line":631,"column":5}},"line":615},"21":{"name":"(anonymous_21)","decl":{"start":{"line":640,"column":4},"end":{"line":640,"column":5}},"loc":{"start":{"line":640,"column":28},"end":{"line":643,"column":5}},"line":640},"22":{"name":"(anonymous_22)","decl":{"start":{"line":644,"column":4},"end":{"line":644,"column":5}},"loc":{"start":{"line":644,"column":25},"end":{"line":651,"column":5}},"line":644},"23":{"name":"(anonymous_23)","decl":{"start":{"line":656,"column":4},"end":{"line":656,"column":5}},"loc":{"start":{"line":656,"column":28},"end":{"line":672,"column":5}},"line":656},"24":{"name":"(anonymous_24)","decl":{"start":{"line":673,"column":4},"end":{"line":673,"column":5}},"loc":{"start":{"line":673,"column":31},"end":{"line":742,"column":5}},"line":673},"25":{"name":"(anonymous_25)","decl":{"start":{"line":752,"column":4},"end":{"line":752,"column":5}},"loc":{"start":{"line":752,"column":28},"end":{"line":769,"column":5}},"line":752},"26":{"name":"(anonymous_26)","decl":{"start":{"line":770,"column":4},"end":{"line":770,"column":5}},"loc":{"start":{"line":770,"column":31},"end":{"line":793,"column":5}},"line":770},"27":{"name":"(anonymous_27)","decl":{"start":{"line":797,"column":4},"end":{"line":797,"column":5}},"loc":{"start":{"line":797,"column":28},"end":{"line":801,"column":5}},"line":797},"28":{"name":"(anonymous_28)","decl":{"start":{"line":802,"column":4},"end":{"line":802,"column":5}},"loc":{"start":{"line":802,"column":25},"end":{"line":823,"column":5}},"line":802},"29":{"name":"(anonymous_29)","decl":{"start":{"line":827,"column":4},"end":{"line":827,"column":5}},"loc":{"start":{"line":827,"column":28},"end":{"line":829,"column":5}},"line":827},"30":{"name":"(anonymous_30)","decl":{"start":{"line":830,"column":4},"end":{"line":830,"column":5}},"loc":{"start":{"line":830,"column":25},"end":{"line":834,"column":5}},"line":830},"31":{"name":"(anonymous_31)","decl":{"start":{"line":842,"column":4},"end":{"line":842,"column":5}},"loc":{"start":{"line":842,"column":28},"end":{"line":844,"column":5}},"line":842},"32":{"name":"(anonymous_32)","decl":{"start":{"line":845,"column":4},"end":{"line":845,"column":5}},"loc":{"start":{"line":845,"column":31},"end":{"line":881,"column":5}},"line":845},"33":{"name":"(anonymous_33)","decl":{"start":{"line":888,"column":4},"end":{"line":888,"column":5}},"loc":{"start":{"line":888,"column":16},"end":{"line":890,"column":5}},"line":888},"34":{"name":"(anonymous_34)","decl":{"start":{"line":891,"column":4},"end":{"line":891,"column":5}},"loc":{"start":{"line":891,"column":32},"end":{"line":899,"column":5}},"line":891},"35":{"name":"(anonymous_35)","decl":{"start":{"line":906,"column":4},"end":{"line":906,"column":5}},"loc":{"start":{"line":906,"column":28},"end":{"line":911,"column":5}},"line":906},"36":{"name":"(anonymous_36)","decl":{"start":{"line":912,"column":4},"end":{"line":912,"column":5}},"loc":{"start":{"line":912,"column":31},"end":{"line":934,"column":5}},"line":912}},"branchMap":{"0":{"loc":{"start":{"line":26,"column":15},"end":{"line":26,"column":62}},"type":"binary-expr","locations":[{"start":{"line":26,"column":15},"end":{"line":26,"column":44}},{"start":{"line":26,"column":48},"end":{"line":26,"column":62}}],"line":26},"1":{"loc":{"start":{"line":32,"column":4},"end":{"line":39,"column":5}},"type":"if","locations":[{"start":{"line":32,"column":4},"end":{"line":39,"column":5}},{"start":{"line":32,"column":4},"end":{"line":39,"column":5}}],"line":32},"2":{"loc":{"start":{"line":32,"column":8},"end":{"line":36,"column":64}},"type":"binary-expr","locations":[{"start":{"line":32,"column":8},"end":{"line":32,"column":23}},{"start":{"line":33,"column":8},"end":{"line":33,"column":31}},{"start":{"line":34,"column":8},"end":{"line":34,"column":38}},{"start":{"line":35,"column":8},"end":{"line":35,"column":50}},{"start":{"line":36,"column":8},"end":{"line":36,"column":64}}],"line":32},"3":{"loc":{"start":{"line":93,"column":15},"end":{"line":94,"column":73}},"type":"binary-expr","locations":[{"start":{"line":93,"column":15},"end":{"line":93,"column":84}},{"start":{"line":94,"column":12},"end":{"line":94,"column":73}}],"line":93},"4":{"loc":{"start":{"line":120,"column":8},"end":{"line":203,"column":9}},"type":"if","locations":[{"start":{"line":120,"column":8},"end":{"line":203,"column":9}},{"start":{"line":120,"column":8},"end":{"line":203,"column":9}}],"line":120},"5":{"loc":{"start":{"line":225,"column":15},"end":{"line":227,"column":44}},"type":"binary-expr","locations":[{"start":{"line":225,"column":15},"end":{"line":225,"column":47}},{"start":{"line":226,"column":12},"end":{"line":226,"column":62}},{"start":{"line":227,"column":12},"end":{"line":227,"column":44}}],"line":225},"6":{"loc":{"start":{"line":257,"column":15},"end":{"line":259,"column":49}},"type":"binary-expr","locations":[{"start":{"line":257,"column":15},"end":{"line":257,"column":47}},{"start":{"line":258,"column":12},"end":{"line":258,"column":62}},{"start":{"line":259,"column":12},"end":{"line":259,"column":49}}],"line":257},"7":{"loc":{"start":{"line":307,"column":15},"end":{"line":309,"column":47}},"type":"binary-expr","locations":[{"start":{"line":307,"column":15},"end":{"line":307,"column":47}},{"start":{"line":308,"column":12},"end":{"line":308,"column":63}},{"start":{"line":309,"column":12},"end":{"line":309,"column":47}}],"line":307},"8":{"loc":{"start":{"line":332,"column":15},"end":{"line":334,"column":47}},"type":"binary-expr","locations":[{"start":{"line":332,"column":15},"end":{"line":332,"column":47}},{"start":{"line":333,"column":12},"end":{"line":333,"column":63}},{"start":{"line":334,"column":12},"end":{"line":334,"column":47}}],"line":332},"9":{"loc":{"start":{"line":399,"column":15},"end":{"line":400,"column":52}},"type":"binary-expr","locations":[{"start":{"line":399,"column":15},"end":{"line":399,"column":47}},{"start":{"line":400,"column":12},"end":{"line":400,"column":52}}],"line":399},"10":{"loc":{"start":{"line":417,"column":8},"end":{"line":435,"column":9}},"type":"if","locations":[{"start":{"line":417,"column":8},"end":{"line":435,"column":9}},{"start":{"line":417,"column":8},"end":{"line":435,"column":9}}],"line":417},"11":{"loc":{"start":{"line":460,"column":15},"end":{"line":462,"column":47}},"type":"binary-expr","locations":[{"start":{"line":460,"column":15},"end":{"line":460,"column":47}},{"start":{"line":461,"column":12},"end":{"line":461,"column":56}},{"start":{"line":462,"column":12},"end":{"line":462,"column":47}}],"line":460},"12":{"loc":{"start":{"line":483,"column":15},"end":{"line":495,"column":47}},"type":"binary-expr","locations":[{"start":{"line":483,"column":15},"end":{"line":483,"column":47}},{"start":{"line":484,"column":13},"end":{"line":484,"column":53}},{"start":{"line":485,"column":16},"end":{"line":485,"column":64}},{"start":{"line":486,"column":16},"end":{"line":486,"column":63}},{"start":{"line":487,"column":16},"end":{"line":487,"column":59}},{"start":{"line":488,"column":16},"end":{"line":488,"column":54}},{"start":{"line":489,"column":16},"end":{"line":489,"column":65}},{"start":{"line":490,"column":16},"end":{"line":490,"column":63}},{"start":{"line":491,"column":16},"end":{"line":491,"column":60}},{"start":{"line":492,"column":16},"end":{"line":492,"column":67}},{"start":{"line":493,"column":16},"end":{"line":493,"column":60}},{"start":{"line":494,"column":16},"end":{"line":494,"column":70}},{"start":{"line":495,"column":12},"end":{"line":495,"column":47}}],"line":483},"13":{"loc":{"start":{"line":514,"column":8},"end":{"line":533,"column":9}},"type":"if","locations":[{"start":{"line":514,"column":8},"end":{"line":533,"column":9}},{"start":{"line":514,"column":8},"end":{"line":533,"column":9}}],"line":514},"14":{"loc":{"start":{"line":522,"column":12},"end":{"line":532,"column":13}},"type":"if","locations":[{"start":{"line":522,"column":12},"end":{"line":532,"column":13}},{"start":{"line":522,"column":12},"end":{"line":532,"column":13}}],"line":522},"15":{"loc":{"start":{"line":566,"column":15},"end":{"line":568,"column":47}},"type":"binary-expr","locations":[{"start":{"line":566,"column":15},"end":{"line":566,"column":47}},{"start":{"line":567,"column":12},"end":{"line":567,"column":60}},{"start":{"line":568,"column":12},"end":{"line":568,"column":47}}],"line":566},"16":{"loc":{"start":{"line":611,"column":15},"end":{"line":613,"column":47}},"type":"binary-expr","locations":[{"start":{"line":611,"column":15},"end":{"line":611,"column":47}},{"start":{"line":612,"column":12},"end":{"line":612,"column":57}},{"start":{"line":613,"column":12},"end":{"line":613,"column":47}}],"line":611},"17":{"loc":{"start":{"line":641,"column":15},"end":{"line":642,"column":84}},"type":"binary-expr","locations":[{"start":{"line":641,"column":15},"end":{"line":641,"column":76}},{"start":{"line":642,"column":12},"end":{"line":642,"column":84}}],"line":641},"18":{"loc":{"start":{"line":668,"column":15},"end":{"line":670,"column":87}},"type":"binary-expr","locations":[{"start":{"line":668,"column":15},"end":{"line":668,"column":55}},{"start":{"line":669,"column":13},"end":{"line":669,"column":84}},{"start":{"line":670,"column":16},"end":{"line":670,"column":86}}],"line":668},"19":{"loc":{"start":{"line":683,"column":8},"end":{"line":730,"column":9}},"type":"if","locations":[{"start":{"line":683,"column":8},"end":{"line":730,"column":9}},{"start":{"line":683,"column":8},"end":{"line":730,"column":9}}],"line":683},"20":{"loc":{"start":{"line":687,"column":12},"end":{"line":707,"column":13}},"type":"if","locations":[{"start":{"line":687,"column":12},"end":{"line":707,"column":13}},{"start":{"line":687,"column":12},"end":{"line":707,"column":13}}],"line":687},"21":{"loc":{"start":{"line":696,"column":16},"end":{"line":706,"column":17}},"type":"if","locations":[{"start":{"line":696,"column":16},"end":{"line":706,"column":17}},{"start":{"line":696,"column":16},"end":{"line":706,"column":17}}],"line":696},"22":{"loc":{"start":{"line":764,"column":15},"end":{"line":767,"column":89}},"type":"binary-expr","locations":[{"start":{"line":764,"column":15},"end":{"line":764,"column":58}},{"start":{"line":765,"column":16},"end":{"line":765,"column":86}},{"start":{"line":766,"column":16},"end":{"line":766,"column":90}},{"start":{"line":767,"column":16},"end":{"line":767,"column":88}}],"line":764},"23":{"loc":{"start":{"line":798,"column":15},"end":{"line":800,"column":89}},"type":"binary-expr","locations":[{"start":{"line":798,"column":15},"end":{"line":798,"column":76}},{"start":{"line":799,"column":13},"end":{"line":799,"column":87}},{"start":{"line":800,"column":16},"end":{"line":800,"column":88}}],"line":798},"24":{"loc":{"start":{"line":870,"column":8},"end":{"line":874,"column":9}},"type":"if","locations":[{"start":{"line":870,"column":8},"end":{"line":874,"column":9}},{"start":{"line":870,"column":8},"end":{"line":874,"column":9}}],"line":870},"25":{"loc":{"start":{"line":908,"column":15},"end":{"line":910,"column":35}},"type":"binary-expr","locations":[{"start":{"line":908,"column":15},"end":{"line":908,"column":47}},{"start":{"line":909,"column":12},"end":{"line":910,"column":35}}],"line":908}},"s":{"0":0,"1":0,"2":0,"3":0,"4":0,"5":0,"6":0,"7":0,"8":0,"9":0,"10":0,"11":0,"12":0,"13":0,"14":0,"15":0,"16":0,"17":0,"18":0,"19":0,"20":0,"21":0,"22":0,"23":0,"24":0,"25":0,"26":0,"27":0,"28":0,"29":0,"30":0,"31":0,"32":0,"33":0,"34":0,"35":0,"36":0,"37":0,"38":0,"39":0,"40":0,"41":0,"42":0,"43":0,"44":0,"45":0,"46":0,"47":0,"48":0,"49":0,"50":0,"51":0,"52":0,"53":0,"54":0,"55":0,"56":0,"57":0,"58":0,"59":0,"60":0,"61":0,"62":0,"63":0,"64":0,"65":0,"66":0,"67":0,"68":0,"69":0,"70":0,"71":0,"72":0,"73":0,"74":0,"75":0,"76":0,"77":0,"78":0,"79":0,"80":0,"81":0,"82":0,"83":0,"84":0,"85":0,"86":0,"87":0,"88":0,"89":0,"90":0,"91":0,"92":0,"93":0,"94":0,"95":0,"96":0,"97":0,"98":0,"99":0,"100":0,"101":0,"102":0,"103":0,"104":0,"105":0,"106":0,"107":0,"108":0,"109":0,"110":0,"111":0,"112":0,"113":0,"114":0,"115":0,"116":0,"117":0,"118":0,"119":0,"120":0,"121":0,"122":0,"123":0,"124":0,"125":0,"126":0,"127":0,"128":0,"129":0,"130":0,"131":0,"132":0,"133":0,"134":0,"135":0,"136":0,"137":0,"138":0,"139":0,"140":0,"141":0,"142":0,"143":0,"144":0,"145":0,"146":0,"147":0,"148":0,"149":0,"150":0,"151":0,"152":0,"153":0,"154":0,"155":0,"156":0,"157":0,"158":0,"159":0,"160":0,"161":0,"162":0,"163":0,"164":0,"165":0,"166":0,"167":0,"168":0,"169":0,"170":0,"171":0,"172":0,"173":0,"174":0,"175":0,"176":0,"177":0,"178":0,"179":0,"180":0,"181":0,"182":0,"183":0,"184":0,"185":0,"186":0,"187":0,"188":0,"189":0,"190":0,"191":0,"192":0,"193":0,"194":0,"195":0,"196":0,"197":0,"198":0,"199":0,"200":0,"201":0,"202":0,"203":0,"204":0,"205":0,"206":0,"207":0,"208":0,"209":0,"210":0,"211":0,"212":0,"213":0,"214":0,"215":0,"216":0,"217":0,"218":0,"219":0,"220":0,"221":0,"222":0,"223":0,"224":0,"225":0,"226":0,"227":0,"228":0,"229":0,"230":0,"231":0,"232":0,"233":0,"234":0,"235":0,"236":0,"237":0,"238":0,"239":0,"240":0,"241":0,"242":0,"243":0,"244":0,"245":0,"246":0,"247":0,"248":0,"249":0,"250":0,"251":0,"252":0,"253":0,"254":0,"255":0,"256":0,"257":0,"258":0,"259":0,"260":0,"261":0,"262":0,"263":0,"264":0,"265":0,"266":0,"267":0,"268":0,"269":0,"270":0,"271":0,"272":0,"273":0,"274":0},"f":{"0":0,"1":0,"2":0,"3":0,"4":0,"5":0,"6":0,"7":0,"8":0,"9":0,"10":0,"11":0,"12":0,"13":0,"14":0,"15":0,"16":0,"17":0,"18":0,"19":0,"20":0,"21":0,"22":0,"23":0,"24":0,"25":0,"26":0,"27":0,"28":0,"29":0,"30":0,"31":0,"32":0,"33":0,"34":0,"35":0,"36":0},"b":{"0":[0,0],"1":[0,0],"2":[0,0,0,0,0],"3":[0,0],"4":[0,0],"5":[0,0,0],"6":[0,0,0],"7":[0,0,0],"8":[0,0,0],"9":[0,0],"10":[0,0],"11":[0,0,0],"12":[0,0,0,0,0,0,0,0,0,0,0,0,0],"13":[0,0],"14":[0,0],"15":[0,0,0],"16":[0,0,0],"17":[0,0],"18":[0,0,0],"19":[0,0],"20":[0,0],"21":[0,0],"22":[0,0,0,0],"23":[0,0,0],"24":[0,0],"25":[0,0]},"hash":"a677c5d2b68e6cda344ea9093338111ae7dc94f3"}
,"/Users/etrichardson/Dropbox/Snapit and Alexa/Alexa/CarAssistant/the_car/lambda/custom/menuOptionIntents.js": {"path":"/Users/etrichardson/Dropbox/Snapit and Alexa/Alexa/CarAssistant/the_car/lambda/custom/menuOptionIntents.js","statementMap":{"0":{"start":{"line":1,"column":14},"end":{"line":1,"column":32}},"1":{"start":{"line":3,"column":8},"end":{"line":3,"column":25}},"2":{"start":{"line":5,"column":14},"end":{"line":5,"column":31}},"3":{"start":{"line":6,"column":25},"end":{"line":6,"column":55}},"4":{"start":{"line":7,"column":15},"end":{"line":7,"column":43}},"5":{"start":{"line":12,"column":4},"end":{"line":12,"column":51}},"6":{"start":{"line":14,"column":0},"end":{"line":17,"column":3}},"7":{"start":{"line":23,"column":32},"end":{"line":45,"column":1}},"8":{"start":{"line":25,"column":24},"end":{"line":25,"column":60}},"9":{"start":{"line":27,"column":8},"end":{"line":29,"column":48}},"10":{"start":{"line":33,"column":8},"end":{"line":33,"column":53}},"11":{"start":{"line":36,"column":8},"end":{"line":36,"column":80}},"12":{"start":{"line":38,"column":8},"end":{"line":41,"column":27}},"13":{"start":{"line":52,"column":33},"end":{"line":80,"column":1}},"14":{"start":{"line":54,"column":24},"end":{"line":54,"column":60}},"15":{"start":{"line":56,"column":8},"end":{"line":58,"column":48}},"16":{"start":{"line":62,"column":8},"end":{"line":62,"column":54}},"17":{"start":{"line":64,"column":34},"end":{"line":64,"column":87}},"18":{"start":{"line":67,"column":8},"end":{"line":67,"column":66}},"19":{"start":{"line":70,"column":21},"end":{"line":70,"column":64}},"20":{"start":{"line":71,"column":8},"end":{"line":71,"column":64}},"21":{"start":{"line":74,"column":8},"end":{"line":77,"column":27}},"22":{"start":{"line":83,"column":27},"end":{"line":113,"column":1}},"23":{"start":{"line":85,"column":24},"end":{"line":85,"column":60}},"24":{"start":{"line":87,"column":8},"end":{"line":90,"column":48}},"25":{"start":{"line":94,"column":8},"end":{"line":94,"column":48}},"26":{"start":{"line":96,"column":26},"end":{"line":96,"column":96}},"27":{"start":{"line":98,"column":26},"end":{"line":98,"column":50}},"28":{"start":{"line":100,"column":8},"end":{"line":104,"column":9}},"29":{"start":{"line":101,"column":12},"end":{"line":101,"column":94}},"30":{"start":{"line":103,"column":12},"end":{"line":103,"column":205}},"31":{"start":{"line":107,"column":8},"end":{"line":110,"column":27}},"32":{"start":{"line":117,"column":29},"end":{"line":138,"column":1}},"33":{"start":{"line":119,"column":24},"end":{"line":119,"column":60}},"34":{"start":{"line":121,"column":8},"end":{"line":123,"column":48}},"35":{"start":{"line":127,"column":8},"end":{"line":127,"column":50}},"36":{"start":{"line":130,"column":8},"end":{"line":130,"column":62}},"37":{"start":{"line":132,"column":8},"end":{"line":135,"column":27}},"38":{"start":{"line":140,"column":0},"end":{"line":140,"column":54}},"39":{"start":{"line":141,"column":0},"end":{"line":141,"column":62}},"40":{"start":{"line":142,"column":0},"end":{"line":142,"column":60}},"41":{"start":{"line":143,"column":0},"end":{"line":143,"column":50}}},"fnMap":{"0":{"name":"(anonymous_0)","decl":{"start":{"line":24,"column":4},"end":{"line":24,"column":5}},"loc":{"start":{"line":24,"column":27},"end":{"line":30,"column":5}},"line":24},"1":{"name":"(anonymous_1)","decl":{"start":{"line":31,"column":4},"end":{"line":31,"column":5}},"loc":{"start":{"line":31,"column":30},"end":{"line":43,"column":5}},"line":31},"2":{"name":"(anonymous_2)","decl":{"start":{"line":53,"column":4},"end":{"line":53,"column":5}},"loc":{"start":{"line":53,"column":27},"end":{"line":59,"column":5}},"line":53},"3":{"name":"(anonymous_3)","decl":{"start":{"line":60,"column":4},"end":{"line":60,"column":5}},"loc":{"start":{"line":60,"column":30},"end":{"line":79,"column":5}},"line":60},"4":{"name":"(anonymous_4)","decl":{"start":{"line":84,"column":4},"end":{"line":84,"column":5}},"loc":{"start":{"line":84,"column":27},"end":{"line":91,"column":5}},"line":84},"5":{"name":"(anonymous_5)","decl":{"start":{"line":92,"column":4},"end":{"line":92,"column":5}},"loc":{"start":{"line":92,"column":30},"end":{"line":112,"column":5}},"line":92},"6":{"name":"(anonymous_6)","decl":{"start":{"line":118,"column":4},"end":{"line":118,"column":5}},"loc":{"start":{"line":118,"column":27},"end":{"line":124,"column":5}},"line":118},"7":{"name":"(anonymous_7)","decl":{"start":{"line":125,"column":4},"end":{"line":125,"column":5}},"loc":{"start":{"line":125,"column":30},"end":{"line":137,"column":5}},"line":125}},"branchMap":{"0":{"loc":{"start":{"line":15,"column":15},"end":{"line":15,"column":62}},"type":"binary-expr","locations":[{"start":{"line":15,"column":15},"end":{"line":15,"column":44}},{"start":{"line":15,"column":48},"end":{"line":15,"column":62}}],"line":15},"1":{"loc":{"start":{"line":27,"column":15},"end":{"line":29,"column":47}},"type":"binary-expr","locations":[{"start":{"line":27,"column":15},"end":{"line":27,"column":47}},{"start":{"line":28,"column":12},"end":{"line":28,"column":55}},{"start":{"line":29,"column":12},"end":{"line":29,"column":47}}],"line":27},"2":{"loc":{"start":{"line":56,"column":15},"end":{"line":58,"column":47}},"type":"binary-expr","locations":[{"start":{"line":56,"column":15},"end":{"line":56,"column":47}},{"start":{"line":57,"column":12},"end":{"line":57,"column":56}},{"start":{"line":58,"column":12},"end":{"line":58,"column":47}}],"line":56},"3":{"loc":{"start":{"line":87,"column":15},"end":{"line":90,"column":47}},"type":"binary-expr","locations":[{"start":{"line":87,"column":15},"end":{"line":87,"column":47}},{"start":{"line":88,"column":12},"end":{"line":88,"column":50}},{"start":{"line":89,"column":12},"end":{"line":89,"column":55}},{"start":{"line":90,"column":12},"end":{"line":90,"column":47}}],"line":87},"4":{"loc":{"start":{"line":100,"column":8},"end":{"line":104,"column":9}},"type":"if","locations":[{"start":{"line":100,"column":8},"end":{"line":104,"column":9}},{"start":{"line":100,"column":8},"end":{"line":104,"column":9}}],"line":100},"5":{"loc":{"start":{"line":121,"column":15},"end":{"line":123,"column":47}},"type":"binary-expr","locations":[{"start":{"line":121,"column":15},"end":{"line":121,"column":47}},{"start":{"line":122,"column":12},"end":{"line":122,"column":52}},{"start":{"line":123,"column":12},"end":{"line":123,"column":47}}],"line":121}},"s":{"0":0,"1":0,"2":0,"3":0,"4":0,"5":0,"6":0,"7":0,"8":0,"9":0,"10":0,"11":0,"12":0,"13":0,"14":0,"15":0,"16":0,"17":0,"18":0,"19":0,"20":0,"21":0,"22":0,"23":0,"24":0,"25":0,"26":0,"27":0,"28":0,"29":0,"30":0,"31":0,"32":0,"33":0,"34":0,"35":0,"36":0,"37":0,"38":0,"39":0,"40":0,"41":0},"f":{"0":0,"1":0,"2":0,"3":0,"4":0,"5":0,"6":0,"7":0},"b":{"0":[0,0],"1":[0,0,0],"2":[0,0,0],"3":[0,0,0,0],"4":[0,0],"5":[0,0,0]},"hash":"a4850b932eef58ba8f9b62549e46c15ae4f5d0d7"}
,"/Users/etrichardson/Dropbox/Snapit and Alexa/Alexa/CarAssistant/the_car/lambda/custom/util.js": {"path":"/Users/etrichardson/Dropbox/Snapit and Alexa/Alexa/CarAssistant/the_car/lambda/custom/util.js","statementMap":{"0":{"start":{"line":1,"column":12},"end":{"line":1,"column":30}},"1":{"start":{"line":2,"column":8},"end":{"line":2,"column":25}},"2":{"start":{"line":3,"column":9},"end":{"line":3,"column":35}},"3":{"start":{"line":4,"column":17},"end":{"line":4,"column":38}},"4":{"start":{"line":5,"column":19},"end":{"line":5,"column":55}},"5":{"start":{"line":6,"column":18},"end":{"line":6,"column":52}},"6":{"start":{"line":7,"column":15},"end":{"line":7,"column":55}},"7":{"start":{"line":10,"column":25},"end":{"line":10,"column":55}},"8":{"start":{"line":15,"column":22},"end":{"line":17,"column":2}},"9":{"start":{"line":19,"column":0},"end":{"line":21,"column":3}},"10":{"start":{"line":23,"column":16},"end":{"line":23,"column":49}},"11":{"start":{"line":25,"column":10},"end":{"line":27,"column":2}},"12":{"start":{"line":29,"column":0},"end":{"line":40,"column":1}},"13":{"start":{"line":31,"column":23},"end":{"line":31,"column":56}},"14":{"start":{"line":32,"column":27},"end":{"line":36,"column":6}},"15":{"start":{"line":37,"column":4},"end":{"line":37,"column":77}},"16":{"start":{"line":38,"column":4},"end":{"line":38,"column":26}},"17":{"start":{"line":43,"column":29},"end":{"line":57,"column":1}},"18":{"start":{"line":45,"column":4},"end":{"line":55,"column":7}},"19":{"start":{"line":47,"column":8},"end":{"line":53,"column":55}},"20":{"start":{"line":53,"column":29},"end":{"line":53,"column":53}},"21":{"start":{"line":64,"column":26},"end":{"line":111,"column":1}},"22":{"start":{"line":66,"column":4},"end":{"line":66,"column":111}},"23":{"start":{"line":68,"column":14},"end":{"line":68,"column":24}},"24":{"start":{"line":69,"column":22},"end":{"line":69,"column":51}},"25":{"start":{"line":71,"column":20},"end":{"line":71,"column":80}},"26":{"start":{"line":72,"column":28},"end":{"line":72,"column":66}},"27":{"start":{"line":73,"column":23},"end":{"line":73,"column":83}},"28":{"start":{"line":74,"column":4},"end":{"line":74,"column":68}},"29":{"start":{"line":76,"column":4},"end":{"line":109,"column":7}},"30":{"start":{"line":78,"column":23},"end":{"line":94,"column":9}},"31":{"start":{"line":96,"column":8},"end":{"line":108,"column":15}},"32":{"start":{"line":99,"column":16},"end":{"line":99,"column":84}},"33":{"start":{"line":102,"column":16},"end":{"line":102,"column":26}},"34":{"start":{"line":117,"column":30},"end":{"line":153,"column":1}},"35":{"start":{"line":119,"column":17},"end":{"line":132,"column":5}},"36":{"start":{"line":134,"column":4},"end":{"line":134,"column":111}},"37":{"start":{"line":135,"column":4},"end":{"line":135,"column":58}},"38":{"start":{"line":138,"column":4},"end":{"line":151,"column":7}},"39":{"start":{"line":140,"column":8},"end":{"line":149,"column":11}},"40":{"start":{"line":141,"column":12},"end":{"line":148,"column":13}},"41":{"start":{"line":142,"column":16},"end":{"line":142,"column":47}},"42":{"start":{"line":143,"column":16},"end":{"line":143,"column":28}},"43":{"start":{"line":145,"column":16},"end":{"line":145,"column":67}},"44":{"start":{"line":147,"column":16},"end":{"line":147,"column":30}},"45":{"start":{"line":159,"column":28},"end":{"line":203,"column":1}},"46":{"start":{"line":160,"column":4},"end":{"line":160,"column":77}},"47":{"start":{"line":162,"column":23},"end":{"line":164,"column":5}},"48":{"start":{"line":167,"column":17},"end":{"line":176,"column":5}},"49":{"start":{"line":178,"column":4},"end":{"line":178,"column":60}},"50":{"start":{"line":180,"column":4},"end":{"line":201,"column":7}},"51":{"start":{"line":182,"column":8},"end":{"line":199,"column":11}},"52":{"start":{"line":183,"column":12},"end":{"line":198,"column":13}},"53":{"start":{"line":184,"column":16},"end":{"line":184,"column":87}},"54":{"start":{"line":185,"column":16},"end":{"line":185,"column":38}},"55":{"start":{"line":187,"column":16},"end":{"line":187,"column":48}},"56":{"start":{"line":188,"column":16},"end":{"line":188,"column":45}},"57":{"start":{"line":190,"column":16},"end":{"line":197,"column":17}},"58":{"start":{"line":191,"column":20},"end":{"line":194,"column":23}},"59":{"start":{"line":192,"column":24},"end":{"line":192,"column":54}},"60":{"start":{"line":193,"column":24},"end":{"line":193,"column":38}},"61":{"start":{"line":196,"column":20},"end":{"line":196,"column":42}},"62":{"start":{"line":207,"column":23},"end":{"line":207,"column":25}},"63":{"start":{"line":209,"column":4},"end":{"line":209,"column":68}},"64":{"start":{"line":210,"column":4},"end":{"line":252,"column":13}},"65":{"start":{"line":211,"column":21},"end":{"line":211,"column":43}},"66":{"start":{"line":213,"column":8},"end":{"line":251,"column":9}},"67":{"start":{"line":218,"column":12},"end":{"line":241,"column":13}},"68":{"start":{"line":220,"column":20},"end":{"line":227,"column":22}},"69":{"start":{"line":228,"column":20},"end":{"line":228,"column":26}},"70":{"start":{"line":230,"column":20},"end":{"line":237,"column":22}},"71":{"start":{"line":238,"column":20},"end":{"line":238,"column":26}},"72":{"start":{"line":240,"column":20},"end":{"line":240,"column":26}},"73":{"start":{"line":243,"column":12},"end":{"line":250,"column":14}},"74":{"start":{"line":253,"column":4},"end":{"line":253,"column":22}},"75":{"start":{"line":259,"column":39},"end":{"line":277,"column":1}},"76":{"start":{"line":261,"column":21},"end":{"line":261,"column":116}},"77":{"start":{"line":262,"column":8},"end":{"line":275,"column":9}},"78":{"start":{"line":263,"column":36},"end":{"line":263,"column":89}},"79":{"start":{"line":264,"column":12},"end":{"line":264,"column":119}},"80":{"start":{"line":265,"column":12},"end":{"line":265,"column":86}},"81":{"start":{"line":266,"column":12},"end":{"line":274,"column":15}},"82":{"start":{"line":267,"column":16},"end":{"line":273,"column":23}},"83":{"start":{"line":269,"column":24},"end":{"line":269,"column":34}},"84":{"start":{"line":272,"column":24},"end":{"line":272,"column":36}},"85":{"start":{"line":281,"column":38},"end":{"line":300,"column":1}},"86":{"start":{"line":283,"column":8},"end":{"line":298,"column":9}},"87":{"start":{"line":284,"column":12},"end":{"line":297,"column":15}},"88":{"start":{"line":285,"column":16},"end":{"line":296,"column":23}},"89":{"start":{"line":287,"column":24},"end":{"line":287,"column":74}},"90":{"start":{"line":288,"column":24},"end":{"line":289,"column":68}},"91":{"start":{"line":289,"column":28},"end":{"line":289,"column":68}},"92":{"start":{"line":290,"column":24},"end":{"line":290,"column":65}},"93":{"start":{"line":291,"column":24},"end":{"line":291,"column":98}},"94":{"start":{"line":292,"column":24},"end":{"line":292,"column":34}},"95":{"start":{"line":295,"column":24},"end":{"line":295,"column":36}},"96":{"start":{"line":302,"column":30},"end":{"line":343,"column":1}},"97":{"start":{"line":303,"column":4},"end":{"line":303,"column":91}},"98":{"start":{"line":305,"column":4},"end":{"line":342,"column":7}},"99":{"start":{"line":308,"column":26},"end":{"line":321,"column":9}},"100":{"start":{"line":323,"column":8},"end":{"line":323,"column":69}},"101":{"start":{"line":326,"column":8},"end":{"line":340,"column":11}},"102":{"start":{"line":327,"column":12},"end":{"line":339,"column":13}},"103":{"start":{"line":328,"column":16},"end":{"line":328,"column":87}},"104":{"start":{"line":329,"column":16},"end":{"line":329,"column":33}},"105":{"start":{"line":331,"column":16},"end":{"line":331,"column":54}},"106":{"start":{"line":332,"column":16},"end":{"line":338,"column":17}},"107":{"start":{"line":333,"column":20},"end":{"line":335,"column":23}},"108":{"start":{"line":334,"column":24},"end":{"line":334,"column":38}},"109":{"start":{"line":337,"column":20},"end":{"line":337,"column":30}},"110":{"start":{"line":349,"column":32},"end":{"line":391,"column":1}},"111":{"start":{"line":350,"column":4},"end":{"line":350,"column":75}},"112":{"start":{"line":352,"column":4},"end":{"line":389,"column":7}},"113":{"start":{"line":355,"column":26},"end":{"line":367,"column":9}},"114":{"start":{"line":369,"column":8},"end":{"line":369,"column":73}},"115":{"start":{"line":372,"column":8},"end":{"line":387,"column":11}},"116":{"start":{"line":373,"column":12},"end":{"line":386,"column":13}},"117":{"start":{"line":374,"column":16},"end":{"line":374,"column":87}},"118":{"start":{"line":375,"column":30},"end":{"line":375,"column":44}},"119":{"start":{"line":376,"column":16},"end":{"line":376,"column":33}},"120":{"start":{"line":378,"column":16},"end":{"line":378,"column":54}},"121":{"start":{"line":379,"column":16},"end":{"line":385,"column":17}},"122":{"start":{"line":380,"column":20},"end":{"line":382,"column":23}},"123":{"start":{"line":381,"column":24},"end":{"line":381,"column":38}},"124":{"start":{"line":384,"column":20},"end":{"line":384,"column":30}},"125":{"start":{"line":393,"column":31},"end":{"line":425,"column":1}},"126":{"start":{"line":395,"column":8},"end":{"line":395,"column":118}},"127":{"start":{"line":397,"column":8},"end":{"line":423,"column":9}},"128":{"start":{"line":398,"column":12},"end":{"line":422,"column":15}},"129":{"start":{"line":400,"column":16},"end":{"line":420,"column":23}},"130":{"start":{"line":403,"column":24},"end":{"line":403,"column":74}},"131":{"start":{"line":405,"column":24},"end":{"line":406,"column":70}},"132":{"start":{"line":406,"column":28},"end":{"line":406,"column":70}},"133":{"start":{"line":408,"column":24},"end":{"line":408,"column":67}},"134":{"start":{"line":410,"column":24},"end":{"line":410,"column":91}},"135":{"start":{"line":413,"column":24},"end":{"line":413,"column":98}},"136":{"start":{"line":414,"column":24},"end":{"line":414,"column":89}},"137":{"start":{"line":416,"column":24},"end":{"line":416,"column":34}},"138":{"start":{"line":419,"column":24},"end":{"line":419,"column":36}},"139":{"start":{"line":432,"column":18},"end":{"line":502,"column":1}},"140":{"start":{"line":434,"column":4},"end":{"line":434,"column":50}},"141":{"start":{"line":435,"column":4},"end":{"line":435,"column":66}},"142":{"start":{"line":437,"column":4},"end":{"line":499,"column":7}},"143":{"start":{"line":440,"column":23},"end":{"line":443,"column":9}},"144":{"start":{"line":445,"column":8},"end":{"line":445,"column":27}},"145":{"start":{"line":448,"column":27},"end":{"line":458,"column":9}},"146":{"start":{"line":460,"column":8},"end":{"line":460,"column":73}},"147":{"start":{"line":462,"column":8},"end":{"line":493,"column":11}},"148":{"start":{"line":463,"column":12},"end":{"line":492,"column":13}},"149":{"start":{"line":464,"column":16},"end":{"line":464,"column":87}},"150":{"start":{"line":465,"column":16},"end":{"line":465,"column":28}},"151":{"start":{"line":467,"column":16},"end":{"line":467,"column":54}},"152":{"start":{"line":468,"column":16},"end":{"line":490,"column":17}},"153":{"start":{"line":469,"column":20},"end":{"line":487,"column":23}},"154":{"start":{"line":471,"column":24},"end":{"line":471,"column":71}},"155":{"start":{"line":474,"column":24},"end":{"line":474,"column":69}},"156":{"start":{"line":475,"column":24},"end":{"line":482,"column":25}},"157":{"start":{"line":479,"column":28},"end":{"line":479,"column":79}},"158":{"start":{"line":481,"column":28},"end":{"line":481,"column":81}},"159":{"start":{"line":484,"column":24},"end":{"line":484,"column":79}},"160":{"start":{"line":486,"column":24},"end":{"line":486,"column":42}},"161":{"start":{"line":489,"column":20},"end":{"line":489,"column":57}},"162":{"start":{"line":504,"column":19},"end":{"line":530,"column":1}},"163":{"start":{"line":506,"column":4},"end":{"line":506,"column":49}},"164":{"start":{"line":507,"column":4},"end":{"line":507,"column":38}},"165":{"start":{"line":511,"column":4},"end":{"line":529,"column":7}},"166":{"start":{"line":513,"column":28},"end":{"line":513,"column":51}},"167":{"start":{"line":516,"column":28},"end":{"line":516,"column":49}},"168":{"start":{"line":519,"column":21},"end":{"line":519,"column":47}},"169":{"start":{"line":522,"column":8},"end":{"line":526,"column":9}},"170":{"start":{"line":523,"column":12},"end":{"line":523,"column":46}},"171":{"start":{"line":525,"column":12},"end":{"line":525,"column":50}},"172":{"start":{"line":528,"column":8},"end":{"line":528,"column":27}},"173":{"start":{"line":532,"column":24},"end":{"line":581,"column":1}},"174":{"start":{"line":533,"column":4},"end":{"line":533,"column":50}},"175":{"start":{"line":534,"column":4},"end":{"line":534,"column":106}},"176":{"start":{"line":536,"column":21},"end":{"line":536,"column":49}},"177":{"start":{"line":538,"column":4},"end":{"line":579,"column":7}},"178":{"start":{"line":540,"column":27},"end":{"line":550,"column":9}},"179":{"start":{"line":552,"column":8},"end":{"line":552,"column":73}},"180":{"start":{"line":554,"column":8},"end":{"line":577,"column":11}},"181":{"start":{"line":555,"column":12},"end":{"line":576,"column":13}},"182":{"start":{"line":556,"column":16},"end":{"line":556,"column":87}},"183":{"start":{"line":557,"column":16},"end":{"line":557,"column":28}},"184":{"start":{"line":559,"column":16},"end":{"line":559,"column":54}},"185":{"start":{"line":560,"column":16},"end":{"line":574,"column":17}},"186":{"start":{"line":561,"column":20},"end":{"line":571,"column":23}},"187":{"start":{"line":562,"column":24},"end":{"line":562,"column":71}},"188":{"start":{"line":565,"column":42},"end":{"line":565,"column":58}},"189":{"start":{"line":567,"column":24},"end":{"line":567,"column":67}},"190":{"start":{"line":570,"column":24},"end":{"line":570,"column":45}},"191":{"start":{"line":573,"column":20},"end":{"line":573,"column":65}},"192":{"start":{"line":588,"column":27},"end":{"line":611,"column":1}},"193":{"start":{"line":590,"column":28},"end":{"line":590,"column":56}},"194":{"start":{"line":591,"column":35},"end":{"line":591,"column":96}},"195":{"start":{"line":593,"column":22},"end":{"line":593,"column":55}},"196":{"start":{"line":594,"column":21},"end":{"line":594,"column":63}},"197":{"start":{"line":595,"column":18},"end":{"line":595,"column":63}},"198":{"start":{"line":598,"column":22},"end":{"line":606,"column":5}},"199":{"start":{"line":609,"column":4},"end":{"line":609,"column":70}},"200":{"start":{"line":613,"column":0},"end":{"line":613,"column":52}},"201":{"start":{"line":614,"column":0},"end":{"line":614,"column":34}},"202":{"start":{"line":615,"column":0},"end":{"line":615,"column":62}},"203":{"start":{"line":616,"column":0},"end":{"line":616,"column":54}},"204":{"start":{"line":617,"column":0},"end":{"line":617,"column":38}},"205":{"start":{"line":618,"column":0},"end":{"line":618,"column":72}},"206":{"start":{"line":619,"column":0},"end":{"line":619,"column":70}},"207":{"start":{"line":620,"column":0},"end":{"line":620,"column":54}},"208":{"start":{"line":621,"column":0},"end":{"line":621,"column":58}},"209":{"start":{"line":622,"column":0},"end":{"line":622,"column":60}},"210":{"start":{"line":623,"column":0},"end":{"line":623,"column":46}},"211":{"start":{"line":624,"column":0},"end":{"line":624,"column":36}},"212":{"start":{"line":625,"column":0},"end":{"line":625,"column":50}},"213":{"start":{"line":626,"column":0},"end":{"line":626,"column":56}}},"fnMap":{"0":{"name":"getS3PreSignedUrl","decl":{"start":{"line":29,"column":44},"end":{"line":29,"column":61}},"loc":{"start":{"line":29,"column":75},"end":{"line":40,"column":1}},"line":29},"1":{"name":"(anonymous_1)","decl":{"start":{"line":43,"column":29},"end":{"line":43,"column":30}},"loc":{"start":{"line":43,"column":46},"end":{"line":57,"column":1}},"line":43},"2":{"name":"(anonymous_2)","decl":{"start":{"line":45,"column":23},"end":{"line":45,"column":24}},"loc":{"start":{"line":45,"column":50},"end":{"line":55,"column":5}},"line":45},"3":{"name":"(anonymous_3)","decl":{"start":{"line":53,"column":18},"end":{"line":53,"column":19}},"loc":{"start":{"line":53,"column":29},"end":{"line":53,"column":53}},"line":53},"4":{"name":"(anonymous_4)","decl":{"start":{"line":64,"column":26},"end":{"line":64,"column":27}},"loc":{"start":{"line":64,"column":62},"end":{"line":111,"column":1}},"line":64},"5":{"name":"(anonymous_5)","decl":{"start":{"line":76,"column":23},"end":{"line":76,"column":24}},"loc":{"start":{"line":76,"column":50},"end":{"line":109,"column":5}},"line":76},"6":{"name":"(anonymous_6)","decl":{"start":{"line":97,"column":18},"end":{"line":97,"column":19}},"loc":{"start":{"line":97,"column":32},"end":{"line":104,"column":13}},"line":97},"7":{"name":"(anonymous_7)","decl":{"start":{"line":105,"column":19},"end":{"line":105,"column":20}},"loc":{"start":{"line":105,"column":34},"end":{"line":108,"column":13}},"line":105},"8":{"name":"(anonymous_8)","decl":{"start":{"line":117,"column":30},"end":{"line":117,"column":31}},"loc":{"start":{"line":117,"column":57},"end":{"line":153,"column":1}},"line":117},"9":{"name":"(anonymous_9)","decl":{"start":{"line":138,"column":23},"end":{"line":138,"column":24}},"loc":{"start":{"line":138,"column":50},"end":{"line":151,"column":5}},"line":138},"10":{"name":"(anonymous_10)","decl":{"start":{"line":140,"column":28},"end":{"line":140,"column":29}},"loc":{"start":{"line":140,"column":49},"end":{"line":149,"column":9}},"line":140},"11":{"name":"(anonymous_11)","decl":{"start":{"line":159,"column":28},"end":{"line":159,"column":29}},"loc":{"start":{"line":159,"column":41},"end":{"line":203,"column":1}},"line":159},"12":{"name":"(anonymous_12)","decl":{"start":{"line":180,"column":23},"end":{"line":180,"column":24}},"loc":{"start":{"line":180,"column":50},"end":{"line":201,"column":5}},"line":180},"13":{"name":"(anonymous_13)","decl":{"start":{"line":182,"column":32},"end":{"line":182,"column":33}},"loc":{"start":{"line":182,"column":53},"end":{"line":199,"column":9}},"line":182},"14":{"name":"(anonymous_14)","decl":{"start":{"line":191,"column":39},"end":{"line":191,"column":40}},"loc":{"start":{"line":191,"column":55},"end":{"line":194,"column":21}},"line":191},"15":{"name":"getSlotValues","decl":{"start":{"line":206,"column":9},"end":{"line":206,"column":22}},"loc":{"start":{"line":206,"column":36},"end":{"line":254,"column":1}},"line":206},"16":{"name":"(anonymous_16)","decl":{"start":{"line":210,"column":37},"end":{"line":210,"column":38}},"loc":{"start":{"line":210,"column":47},"end":{"line":252,"column":5}},"line":210},"17":{"name":"(anonymous_17)","decl":{"start":{"line":260,"column":4},"end":{"line":260,"column":5}},"loc":{"start":{"line":260,"column":42},"end":{"line":276,"column":5}},"line":260},"18":{"name":"(anonymous_18)","decl":{"start":{"line":266,"column":31},"end":{"line":266,"column":32}},"loc":{"start":{"line":266,"column":52},"end":{"line":274,"column":13}},"line":266},"19":{"name":"(anonymous_19)","decl":{"start":{"line":268,"column":26},"end":{"line":268,"column":27}},"loc":{"start":{"line":268,"column":32},"end":{"line":270,"column":21}},"line":268},"20":{"name":"(anonymous_20)","decl":{"start":{"line":271,"column":27},"end":{"line":271,"column":28}},"loc":{"start":{"line":271,"column":36},"end":{"line":273,"column":21}},"line":271},"21":{"name":"(anonymous_21)","decl":{"start":{"line":282,"column":4},"end":{"line":282,"column":5}},"loc":{"start":{"line":282,"column":26},"end":{"line":299,"column":5}},"line":282},"22":{"name":"(anonymous_22)","decl":{"start":{"line":284,"column":31},"end":{"line":284,"column":32}},"loc":{"start":{"line":284,"column":52},"end":{"line":297,"column":13}},"line":284},"23":{"name":"(anonymous_23)","decl":{"start":{"line":286,"column":26},"end":{"line":286,"column":27}},"loc":{"start":{"line":286,"column":52},"end":{"line":293,"column":21}},"line":286},"24":{"name":"(anonymous_24)","decl":{"start":{"line":294,"column":27},"end":{"line":294,"column":28}},"loc":{"start":{"line":294,"column":36},"end":{"line":296,"column":21}},"line":294},"25":{"name":"(anonymous_25)","decl":{"start":{"line":302,"column":30},"end":{"line":302,"column":31}},"loc":{"start":{"line":302,"column":49},"end":{"line":343,"column":1}},"line":302},"26":{"name":"(anonymous_26)","decl":{"start":{"line":305,"column":23},"end":{"line":305,"column":24}},"loc":{"start":{"line":305,"column":50},"end":{"line":342,"column":5}},"line":305},"27":{"name":"(anonymous_27)","decl":{"start":{"line":326,"column":36},"end":{"line":326,"column":37}},"loc":{"start":{"line":326,"column":57},"end":{"line":340,"column":9}},"line":326},"28":{"name":"(anonymous_28)","decl":{"start":{"line":333,"column":39},"end":{"line":333,"column":40}},"loc":{"start":{"line":333,"column":55},"end":{"line":335,"column":21}},"line":333},"29":{"name":"(anonymous_29)","decl":{"start":{"line":349,"column":32},"end":{"line":349,"column":33}},"loc":{"start":{"line":349,"column":46},"end":{"line":391,"column":1}},"line":349},"30":{"name":"(anonymous_30)","decl":{"start":{"line":352,"column":23},"end":{"line":352,"column":24}},"loc":{"start":{"line":352,"column":50},"end":{"line":389,"column":5}},"line":352},"31":{"name":"(anonymous_31)","decl":{"start":{"line":372,"column":36},"end":{"line":372,"column":37}},"loc":{"start":{"line":372,"column":57},"end":{"line":387,"column":9}},"line":372},"32":{"name":"(anonymous_32)","decl":{"start":{"line":380,"column":39},"end":{"line":380,"column":40}},"loc":{"start":{"line":380,"column":55},"end":{"line":382,"column":21}},"line":380},"33":{"name":"(anonymous_33)","decl":{"start":{"line":394,"column":4},"end":{"line":394,"column":5}},"loc":{"start":{"line":394,"column":26},"end":{"line":424,"column":5}},"line":394},"34":{"name":"(anonymous_34)","decl":{"start":{"line":398,"column":31},"end":{"line":398,"column":32}},"loc":{"start":{"line":398,"column":52},"end":{"line":422,"column":13}},"line":398},"35":{"name":"(anonymous_35)","decl":{"start":{"line":401,"column":26},"end":{"line":401,"column":27}},"loc":{"start":{"line":401,"column":52},"end":{"line":417,"column":21}},"line":401},"36":{"name":"(anonymous_36)","decl":{"start":{"line":418,"column":27},"end":{"line":418,"column":28}},"loc":{"start":{"line":418,"column":36},"end":{"line":420,"column":21}},"line":418},"37":{"name":"(anonymous_37)","decl":{"start":{"line":432,"column":18},"end":{"line":432,"column":19}},"loc":{"start":{"line":432,"column":47},"end":{"line":502,"column":1}},"line":432},"38":{"name":"(anonymous_38)","decl":{"start":{"line":437,"column":23},"end":{"line":437,"column":24}},"loc":{"start":{"line":437,"column":50},"end":{"line":499,"column":5}},"line":437},"39":{"name":"(anonymous_39)","decl":{"start":{"line":462,"column":38},"end":{"line":462,"column":39}},"loc":{"start":{"line":462,"column":59},"end":{"line":493,"column":9}},"line":462},"40":{"name":"(anonymous_40)","decl":{"start":{"line":469,"column":39},"end":{"line":469,"column":40}},"loc":{"start":{"line":469,"column":55},"end":{"line":487,"column":21}},"line":469},"41":{"name":"(anonymous_41)","decl":{"start":{"line":504,"column":19},"end":{"line":504,"column":20}},"loc":{"start":{"line":504,"column":41},"end":{"line":530,"column":1}},"line":504},"42":{"name":"(anonymous_42)","decl":{"start":{"line":511,"column":23},"end":{"line":511,"column":24}},"loc":{"start":{"line":511,"column":50},"end":{"line":529,"column":5}},"line":511},"43":{"name":"(anonymous_43)","decl":{"start":{"line":532,"column":24},"end":{"line":532,"column":25}},"loc":{"start":{"line":532,"column":46},"end":{"line":581,"column":1}},"line":532},"44":{"name":"(anonymous_44)","decl":{"start":{"line":538,"column":23},"end":{"line":538,"column":24}},"loc":{"start":{"line":538,"column":50},"end":{"line":579,"column":5}},"line":538},"45":{"name":"(anonymous_45)","decl":{"start":{"line":554,"column":38},"end":{"line":554,"column":39}},"loc":{"start":{"line":554,"column":59},"end":{"line":577,"column":9}},"line":554},"46":{"name":"(anonymous_46)","decl":{"start":{"line":561,"column":39},"end":{"line":561,"column":40}},"loc":{"start":{"line":561,"column":55},"end":{"line":571,"column":21}},"line":561},"47":{"name":"(anonymous_47)","decl":{"start":{"line":588,"column":27},"end":{"line":588,"column":28}},"loc":{"start":{"line":588,"column":59},"end":{"line":611,"column":1}},"line":588}},"branchMap":{"0":{"loc":{"start":{"line":141,"column":12},"end":{"line":148,"column":13}},"type":"if","locations":[{"start":{"line":141,"column":12},"end":{"line":148,"column":13}},{"start":{"line":141,"column":12},"end":{"line":148,"column":13}}],"line":141},"1":{"loc":{"start":{"line":183,"column":12},"end":{"line":198,"column":13}},"type":"if","locations":[{"start":{"line":183,"column":12},"end":{"line":198,"column":13}},{"start":{"line":183,"column":12},"end":{"line":198,"column":13}}],"line":183},"2":{"loc":{"start":{"line":190,"column":16},"end":{"line":197,"column":17}},"type":"if","locations":[{"start":{"line":190,"column":16},"end":{"line":197,"column":17}},{"start":{"line":190,"column":16},"end":{"line":197,"column":17}}],"line":190},"3":{"loc":{"start":{"line":213,"column":8},"end":{"line":251,"column":9}},"type":"if","locations":[{"start":{"line":213,"column":8},"end":{"line":251,"column":9}},{"start":{"line":213,"column":8},"end":{"line":251,"column":9}}],"line":213},"4":{"loc":{"start":{"line":213,"column":12},"end":{"line":217,"column":80}},"type":"binary-expr","locations":[{"start":{"line":213,"column":12},"end":{"line":213,"column":29}},{"start":{"line":214,"column":12},"end":{"line":214,"column":41}},{"start":{"line":215,"column":12},"end":{"line":215,"column":68}},{"start":{"line":216,"column":12},"end":{"line":216,"column":75}},{"start":{"line":217,"column":12},"end":{"line":217,"column":80}}],"line":213},"5":{"loc":{"start":{"line":218,"column":12},"end":{"line":241,"column":13}},"type":"switch","locations":[{"start":{"line":219,"column":16},"end":{"line":228,"column":26}},{"start":{"line":229,"column":16},"end":{"line":238,"column":26}},{"start":{"line":239,"column":16},"end":{"line":240,"column":26}}],"line":218},"6":{"loc":{"start":{"line":261,"column":21},"end":{"line":261,"column":116}},"type":"cond-expr","locations":[{"start":{"line":261,"column":78},"end":{"line":261,"column":82}},{"start":{"line":261,"column":85},"end":{"line":261,"column":116}}],"line":261},"7":{"loc":{"start":{"line":262,"column":8},"end":{"line":275,"column":9}},"type":"if","locations":[{"start":{"line":262,"column":8},"end":{"line":275,"column":9}},{"start":{"line":262,"column":8},"end":{"line":275,"column":9}}],"line":262},"8":{"loc":{"start":{"line":262,"column":12},"end":{"line":262,"column":86}},"type":"binary-expr","locations":[{"start":{"line":262,"column":12},"end":{"line":262,"column":15}},{"start":{"line":262,"column":19},"end":{"line":262,"column":86}}],"line":262},"9":{"loc":{"start":{"line":283,"column":8},"end":{"line":298,"column":9}},"type":"if","locations":[{"start":{"line":283,"column":8},"end":{"line":298,"column":9}},{"start":{"line":283,"column":8},"end":{"line":298,"column":9}}],"line":283},"10":{"loc":{"start":{"line":287,"column":47},"end":{"line":287,"column":73}},"type":"binary-expr","locations":[{"start":{"line":287,"column":47},"end":{"line":287,"column":67}},{"start":{"line":287,"column":71},"end":{"line":287,"column":73}}],"line":287},"11":{"loc":{"start":{"line":288,"column":24},"end":{"line":289,"column":68}},"type":"if","locations":[{"start":{"line":288,"column":24},"end":{"line":289,"column":68}},{"start":{"line":288,"column":24},"end":{"line":289,"column":68}}],"line":288},"12":{"loc":{"start":{"line":327,"column":12},"end":{"line":339,"column":13}},"type":"if","locations":[{"start":{"line":327,"column":12},"end":{"line":339,"column":13}},{"start":{"line":327,"column":12},"end":{"line":339,"column":13}}],"line":327},"13":{"loc":{"start":{"line":332,"column":16},"end":{"line":338,"column":17}},"type":"if","locations":[{"start":{"line":332,"column":16},"end":{"line":338,"column":17}},{"start":{"line":332,"column":16},"end":{"line":338,"column":17}}],"line":332},"14":{"loc":{"start":{"line":373,"column":12},"end":{"line":386,"column":13}},"type":"if","locations":[{"start":{"line":373,"column":12},"end":{"line":386,"column":13}},{"start":{"line":373,"column":12},"end":{"line":386,"column":13}}],"line":373},"15":{"loc":{"start":{"line":379,"column":16},"end":{"line":385,"column":17}},"type":"if","locations":[{"start":{"line":379,"column":16},"end":{"line":385,"column":17}},{"start":{"line":379,"column":16},"end":{"line":385,"column":17}}],"line":379},"16":{"loc":{"start":{"line":397,"column":8},"end":{"line":423,"column":9}},"type":"if","locations":[{"start":{"line":397,"column":8},"end":{"line":423,"column":9}},{"start":{"line":397,"column":8},"end":{"line":423,"column":9}}],"line":397},"17":{"loc":{"start":{"line":403,"column":47},"end":{"line":403,"column":73}},"type":"binary-expr","locations":[{"start":{"line":403,"column":47},"end":{"line":403,"column":67}},{"start":{"line":403,"column":71},"end":{"line":403,"column":73}}],"line":403},"18":{"loc":{"start":{"line":405,"column":24},"end":{"line":406,"column":70}},"type":"if","locations":[{"start":{"line":405,"column":24},"end":{"line":406,"column":70}},{"start":{"line":405,"column":24},"end":{"line":406,"column":70}}],"line":405},"19":{"loc":{"start":{"line":463,"column":12},"end":{"line":492,"column":13}},"type":"if","locations":[{"start":{"line":463,"column":12},"end":{"line":492,"column":13}},{"start":{"line":463,"column":12},"end":{"line":492,"column":13}}],"line":463},"20":{"loc":{"start":{"line":468,"column":16},"end":{"line":490,"column":17}},"type":"if","locations":[{"start":{"line":468,"column":16},"end":{"line":490,"column":17}},{"start":{"line":468,"column":16},"end":{"line":490,"column":17}}],"line":468},"21":{"loc":{"start":{"line":475,"column":24},"end":{"line":482,"column":25}},"type":"if","locations":[{"start":{"line":475,"column":24},"end":{"line":482,"column":25}},{"start":{"line":475,"column":24},"end":{"line":482,"column":25}}],"line":475},"22":{"loc":{"start":{"line":475,"column":28},"end":{"line":477,"column":82}},"type":"binary-expr","locations":[{"start":{"line":475,"column":28},"end":{"line":475,"column":86}},{"start":{"line":476,"column":28},"end":{"line":476,"column":89}},{"start":{"line":477,"column":28},"end":{"line":477,"column":82}}],"line":475},"23":{"loc":{"start":{"line":522,"column":8},"end":{"line":526,"column":9}},"type":"if","locations":[{"start":{"line":522,"column":8},"end":{"line":526,"column":9}},{"start":{"line":522,"column":8},"end":{"line":526,"column":9}}],"line":522},"24":{"loc":{"start":{"line":555,"column":12},"end":{"line":576,"column":13}},"type":"if","locations":[{"start":{"line":555,"column":12},"end":{"line":576,"column":13}},{"start":{"line":555,"column":12},"end":{"line":576,"column":13}}],"line":555},"25":{"loc":{"start":{"line":560,"column":16},"end":{"line":574,"column":17}},"type":"if","locations":[{"start":{"line":560,"column":16},"end":{"line":574,"column":17}},{"start":{"line":560,"column":16},"end":{"line":574,"column":17}}],"line":560}},"s":{"0":0,"1":0,"2":0,"3":0,"4":0,"5":0,"6":0,"7":0,"8":0,"9":0,"10":0,"11":0,"12":0,"13":0,"14":0,"15":0,"16":0,"17":0,"18":0,"19":0,"20":0,"21":0,"22":0,"23":0,"24":0,"25":0,"26":0,"27":0,"28":0,"29":0,"30":0,"31":0,"32":0,"33":0,"34":0,"35":0,"36":0,"37":0,"38":0,"39":0,"40":0,"41":0,"42":0,"43":0,"44":0,"45":0,"46":0,"47":0,"48":0,"49":0,"50":0,"51":0,"52":0,"53":0,"54":0,"55":0,"56":0,"57":0,"58":0,"59":0,"60":0,"61":0,"62":0,"63":0,"64":0,"65":0,"66":0,"67":0,"68":0,"69":0,"70":0,"71":0,"72":0,"73":0,"74":0,"75":0,"76":0,"77":0,"78":0,"79":0,"80":0,"81":0,"82":0,"83":0,"84":0,"85":0,"86":0,"87":0,"88":0,"89":0,"90":0,"91":0,"92":0,"93":0,"94":0,"95":0,"96":0,"97":0,"98":0,"99":0,"100":0,"101":0,"102":0,"103":0,"104":0,"105":0,"106":0,"107":0,"108":0,"109":0,"110":0,"111":0,"112":0,"113":0,"114":0,"115":0,"116":0,"117":0,"118":0,"119":0,"120":0,"121":0,"122":0,"123":0,"124":0,"125":0,"126":0,"127":0,"128":0,"129":0,"130":0,"131":0,"132":0,"133":0,"134":0,"135":0,"136":0,"137":0,"138":0,"139":0,"140":0,"141":0,"142":0,"143":0,"144":0,"145":0,"146":0,"147":0,"148":0,"149":0,"150":0,"151":0,"152":0,"153":0,"154":0,"155":0,"156":0,"157":0,"158":0,"159":0,"160":0,"161":0,"162":0,"163":0,"164":0,"165":0,"166":0,"167":0,"168":0,"169":0,"170":0,"171":0,"172":0,"173":0,"174":0,"175":0,"176":0,"177":0,"178":0,"179":0,"180":0,"181":0,"182":0,"183":0,"184":0,"185":0,"186":0,"187":0,"188":0,"189":0,"190":0,"191":0,"192":0,"193":0,"194":0,"195":0,"196":0,"197":0,"198":0,"199":0,"200":0,"201":0,"202":0,"203":0,"204":0,"205":0,"206":0,"207":0,"208":0,"209":0,"210":0,"211":0,"212":0,"213":0},"f":{"0":0,"1":0,"2":0,"3":0,"4":0,"5":0,"6":0,"7":0,"8":0,"9":0,"10":0,"11":0,"12":0,"13":0,"14":0,"15":0,"16":0,"17":0,"18":0,"19":0,"20":0,"21":0,"22":0,"23":0,"24":0,"25":0,"26":0,"27":0,"28":0,"29":0,"30":0,"31":0,"32":0,"33":0,"34":0,"35":0,"36":0,"37":0,"38":0,"39":0,"40":0,"41":0,"42":0,"43":0,"44":0,"45":0,"46":0,"47":0},"b":{"0":[0,0],"1":[0,0],"2":[0,0],"3":[0,0],"4":[0,0,0,0,0],"5":[0,0,0],"6":[0,0],"7":[0,0],"8":[0,0],"9":[0,0],"10":[0,0],"11":[0,0],"12":[0,0],"13":[0,0],"14":[0,0],"15":[0,0],"16":[0,0],"17":[0,0],"18":[0,0],"19":[0,0],"20":[0,0],"21":[0,0],"22":[0,0,0],"23":[0,0],"24":[0,0],"25":[0,0]},"hash":"1f4d81d690ea3c3b33792947d5722d00b56f0dbb"}
,"/Users/etrichardson/Dropbox/Snapit and Alexa/Alexa/CarAssistant/the_car/lambda/custom/interceptors/request.js": {"path":"/Users/etrichardson/Dropbox/Snapit and Alexa/Alexa/CarAssistant/the_car/lambda/custom/interceptors/request.js","statementMap":{"0":{"start":{"line":2,"column":13},"end":{"line":2,"column":31}},"1":{"start":{"line":6,"column":37},"end":{"line":15,"column":3}},"2":{"start":{"line":8,"column":8},"end":{"line":13,"column":11}},"3":{"start":{"line":12,"column":12},"end":{"line":12,"column":53}},"4":{"start":{"line":12,"column":42},"end":{"line":12,"column":52}},"5":{"start":{"line":17,"column":2},"end":{"line":17,"column":74}}},"fnMap":{"0":{"name":"(anonymous_0)","decl":{"start":{"line":7,"column":4},"end":{"line":7,"column":5}},"loc":{"start":{"line":7,"column":26},"end":{"line":14,"column":5}},"line":7},"1":{"name":"(anonymous_1)","decl":{"start":{"line":11,"column":16},"end":{"line":11,"column":17}},"loc":{"start":{"line":11,"column":23},"end":{"line":13,"column":9}},"line":11},"2":{"name":"(anonymous_2)","decl":{"start":{"line":12,"column":29},"end":{"line":12,"column":30}},"loc":{"start":{"line":12,"column":42},"end":{"line":12,"column":52}},"line":12}},"branchMap":{},"s":{"0":0,"1":0,"2":0,"3":0,"4":0,"5":0},"f":{"0":0,"1":0,"2":0},"b":{},"hash":"8823e1bf8682b9d92e9e6febcca696f68a4c7246"}
,"/Users/etrichardson/Dropbox/Snapit and Alexa/Alexa/CarAssistant/the_car/lambda/custom/interceptors/response.js": {"path":"/Users/etrichardson/Dropbox/Snapit and Alexa/Alexa/CarAssistant/the_car/lambda/custom/interceptors/response.js","statementMap":{},"fnMap":{},"branchMap":{},"s":{},"f":{},"b":{},"hash":"031231650b6ee17901a0d1e60a4bf9f35ab12e6e"}
}
