TN:
SF:/Users/etrichardson/Dropbox/Snapit and Alexa/Alexa/CarAssistant/the_car/lambda/custom/handlers.js
FN:37,(anonymous_0)
FN:51,(anonymous_1)
FN:123,(anonymous_2)
FN:133,(anonymous_3)
FN:176,(anonymous_4)
FN:187,(anonymous_5)
FN:282,(anonymous_6)
FN:286,(anonymous_7)
FN:316,(anonymous_8)
FN:327,(anonymous_9)
FN:389,(anonymous_10)
FN:399,(anonymous_11)
FN:437,(anonymous_12)
FN:446,(anonymous_13)
FN:497,(anonymous_14)
FN:507,(anonymous_15)
FN:604,(anonymous_16)
FN:623,(anonymous_17)
FN:774,(anonymous_18)
FN:785,(anonymous_19)
FN:806,(anonymous_20)
FN:817,(anonymous_21)
FN:860,(anonymous_22)
FN:869,(anonymous_23)
FN:968,(anonymous_24)
FN:979,(anonymous_25)
FN:995,(anonymous_26)
FN:1006,(anonymous_27)
FN:1023,(anonymous_28)
FN:1034,(anonymous_29)
FN:1078,(anonymous_30)
FN:1085,(anonymous_31)
FN:1103,(anonymous_32)
FN:1127,(anonymous_33)
FN:1151,(anonymous_34)
FN:1171,(anonymous_35)
FN:1276,(anonymous_36)
FN:1282,(anonymous_37)
FN:1322,(anonymous_38)
FN:1326,(anonymous_39)
FN:1338,(anonymous_40)
FN:1344,(anonymous_41)
FNF:42
FNH:0
FNDA:0,(anonymous_0)
FNDA:0,(anonymous_1)
FNDA:0,(anonymous_2)
FNDA:0,(anonymous_3)
FNDA:0,(anonymous_4)
FNDA:0,(anonymous_5)
FNDA:0,(anonymous_6)
FNDA:0,(anonymous_7)
FNDA:0,(anonymous_8)
FNDA:0,(anonymous_9)
FNDA:0,(anonymous_10)
FNDA:0,(anonymous_11)
FNDA:0,(anonymous_12)
FNDA:0,(anonymous_13)
FNDA:0,(anonymous_14)
FNDA:0,(anonymous_15)
FNDA:0,(anonymous_16)
FNDA:0,(anonymous_17)
FNDA:0,(anonymous_18)
FNDA:0,(anonymous_19)
FNDA:0,(anonymous_20)
FNDA:0,(anonymous_21)
FNDA:0,(anonymous_22)
FNDA:0,(anonymous_23)
FNDA:0,(anonymous_24)
FNDA:0,(anonymous_25)
FNDA:0,(anonymous_26)
FNDA:0,(anonymous_27)
FNDA:0,(anonymous_28)
FNDA:0,(anonymous_29)
FNDA:0,(anonymous_30)
FNDA:0,(anonymous_31)
FNDA:0,(anonymous_32)
FNDA:0,(anonymous_33)
FNDA:0,(anonymous_34)
FNDA:0,(anonymous_35)
FNDA:0,(anonymous_36)
FNDA:0,(anonymous_37)
FNDA:0,(anonymous_38)
FNDA:0,(anonymous_39)
FNDA:0,(anonymous_40)
FNDA:0,(anonymous_41)
DA:1,0
DA:2,0
DA:3,0
DA:4,0
DA:6,0
DA:7,0
DA:9,0
DA:10,0
DA:13,0
DA:14,0
DA:15,0
DA:16,0
DA:25,0
DA:27,0
DA:36,0
DA:39,0
DA:40,0
DA:46,0
DA:58,0
DA:59,0
DA:60,0
DA:62,0
DA:63,0
DA:67,0
DA:68,0
DA:70,0
DA:72,0
DA:74,0
DA:76,0
DA:79,0
DA:80,0
DA:81,0
DA:82,0
DA:84,0
DA:92,0
DA:96,0
DA:98,0
DA:99,0
DA:102,0
DA:105,0
DA:122,0
DA:124,0
DA:126,0
DA:127,0
DA:129,0
DA:135,0
DA:137,0
DA:138,0
DA:141,0
DA:144,0
DA:146,0
DA:148,0
DA:157,0
DA:160,0
DA:162,0
DA:175,0
DA:178,0
DA:180,0
DA:181,0
DA:183,0
DA:189,0
DA:190,0
DA:191,0
DA:193,0
DA:197,0
DA:198,0
DA:199,0
DA:200,0
DA:201,0
DA:204,0
DA:206,0
DA:212,0
DA:213,0
DA:215,0
DA:217,0
DA:221,0
DA:222,0
DA:224,0
DA:227,0
DA:228,0
DA:235,0
DA:236,0
DA:242,0
DA:250,0
DA:253,0
DA:256,0
DA:259,0
DA:261,0
DA:264,0
DA:269,0
DA:281,0
DA:283,0
DA:288,0
DA:290,0
DA:291,0
DA:294,0
DA:295,0
DA:297,0
DA:299,0
DA:315,0
DA:318,0
DA:320,0
DA:321,0
DA:323,0
DA:328,0
DA:333,0
DA:334,0
DA:335,0
DA:337,0
DA:340,0
DA:343,0
DA:346,0
DA:347,0
DA:350,0
DA:352,0
DA:355,0
DA:358,0
DA:359,0
DA:360,0
DA:361,0
DA:363,0
DA:364,0
DA:366,0
DA:369,0
DA:370,0
DA:371,0
DA:373,0
DA:375,0
DA:388,0
DA:391,0
DA:393,0
DA:395,0
DA:400,0
DA:402,0
DA:405,0
DA:407,0
DA:421,0
DA:424,0
DA:436,0
DA:439,0
DA:441,0
DA:442,0
DA:448,0
DA:450,0
DA:451,0
DA:452,0
DA:453,0
DA:454,0
DA:456,0
DA:458,0
DA:464,0
DA:465,0
DA:466,0
DA:467,0
DA:470,0
DA:472,0
DA:475,0
DA:478,0
DA:481,0
DA:483,0
DA:485,0
DA:496,0
DA:499,0
DA:501,0
DA:503,0
DA:509,0
DA:513,0
DA:514,0
DA:515,0
DA:516,0
DA:517,0
DA:520,0
DA:522,0
DA:528,0
DA:529,0
DA:530,0
DA:532,0
DA:534,0
DA:536,0
DA:538,0
DA:541,0
DA:545,0
DA:546,0
DA:548,0
DA:551,0
DA:552,0
DA:559,0
DA:560,0
DA:566,0
DA:574,0
DA:577,0
DA:580,0
DA:582,0
DA:585,0
DA:590,0
DA:603,0
DA:606,0
DA:608,0
DA:609,0
DA:610,0
DA:621,0
DA:625,0
DA:627,0
DA:628,0
DA:629,0
DA:630,0
DA:631,0
DA:633,0
DA:635,0
DA:642,0
DA:643,0
DA:644,0
DA:646,0
DA:648,0
DA:650,0
DA:654,0
DA:655,0
DA:657,0
DA:660,0
DA:661,0
DA:669,0
DA:670,0
DA:676,0
DA:684,0
DA:687,0
DA:690,0
DA:693,0
DA:697,0
DA:699,0
DA:703,0
DA:706,0
DA:707,0
DA:708,0
DA:709,0
DA:711,0
DA:712,0
DA:716,0
DA:773,0
DA:776,0
DA:778,0
DA:780,0
DA:787,0
DA:788,0
DA:790,0
DA:792,0
DA:805,0
DA:808,0
DA:810,0
DA:812,0
DA:819,0
DA:820,0
DA:821,0
DA:823,0
DA:824,0
DA:826,0
DA:827,0
DA:830,0
DA:831,0
DA:832,0
DA:833,0
DA:835,0
DA:836,0
DA:841,0
DA:842,0
DA:843,0
DA:845,0
DA:847,0
DA:859,0
DA:862,0
DA:864,0
DA:865,0
DA:871,0
DA:872,0
DA:873,0
DA:875,0
DA:877,0
DA:878,0
DA:881,0
DA:884,0
DA:885,0
DA:887,0
DA:888,0
DA:891,0
DA:892,0
DA:893,0
DA:895,0
DA:898,0
DA:901,0
DA:902,0
DA:906,0
DA:907,0
DA:910,0
DA:912,0
DA:914,0
DA:917,0
DA:920,0
DA:921,0
DA:922,0
DA:923,0
DA:925,0
DA:926,0
DA:928,0
DA:931,0
DA:932,0
DA:933,0
DA:935,0
DA:937,0
DA:945,0
DA:946,0
DA:948,0
DA:951,0
DA:954,0
DA:967,0
DA:970,0
DA:972,0
DA:974,0
DA:981,0
DA:983,0
DA:994,0
DA:997,0
DA:999,0
DA:1001,0
DA:1008,0
DA:1010,0
DA:1012,0
DA:1022,0
DA:1025,0
DA:1027,0
DA:1028,0
DA:1030,0
DA:1036,0
DA:1038,0
DA:1039,0
DA:1042,0
DA:1044,0
DA:1045,0
DA:1047,0
DA:1060,0
DA:1062,0
DA:1063,0
DA:1065,0
DA:1077,0
DA:1080,0
DA:1082,0
DA:1087,0
DA:1089,0
DA:1091,0
DA:1102,0
DA:1105,0
DA:1108,0
DA:1109,0
DA:1110,0
DA:1112,0
DA:1113,0
DA:1118,0
DA:1129,0
DA:1130,0
DA:1132,0
DA:1138,0
DA:1141,0
DA:1150,0
DA:1153,0
DA:1156,0
DA:1157,0
DA:1158,0
DA:1160,0
DA:1161,0
DA:1166,0
DA:1173,0
DA:1175,0
DA:1176,0
DA:1177,0
DA:1179,0
DA:1180,0
DA:1183,0
DA:1185,0
DA:1188,0
DA:1190,0
DA:1194,0
DA:1198,0
DA:1199,0
DA:1201,0
DA:1204,0
DA:1205,0
DA:1213,0
DA:1214,0
DA:1220,0
DA:1228,0
DA:1231,0
DA:1234,0
DA:1237,0
DA:1242,0
DA:1245,0
DA:1248,0
DA:1260,0
DA:1262,0
DA:1266,0
DA:1275,0
DA:1278,0
DA:1280,0
DA:1285,0
DA:1288,0
DA:1289,0
DA:1290,0
DA:1291,0
DA:1295,0
DA:1298,0
DA:1301,0
DA:1303,0
DA:1305,0
DA:1306,0
DA:1308,0
DA:1311,0
DA:1321,0
DA:1324,0
DA:1328,0
DA:1330,0
DA:1337,0
DA:1340,0
DA:1342,0
DA:1346,0
DA:1348,0
DA:1350,0
DA:1356,0
LF:424
LH:0
BRDA:46,0,0,0
BRDA:46,0,1,0
BRDA:46,0,2,0
BRDA:72,1,0,0
BRDA:72,1,1,0
BRDA:129,2,0,0
BRDA:129,2,1,0
BRDA:129,2,2,0
BRDA:141,3,0,0
BRDA:141,3,1,0
BRDA:157,4,0,0
BRDA:157,4,1,0
BRDA:183,5,0,0
BRDA:183,5,1,0
BRDA:198,6,0,0
BRDA:198,6,1,0
BRDA:227,7,0,0
BRDA:227,7,1,0
BRDA:235,8,0,0
BRDA:235,8,1,0
BRDA:283,9,0,0
BRDA:283,9,1,0
BRDA:323,10,0,0
BRDA:323,10,1,0
BRDA:395,11,0,0
BRDA:395,11,1,0
BRDA:395,11,2,0
BRDA:402,12,0,0
BRDA:402,12,1,0
BRDA:442,13,0,0
BRDA:442,13,1,0
BRDA:451,14,0,0
BRDA:451,14,1,0
BRDA:503,15,0,0
BRDA:503,15,1,0
BRDA:503,15,2,0
BRDA:503,15,3,0
BRDA:514,16,0,0
BRDA:514,16,1,0
BRDA:551,17,0,0
BRDA:551,17,1,0
BRDA:559,18,0,0
BRDA:559,18,1,0
BRDA:628,19,0,0
BRDA:628,19,1,0
BRDA:660,20,0,0
BRDA:660,20,1,0
BRDA:669,21,0,0
BRDA:669,21,1,0
BRDA:703,22,0,0
BRDA:703,22,1,0
BRDA:703,23,0,0
BRDA:703,23,1,0
BRDA:780,24,0,0
BRDA:780,24,1,0
BRDA:780,24,2,0
BRDA:812,25,0,0
BRDA:812,25,1,0
BRDA:812,25,2,0
BRDA:865,26,0,0
BRDA:865,26,1,0
BRDA:865,26,2,0
BRDA:887,27,0,0
BRDA:887,27,1,0
BRDA:895,28,0,0
BRDA:895,28,1,0
BRDA:895,29,0,0
BRDA:895,29,1,0
BRDA:895,29,2,0
BRDA:901,30,0,0
BRDA:901,30,1,0
BRDA:912,31,0,0
BRDA:912,31,1,0
BRDA:974,32,0,0
BRDA:974,32,1,0
BRDA:974,32,2,0
BRDA:1001,33,0,0
BRDA:1001,33,1,0
BRDA:1001,33,2,0
BRDA:1030,34,0,0
BRDA:1030,34,1,0
BRDA:1030,34,2,0
BRDA:1042,35,0,0
BRDA:1042,35,1,0
BRDA:1082,36,0,0
BRDA:1082,36,1,0
BRDA:1118,37,0,0
BRDA:1118,37,1,0
BRDA:1118,37,2,0
BRDA:1118,37,3,0
BRDA:1118,37,4,0
BRDA:1118,37,5,0
BRDA:1118,37,6,0
BRDA:1166,38,0,0
BRDA:1166,38,1,0
BRDA:1166,38,2,0
BRDA:1188,39,0,0
BRDA:1188,39,1,0
BRDA:1204,40,0,0
BRDA:1204,40,1,0
BRDA:1213,41,0,0
BRDA:1213,41,1,0
BRDA:1305,42,0,0
BRDA:1305,42,1,0
BRF:104
BRH:0
end_of_record
TN:
SF:/Users/etrichardson/Dropbox/Snapit and Alexa/Alexa/CarAssistant/the_car/lambda/custom/helperFunctions.js
FN:7,(anonymous_0)
FN:38,(anonymous_1)
FNF:2
FNH:0
FNDA:0,(anonymous_0)
FNDA:0,(anonymous_1)
DA:7,1
DA:9,0
DA:10,0
DA:12,0
DA:13,0
DA:14,0
DA:17,0
DA:28,0
DA:38,1
DA:39,0
DA:46,1
DA:47,1
LF:12
LH:4
BRF:0
BRH:0
end_of_record
TN:
SF:/Users/etrichardson/Dropbox/Snapit and Alexa/Alexa/CarAssistant/the_car/lambda/custom/index.js
FN:33,keyGenerator
FN:86,(anonymous_1)
FN:100,(anonymous_2)
FN:167,(anonymous_3)
FN:177,(anonymous_4)
FN:222,(anonymous_5)
FN:233,(anonymous_6)
FN:254,(anonymous_7)
FN:265,(anonymous_8)
FN:310,(anonymous_9)
FN:319,(anonymous_10)
FN:420,(anonymous_11)
FN:431,(anonymous_12)
FN:447,(anonymous_13)
FN:457,(anonymous_14)
FN:515,(anonymous_15)
FN:525,(anonymous_16)
FN:567,(anonymous_17)
FN:573,(anonymous_18)
FN:666,(anonymous_19)
FN:677,(anonymous_20)
FN:695,(anonymous_21)
FN:705,(anonymous_22)
FN:800,(anonymous_23)
FN:811,(anonymous_24)
FN:907,(anonymous_25)
FN:911,(anonymous_26)
FN:941,(anonymous_27)
FN:948,(anonymous_28)
FN:963,(anonymous_29)
FN:983,(anonymous_30)
FN:1086,(anonymous_31)
FN:1110,(anonymous_32)
FN:1133,(anonymous_33)
FN:1144,(anonymous_34)
FN:1185,(anonymous_35)
FN:1191,(anonymous_36)
FN:1206,(anonymous_37)
FN:1212,(anonymous_38)
FN:1261,(anonymous_39)
FN:1265,(anonymous_40)
FN:1280,(anonymous_41)
FN:1288,(anonymous_42)
FNF:43
FNH:19
FNDA:0,keyGenerator
FNDA:2,(anonymous_1)
FNDA:0,(anonymous_2)
FNDA:2,(anonymous_3)
FNDA:0,(anonymous_4)
FNDA:1,(anonymous_5)
FNDA:0,(anonymous_6)
FNDA:1,(anonymous_7)
FNDA:0,(anonymous_8)
FNDA:1,(anonymous_9)
FNDA:0,(anonymous_10)
FNDA:1,(anonymous_11)
FNDA:0,(anonymous_12)
FNDA:2,(anonymous_13)
FNDA:0,(anonymous_14)
FNDA:2,(anonymous_15)
FNDA:0,(anonymous_16)
FNDA:1,(anonymous_17)
FNDA:0,(anonymous_18)
FNDA:1,(anonymous_19)
FNDA:0,(anonymous_20)
FNDA:1,(anonymous_21)
FNDA:0,(anonymous_22)
FNDA:2,(anonymous_23)
FNDA:0,(anonymous_24)
FNDA:2,(anonymous_25)
FNDA:0,(anonymous_26)
FNDA:1,(anonymous_27)
FNDA:1,(anonymous_28)
FNDA:0,(anonymous_29)
FNDA:0,(anonymous_30)
FNDA:0,(anonymous_31)
FNDA:0,(anonymous_32)
FNDA:1,(anonymous_33)
FNDA:0,(anonymous_34)
FNDA:0,(anonymous_35)
FNDA:0,(anonymous_36)
FNDA:0,(anonymous_37)
FNDA:0,(anonymous_38)
FNDA:1,(anonymous_39)
FNDA:1,(anonymous_40)
FNDA:1,(anonymous_41)
FNDA:0,(anonymous_42)
DA:4,1
DA:6,1
DA:7,1
DA:9,1
DA:10,1
DA:12,1
DA:13,1
DA:14,1
DA:16,1
DA:18,1
DA:19,1
DA:20,1
DA:25,1
DA:27,1
DA:34,0
DA:40,0
DA:42,0
DA:85,1
DA:88,2
DA:89,2
DA:95,1
DA:107,0
DA:108,0
DA:109,0
DA:111,0
DA:112,0
DA:116,0
DA:117,0
DA:119,0
DA:121,0
DA:123,0
DA:125,0
DA:128,0
DA:129,0
DA:130,0
DA:131,0
DA:133,0
DA:140,0
DA:144,0
DA:146,0
DA:147,0
DA:149,0
DA:166,1
DA:168,2
DA:170,2
DA:171,2
DA:173,2
DA:179,0
DA:181,0
DA:182,0
DA:185,0
DA:188,0
DA:190,0
DA:192,0
DA:201,0
DA:204,0
DA:206,0
DA:221,1
DA:224,1
DA:226,1
DA:228,1
DA:235,0
DA:236,0
DA:238,0
DA:240,0
DA:253,1
DA:256,1
DA:258,1
DA:260,1
DA:267,0
DA:268,0
DA:269,0
DA:271,0
DA:272,0
DA:274,0
DA:275,0
DA:278,0
DA:279,0
DA:280,0
DA:281,0
DA:283,0
DA:284,0
DA:289,0
DA:290,0
DA:291,0
DA:293,0
DA:295,0
DA:309,1
DA:312,1
DA:314,1
DA:315,1
DA:321,0
DA:322,0
DA:323,0
DA:325,0
DA:327,0
DA:328,0
DA:331,0
DA:334,0
DA:335,0
DA:337,0
DA:338,0
DA:341,0
DA:342,0
DA:343,0
DA:346,0
DA:347,0
DA:348,0
DA:351,0
DA:354,0
DA:358,0
DA:359,0
DA:362,0
DA:364,0
DA:366,0
DA:369,0
DA:372,0
DA:373,0
DA:374,0
DA:375,0
DA:377,0
DA:378,0
DA:380,0
DA:383,0
DA:384,0
DA:385,0
DA:387,0
DA:389,0
DA:397,0
DA:398,0
DA:400,0
DA:403,0
DA:406,0
DA:419,1
DA:422,1
DA:424,1
DA:426,1
DA:433,0
DA:435,0
DA:446,1
DA:449,2
DA:451,2
DA:453,2
DA:458,0
DA:463,0
DA:464,0
DA:465,0
DA:467,0
DA:470,0
DA:473,0
DA:476,0
DA:477,0
DA:480,0
DA:482,0
DA:485,0
DA:488,0
DA:489,0
DA:490,0
DA:491,0
DA:493,0
DA:494,0
DA:496,0
DA:499,0
DA:500,0
DA:501,0
DA:503,0
DA:505,0
DA:514,1
DA:517,2
DA:519,2
DA:521,2
DA:526,0
DA:528,0
DA:531,0
DA:533,0
DA:547,0
DA:550,0
DA:566,1
DA:569,1
DA:570,1
DA:575,0
DA:577,0
DA:578,0
DA:579,0
DA:580,0
DA:581,0
DA:583,0
DA:585,0
DA:592,0
DA:593,0
DA:594,0
DA:596,0
DA:598,0
DA:600,0
DA:602,0
DA:604,0
DA:605,0
DA:612,0
DA:614,0
DA:617,0
DA:620,0
DA:621,0
DA:622,0
DA:623,0
DA:625,0
DA:626,0
DA:636,0
DA:637,0
DA:638,0
DA:640,0
DA:643,0
DA:644,0
DA:646,0
DA:648,0
DA:650,0
DA:653,0
DA:665,1
DA:668,1
DA:670,1
DA:672,1
DA:679,0
DA:681,0
DA:683,0
DA:694,1
DA:697,1
DA:699,1
DA:701,1
DA:707,0
DA:711,0
DA:712,0
DA:713,0
DA:714,0
DA:715,0
DA:718,0
DA:720,0
DA:726,0
DA:727,0
DA:728,0
DA:730,0
DA:732,0
DA:734,0
DA:736,0
DA:739,0
DA:743,0
DA:744,0
DA:746,0
DA:749,0
DA:750,0
DA:757,0
DA:758,0
DA:764,0
DA:772,0
DA:775,0
DA:778,0
DA:780,0
DA:783,0
DA:788,0
DA:799,1
DA:802,2
DA:804,2
DA:805,2
DA:807,2
DA:813,0
DA:814,0
DA:815,0
DA:817,0
DA:821,0
DA:822,0
DA:823,0
DA:824,0
DA:825,0
DA:828,0
DA:830,0
DA:836,0
DA:837,0
DA:839,0
DA:841,0
DA:845,0
DA:846,0
DA:848,0
DA:851,0
DA:852,0
DA:859,0
DA:860,0
DA:866,0
DA:874,0
DA:877,0
DA:880,0
DA:883,0
DA:885,0
DA:888,0
DA:893,0
DA:906,1
DA:908,2
DA:913,0
DA:915,0
DA:916,0
DA:919,0
DA:920,0
DA:922,0
DA:924,0
DA:940,1
DA:943,1
DA:945,1
DA:950,1
DA:952,1
DA:954,1
DA:962,1
DA:965,0
DA:968,0
DA:969,0
DA:970,0
DA:972,0
DA:973,0
DA:978,0
DA:985,0
DA:987,0
DA:988,0
DA:989,0
DA:991,0
DA:992,0
DA:995,0
DA:997,0
DA:1000,0
DA:1002,0
DA:1006,0
DA:1010,0
DA:1011,0
DA:1013,0
DA:1016,0
DA:1017,0
DA:1025,0
DA:1026,0
DA:1032,0
DA:1040,0
DA:1043,0
DA:1046,0
DA:1049,0
DA:1055,0
DA:1058,0
DA:1061,0
DA:1067,0
DA:1070,0
DA:1085,1
DA:1088,0
DA:1091,0
DA:1092,0
DA:1093,0
DA:1095,0
DA:1096,0
DA:1101,0
DA:1112,0
DA:1113,0
DA:1115,0
DA:1121,0
DA:1124,0
DA:1132,1
DA:1135,1
DA:1137,1
DA:1138,1
DA:1140,1
DA:1146,0
DA:1148,0
DA:1149,0
DA:1152,0
DA:1154,0
DA:1155,0
DA:1157,0
DA:1170,0
DA:1172,0
DA:1173,0
DA:1175,0
DA:1184,1
DA:1187,0
DA:1189,0
DA:1193,0
DA:1195,0
DA:1197,0
DA:1205,1
DA:1208,0
DA:1210,0
DA:1215,0
DA:1224,0
DA:1225,0
DA:1226,0
DA:1227,0
DA:1233,0
DA:1236,0
DA:1239,0
DA:1241,0
DA:1243,0
DA:1244,0
DA:1246,0
DA:1249,0
DA:1260,1
DA:1263,1
DA:1267,1
DA:1269,1
DA:1279,1
DA:1282,1
DA:1284,1
DA:1285,1
DA:1290,0
DA:1292,0
DA:1293,0
DA:1294,0
DA:1295,0
DA:1296,0
DA:1298,0
DA:1300,0
DA:1306,0
DA:1307,0
DA:1308,0
DA:1309,0
DA:1312,0
DA:1314,0
DA:1317,0
DA:1320,0
DA:1323,0
DA:1325,0
DA:1327,0
DA:1339,1
LF:422
LH:89
BRDA:34,0,0,0
BRDA:34,0,1,0
BRDA:34,1,0,0
BRDA:34,1,1,0
BRDA:34,1,2,0
BRDA:34,1,3,0
BRDA:34,1,4,0
BRDA:95,2,0,1
BRDA:95,2,1,1
BRDA:95,2,2,1
BRDA:121,3,0,0
BRDA:121,3,1,0
BRDA:173,4,0,2
BRDA:173,4,1,0
BRDA:173,4,2,0
BRDA:185,5,0,0
BRDA:185,5,1,0
BRDA:201,6,0,0
BRDA:201,6,1,0
BRDA:228,7,0,1
BRDA:228,7,1,1
BRDA:228,7,2,0
BRDA:260,8,0,1
BRDA:260,8,1,1
BRDA:260,8,2,0
BRDA:315,9,0,1
BRDA:315,9,1,1
BRDA:315,9,2,0
BRDA:337,10,0,0
BRDA:337,10,1,0
BRDA:351,11,0,0
BRDA:351,11,1,0
BRDA:351,12,0,0
BRDA:351,12,1,0
BRDA:351,12,2,0
BRDA:364,13,0,0
BRDA:364,13,1,0
BRDA:426,14,0,1
BRDA:426,14,1,1
BRDA:426,14,2,0
BRDA:453,15,0,2
BRDA:453,15,1,0
BRDA:521,16,0,2
BRDA:521,16,1,0
BRDA:521,16,2,0
BRDA:528,17,0,0
BRDA:528,17,1,0
BRDA:570,18,0,1
BRDA:570,18,1,1
BRDA:578,19,0,0
BRDA:578,19,1,0
BRDA:604,20,0,0
BRDA:604,20,1,0
BRDA:617,21,0,0
BRDA:617,21,1,0
BRDA:617,22,0,0
BRDA:617,22,1,0
BRDA:672,23,0,1
BRDA:672,23,1,1
BRDA:672,23,2,0
BRDA:701,24,0,1
BRDA:701,24,1,0
BRDA:701,24,2,1
BRDA:701,24,3,0
BRDA:712,25,0,0
BRDA:712,25,1,0
BRDA:749,26,0,0
BRDA:749,26,1,0
BRDA:757,27,0,0
BRDA:757,27,1,0
BRDA:807,28,0,2
BRDA:807,28,1,0
BRDA:822,29,0,0
BRDA:822,29,1,0
BRDA:851,30,0,0
BRDA:851,30,1,0
BRDA:859,31,0,0
BRDA:859,31,1,0
BRDA:908,32,0,2
BRDA:908,32,1,1
BRDA:945,33,0,1
BRDA:945,33,1,1
BRDA:978,34,0,0
BRDA:978,34,1,0
BRDA:978,34,2,0
BRDA:1000,35,0,0
BRDA:1000,35,1,0
BRDA:1016,36,0,0
BRDA:1016,36,1,0
BRDA:1025,37,0,0
BRDA:1025,37,1,0
BRDA:1101,38,0,0
BRDA:1101,38,1,0
BRDA:1101,38,2,0
BRDA:1101,38,3,0
BRDA:1101,38,4,0
BRDA:1101,38,5,0
BRDA:1101,38,6,0
BRDA:1140,39,0,1
BRDA:1140,39,1,0
BRDA:1140,39,2,0
BRDA:1152,40,0,0
BRDA:1152,40,1,0
BRDA:1243,41,0,0
BRDA:1243,41,1,0
BRDA:1285,42,0,1
BRDA:1285,42,1,1
BRDA:1293,43,0,0
BRDA:1293,43,1,0
BRF:109
BRH:28
end_of_record
TN:
SF:/Users/etrichardson/Dropbox/Snapit and Alexa/Alexa/CarAssistant/the_car/lambda/custom/menuOptionIntents.js
FN:24,(anonymous_0)
FN:31,(anonymous_1)
FN:53,(anonymous_2)
FN:60,(anonymous_3)
FN:84,(anonymous_4)
FN:92,(anonymous_5)
FN:118,(anonymous_6)
FN:125,(anonymous_7)
FNF:8
FNH:3
FNDA:1,(anonymous_0)
FNDA:0,(anonymous_1)
FNDA:0,(anonymous_2)
FNDA:0,(anonymous_3)
FNDA:1,(anonymous_4)
FNDA:0,(anonymous_5)
FNDA:1,(anonymous_6)
FNDA:0,(anonymous_7)
DA:1,1
DA:3,1
DA:5,1
DA:6,1
DA:7,1
DA:12,1
DA:14,1
DA:23,1
DA:25,1
DA:27,1
DA:33,0
DA:36,0
DA:38,0
DA:52,1
DA:54,0
DA:56,0
DA:62,0
DA:64,0
DA:67,0
DA:70,0
DA:71,0
DA:74,0
DA:83,1
DA:85,1
DA:87,1
DA:94,0
DA:96,0
DA:98,0
DA:100,0
DA:101,0
DA:103,0
DA:107,0
DA:117,1
DA:119,1
DA:121,1
DA:127,0
DA:130,0
DA:132,0
DA:140,1
DA:142,1
DA:143,1
LF:41
LH:20
BRDA:27,0,0,1
BRDA:27,0,1,1
BRDA:27,0,2,0
BRDA:56,1,0,0
BRDA:56,1,1,0
BRDA:56,1,2,0
BRDA:87,2,0,1
BRDA:87,2,1,1
BRDA:87,2,2,0
BRDA:87,2,3,0
BRDA:100,3,0,0
BRDA:100,3,1,0
BRDA:121,4,0,1
BRDA:121,4,1,1
BRDA:121,4,2,0
BRF:15
BRH:6
end_of_record
TN:
SF:/Users/etrichardson/Dropbox/Snapit and Alexa/Alexa/CarAssistant/the_car/lambda/custom/util.js
FN:31,getS3PreSignedUrl
FN:45,(anonymous_1)
FN:47,(anonymous_2)
FN:55,(anonymous_3)
FN:66,(anonymous_4)
FN:74,(anonymous_5)
FN:104,(anonymous_6)
FN:111,(anonymous_7)
FN:125,(anonymous_8)
FN:146,(anonymous_9)
FN:148,(anonymous_10)
FN:166,(anonymous_11)
FN:187,(anonymous_12)
FN:189,(anonymous_13)
FN:198,(anonymous_14)
FN:219,(anonymous_15)
FN:232,(anonymous_16)
FN:234,(anonymous_17)
FN:250,getSlotValues
FN:254,(anonymous_19)
FN:304,(anonymous_20)
FN:310,(anonymous_21)
FN:312,(anonymous_22)
FN:315,(anonymous_23)
FN:326,(anonymous_24)
FN:328,(anonymous_25)
FN:330,(anonymous_26)
FN:338,(anonymous_27)
FN:351,(anonymous_28)
FN:360,(anonymous_29)
FN:384,(anonymous_30)
FN:392,(anonymous_31)
FN:411,(anonymous_32)
FN:414,(anonymous_33)
FN:435,(anonymous_34)
FN:443,(anonymous_35)
FN:457,(anonymous_36)
FN:463,(anonymous_37)
FN:466,(anonymous_38)
FN:485,(anonymous_39)
FN:499,(anonymous_40)
FN:504,(anonymous_41)
FN:529,(anonymous_42)
FN:538,(anonymous_43)
FN:565,(anonymous_44)
FN:572,(anonymous_45)
FN:593,(anonymous_46)
FN:599,(anonymous_47)
FN:615,(anonymous_48)
FN:622,(anonymous_49)
FN:649,(anonymous_50)
FN:681,(anonymous_51)
FN:687,(anonymous_52)
FN:703,(anonymous_53)
FN:710,(anonymous_54)
FN:747,(anonymous_55)
FN:752,(anonymous_56)
FN:774,(anonymous_57)
FN:783,(anonymous_58)
FNF:59
FNH:7
FNDA:0,getS3PreSignedUrl
FNDA:0,(anonymous_1)
FNDA:0,(anonymous_2)
FNDA:0,(anonymous_3)
FNDA:0,(anonymous_4)
FNDA:0,(anonymous_5)
FNDA:0,(anonymous_6)
FNDA:0,(anonymous_7)
FNDA:0,(anonymous_8)
FNDA:0,(anonymous_9)
FNDA:0,(anonymous_10)
FNDA:0,(anonymous_11)
FNDA:0,(anonymous_12)
FNDA:0,(anonymous_13)
FNDA:0,(anonymous_14)
FNDA:0,(anonymous_15)
FNDA:0,(anonymous_16)
FNDA:0,(anonymous_17)
FNDA:0,getSlotValues
FNDA:0,(anonymous_19)
FNDA:1,(anonymous_20)
FNDA:0,(anonymous_21)
FNDA:0,(anonymous_22)
FNDA:0,(anonymous_23)
FNDA:2,(anonymous_24)
FNDA:1,(anonymous_25)
FNDA:1,(anonymous_26)
FNDA:0,(anonymous_27)
FNDA:0,(anonymous_28)
FNDA:0,(anonymous_29)
FNDA:0,(anonymous_30)
FNDA:0,(anonymous_31)
FNDA:0,(anonymous_32)
FNDA:0,(anonymous_33)
FNDA:0,(anonymous_34)
FNDA:0,(anonymous_35)
FNDA:2,(anonymous_36)
FNDA:1,(anonymous_37)
FNDA:1,(anonymous_38)
FNDA:0,(anonymous_39)
FNDA:0,(anonymous_40)
FNDA:0,(anonymous_41)
FNDA:0,(anonymous_42)
FNDA:0,(anonymous_43)
FNDA:0,(anonymous_44)
FNDA:0,(anonymous_45)
FNDA:0,(anonymous_46)
FNDA:0,(anonymous_47)
FNDA:0,(anonymous_48)
FNDA:0,(anonymous_49)
FNDA:0,(anonymous_50)
FNDA:0,(anonymous_51)
FNDA:0,(anonymous_52)
FNDA:0,(anonymous_53)
FNDA:0,(anonymous_54)
FNDA:0,(anonymous_55)
FNDA:0,(anonymous_56)
FNDA:0,(anonymous_57)
FNDA:0,(anonymous_58)
DA:1,1
DA:2,1
DA:3,1
DA:4,1
DA:5,1
DA:6,1
DA:7,1
DA:8,1
DA:9,1
DA:11,1
DA:14,1
DA:17,1
DA:21,1
DA:25,1
DA:27,1
DA:31,1
DA:33,0
DA:34,0
DA:39,0
DA:40,0
DA:45,1
DA:47,0
DA:49,0
DA:55,0
DA:66,1
DA:68,0
DA:70,0
DA:71,0
DA:72,0
DA:74,0
DA:76,0
DA:100,0
DA:103,0
DA:106,0
DA:108,0
DA:125,1
DA:127,0
DA:142,0
DA:143,0
DA:146,0
DA:148,0
DA:149,0
DA:150,0
DA:151,0
DA:154,0
DA:166,1
DA:167,0
DA:169,0
DA:174,0
DA:185,0
DA:187,0
DA:189,0
DA:190,0
DA:191,0
DA:192,0
DA:194,0
DA:195,0
DA:197,0
DA:198,0
DA:199,0
DA:200,0
DA:203,0
DA:205,0
DA:219,1
DA:220,0
DA:223,0
DA:230,0
DA:232,0
DA:234,0
DA:235,0
DA:236,0
DA:237,0
DA:239,0
DA:240,0
DA:241,0
DA:251,0
DA:253,0
DA:254,0
DA:255,0
DA:257,0
DA:262,0
DA:264,0
DA:272,0
DA:274,0
DA:282,0
DA:284,0
DA:287,0
DA:297,0
DA:303,1
DA:305,1
DA:306,1
DA:307,0
DA:308,0
DA:309,0
DA:310,0
DA:311,0
DA:313,0
DA:316,0
DA:325,1
DA:327,2
DA:328,1
DA:329,1
DA:331,1
DA:332,1
DA:333,1
DA:334,1
DA:335,1
DA:336,1
DA:339,0
DA:351,1
DA:352,0
DA:355,0
DA:360,0
DA:363,0
DA:381,0
DA:384,0
DA:385,0
DA:386,0
DA:387,0
DA:388,0
DA:390,0
DA:391,0
DA:392,0
DA:394,0
DA:395,0
DA:396,0
DA:399,0
DA:411,1
DA:412,0
DA:414,0
DA:417,0
DA:432,0
DA:435,0
DA:436,0
DA:437,0
DA:438,0
DA:439,0
DA:441,0
DA:442,0
DA:443,0
DA:444,0
DA:447,0
DA:456,1
DA:460,2
DA:463,1
DA:465,1
DA:468,1
DA:470,1
DA:471,1
DA:473,1
DA:475,1
DA:478,1
DA:480,1
DA:481,1
DA:483,1
DA:486,0
DA:499,1
DA:501,0
DA:502,0
DA:504,0
DA:507,0
DA:512,0
DA:515,0
DA:527,0
DA:529,0
DA:530,0
DA:531,0
DA:532,0
DA:534,0
DA:535,0
DA:537,0
DA:538,0
DA:540,0
DA:543,0
DA:544,0
DA:545,0
DA:547,0
DA:550,0
DA:552,0
DA:555,0
DA:565,1
DA:567,0
DA:568,0
DA:572,0
DA:574,0
DA:577,0
DA:580,0
DA:583,0
DA:584,0
DA:586,0
DA:589,0
DA:593,1
DA:594,0
DA:595,0
DA:597,0
DA:599,0
DA:601,0
DA:613,0
DA:615,0
DA:616,0
DA:617,0
DA:618,0
DA:620,0
DA:621,0
DA:622,0
DA:623,0
DA:626,0
DA:628,0
DA:631,0
DA:634,0
DA:649,1
DA:651,0
DA:652,0
DA:654,0
DA:655,0
DA:656,0
DA:659,0
DA:670,0
DA:681,1
DA:683,0
DA:684,0
DA:685,0
DA:687,0
DA:689,0
DA:701,0
DA:703,0
DA:704,0
DA:705,0
DA:706,0
DA:708,0
DA:709,0
DA:710,0
DA:711,0
DA:713,0
DA:715,0
DA:717,0
DA:718,0
DA:721,0
DA:724,0
DA:725,0
DA:727,0
DA:730,0
DA:747,1
DA:749,0
DA:750,0
DA:752,0
DA:755,0
DA:760,0
DA:763,0
DA:772,0
DA:774,0
DA:775,0
DA:776,0
DA:777,0
DA:779,0
DA:780,0
DA:782,0
DA:783,0
DA:785,0
DA:788,0
DA:789,0
DA:790,0
DA:792,0
DA:795,0
DA:797,0
DA:800,0
DA:812,1
DA:813,1
DA:814,1
DA:815,1
DA:816,1
DA:817,1
DA:818,1
DA:819,1
DA:820,1
DA:821,1
DA:822,1
DA:823,1
DA:824,1
DA:825,1
DA:826,1
DA:827,1
DA:828,1
LF:283
LH:72
BRDA:149,0,0,0
BRDA:149,0,1,0
BRDA:190,1,0,0
BRDA:190,1,1,0
BRDA:197,2,0,0
BRDA:197,2,1,0
BRDA:235,3,0,0
BRDA:235,3,1,0
BRDA:257,4,0,0
BRDA:257,4,1,0
BRDA:257,5,0,0
BRDA:257,5,1,0
BRDA:257,5,2,0
BRDA:257,5,3,0
BRDA:257,5,4,0
BRDA:262,6,0,0
BRDA:262,6,1,0
BRDA:262,6,2,0
BRDA:305,7,0,0
BRDA:305,7,1,1
BRDA:306,8,0,0
BRDA:306,8,1,1
BRDA:306,9,0,1
BRDA:306,9,1,1
BRDA:327,10,0,1
BRDA:327,10,1,1
BRDA:331,11,0,1
BRDA:331,11,1,0
BRDA:332,12,0,1
BRDA:332,12,1,0
BRDA:385,13,0,0
BRDA:385,13,1,0
BRDA:391,14,0,0
BRDA:391,14,1,0
BRDA:436,15,0,0
BRDA:436,15,1,0
BRDA:442,16,0,0
BRDA:442,16,1,0
BRDA:460,17,0,1
BRDA:460,17,1,1
BRDA:468,18,0,1
BRDA:468,18,1,0
BRDA:470,19,0,1
BRDA:470,19,1,0
BRDA:530,20,0,0
BRDA:530,20,1,0
BRDA:537,21,0,0
BRDA:537,21,1,0
BRDA:544,22,0,0
BRDA:544,22,1,0
BRDA:583,23,0,0
BRDA:583,23,1,0
BRDA:616,24,0,0
BRDA:616,24,1,0
BRDA:621,25,0,0
BRDA:621,25,1,0
BRDA:704,26,0,0
BRDA:704,26,1,0
BRDA:709,27,0,0
BRDA:709,27,1,0
BRDA:775,28,0,0
BRDA:775,28,1,0
BRDA:782,29,0,0
BRDA:782,29,1,0
BRDA:789,30,0,0
BRDA:789,30,1,0
BRF:66
BRH:12
end_of_record
TN:
SF:/Users/etrichardson/Dropbox/Snapit and Alexa/Alexa/CarAssistant/the_car/lambda/custom/constants/general.js
FNF:0
FNH:0
DA:1,1
LF:1
LH:1
BRF:0
BRH:0
end_of_record
TN:
SF:/Users/etrichardson/Dropbox/Snapit and Alexa/Alexa/CarAssistant/the_car/lambda/custom/interceptors/request.js
FN:7,(anonymous_0)
FN:11,(anonymous_1)
FN:12,(anonymous_2)
FNF:3
FNH:0
FNDA:0,(anonymous_0)
FNDA:0,(anonymous_1)
FNDA:0,(anonymous_2)
DA:2,0
DA:6,0
DA:8,0
DA:12,0
DA:17,0
LF:5
LH:0
BRF:0
BRH:0
end_of_record
TN:
SF:/Users/etrichardson/Dropbox/Snapit and Alexa/Alexa/CarAssistant/the_car/lambda/custom/interceptors/response.js
FNF:0
FNH:0
LF:0
LH:0
BRF:0
BRH:0
end_of_record
