TN:
SF:/Users/etrichardson/Dropbox/Snapit and Alexa/Alexa/CarAssistant/the_car/lambda/custom/helperFunctions.js
FN:7,(anonymous_0)
FN:38,(anonymous_1)
FNF:2
FNH:0
FNDA:0,(anonymous_0)
FNDA:0,(anonymous_1)
DA:7,0
DA:9,0
DA:10,0
DA:12,0
DA:13,0
DA:14,0
DA:17,0
DA:28,0
DA:38,0
DA:39,0
DA:46,0
DA:47,0
LF:12
LH:0
BRF:0
BRH:0
end_of_record
TN:
SF:/Users/etrichardson/Dropbox/Snapit and Alexa/Alexa/CarAssistant/the_car/lambda/custom/index.js
FN:31,keyGenerator
FN:84,(anonymous_1)
FN:97,(anonymous_2)
FN:219,(anonymous_3)
FN:230,(anonymous_4)
FN:251,(anonymous_5)
FN:262,(anonymous_6)
FN:301,(anonymous_7)
FN:312,(anonymous_8)
FN:327,(anonymous_9)
FN:336,(anonymous_10)
FN:395,(anonymous_11)
FN:402,(anonymous_12)
FN:454,(anonymous_13)
FN:465,(anonymous_14)
FN:480,(anonymous_15)
FN:497,(anonymous_16)
FN:563,(anonymous_17)
FN:570,(anonymous_18)
FN:608,(anonymous_19)
FN:615,(anonymous_20)
FN:640,(anonymous_21)
FN:644,(anonymous_22)
FN:656,(anonymous_23)
FN:673,(anonymous_24)
FN:752,(anonymous_25)
FN:770,(anonymous_26)
FN:797,(anonymous_27)
FN:802,(anonymous_28)
FN:827,(anonymous_29)
FN:830,(anonymous_30)
FN:842,(anonymous_31)
FN:845,(anonymous_32)
FN:888,(anonymous_33)
FN:891,(anonymous_34)
FN:906,(anonymous_35)
FN:912,(anonymous_36)
FNF:37
FNH:0
FNDA:0,keyGenerator
FNDA:0,(anonymous_1)
FNDA:0,(anonymous_2)
FNDA:0,(anonymous_3)
FNDA:0,(anonymous_4)
FNDA:0,(anonymous_5)
FNDA:0,(anonymous_6)
FNDA:0,(anonymous_7)
FNDA:0,(anonymous_8)
FNDA:0,(anonymous_9)
FNDA:0,(anonymous_10)
FNDA:0,(anonymous_11)
FNDA:0,(anonymous_12)
FNDA:0,(anonymous_13)
FNDA:0,(anonymous_14)
FNDA:0,(anonymous_15)
FNDA:0,(anonymous_16)
FNDA:0,(anonymous_17)
FNDA:0,(anonymous_18)
FNDA:0,(anonymous_19)
FNDA:0,(anonymous_20)
FNDA:0,(anonymous_21)
FNDA:0,(anonymous_22)
FNDA:0,(anonymous_23)
FNDA:0,(anonymous_24)
FNDA:0,(anonymous_25)
FNDA:0,(anonymous_26)
FNDA:0,(anonymous_27)
FNDA:0,(anonymous_28)
FNDA:0,(anonymous_29)
FNDA:0,(anonymous_30)
FNDA:0,(anonymous_31)
FNDA:0,(anonymous_32)
FNDA:0,(anonymous_33)
FNDA:0,(anonymous_34)
FNDA:0,(anonymous_35)
FNDA:0,(anonymous_36)
DA:4,0
DA:6,0
DA:8,0
DA:9,0
DA:11,0
DA:12,0
DA:13,0
DA:15,0
DA:16,0
DA:17,0
DA:18,0
DA:23,0
DA:25,0
DA:32,0
DA:38,0
DA:40,0
DA:83,0
DA:86,0
DA:87,0
DA:93,0
DA:104,0
DA:105,0
DA:106,0
DA:115,0
DA:116,0
DA:118,0
DA:120,0
DA:122,0
DA:124,0
DA:125,0
DA:127,0
DA:128,0
DA:130,0
DA:131,0
DA:133,0
DA:136,0
DA:137,0
DA:138,0
DA:139,0
DA:140,0
DA:142,0
DA:145,0
DA:146,0
DA:147,0
DA:150,0
DA:153,0
DA:154,0
DA:156,0
DA:159,0
DA:167,0
DA:171,0
DA:173,0
DA:174,0
DA:186,0
DA:189,0
DA:205,0
DA:218,0
DA:221,0
DA:223,0
DA:225,0
DA:232,0
DA:233,0
DA:235,0
DA:237,0
DA:250,0
DA:253,0
DA:255,0
DA:257,0
DA:264,0
DA:265,0
DA:266,0
DA:268,0
DA:269,0
DA:271,0
DA:272,0
DA:275,0
DA:276,0
DA:277,0
DA:278,0
DA:281,0
DA:283,0
DA:284,0
DA:285,0
DA:287,0
DA:289,0
DA:300,0
DA:303,0
DA:305,0
DA:307,0
DA:313,0
DA:315,0
DA:326,0
DA:329,0
DA:331,0
DA:332,0
DA:338,0
DA:340,0
DA:341,0
DA:343,0
DA:345,0
DA:346,0
DA:350,0
DA:353,0
DA:355,0
DA:357,0
DA:360,0
DA:363,0
DA:364,0
DA:365,0
DA:367,0
DA:369,0
DA:371,0
DA:374,0
DA:375,0
DA:376,0
DA:378,0
DA:381,0
DA:394,0
DA:396,0
DA:398,0
DA:399,0
DA:404,0
DA:405,0
DA:406,0
DA:407,0
DA:409,0
DA:411,0
DA:413,0
DA:415,0
DA:417,0
DA:418,0
DA:425,0
DA:428,0
DA:429,0
DA:430,0
DA:431,0
DA:433,0
DA:434,0
DA:437,0
DA:439,0
DA:453,0
DA:456,0
DA:458,0
DA:460,0
DA:467,0
DA:469,0
DA:471,0
DA:479,0
DA:481,0
DA:483,0
DA:499,0
DA:500,0
DA:501,0
DA:503,0
DA:505,0
DA:507,0
DA:509,0
DA:512,0
DA:514,0
DA:515,0
DA:522,0
DA:523,0
DA:528,0
DA:536,0
DA:539,0
DA:542,0
DA:545,0
DA:548,0
DA:551,0
DA:562,0
DA:564,0
DA:566,0
DA:572,0
DA:574,0
DA:575,0
DA:577,0
DA:579,0
DA:581,0
DA:584,0
DA:586,0
DA:587,0
DA:589,0
DA:591,0
DA:594,0
DA:607,0
DA:609,0
DA:611,0
DA:617,0
DA:619,0
DA:620,0
DA:622,0
DA:624,0
DA:626,0
DA:639,0
DA:641,0
DA:645,0
DA:647,0
DA:655,0
DA:658,0
DA:659,0
DA:660,0
DA:662,0
DA:663,0
DA:668,0
DA:675,0
DA:676,0
DA:677,0
DA:678,0
DA:680,0
DA:683,0
DA:685,0
DA:687,0
DA:688,0
DA:696,0
DA:697,0
DA:702,0
DA:710,0
DA:713,0
DA:716,0
DA:719,0
DA:724,0
DA:727,0
DA:733,0
DA:736,0
DA:751,0
DA:754,0
DA:755,0
DA:756,0
DA:758,0
DA:759,0
DA:764,0
DA:772,0
DA:776,0
DA:778,0
DA:784,0
DA:796,0
DA:798,0
DA:806,0
DA:808,0
DA:814,0
DA:826,0
DA:828,0
DA:831,0
DA:833,0
DA:841,0
DA:843,0
DA:854,0
DA:855,0
DA:856,0
DA:857,0
DA:860,0
DA:863,0
DA:866,0
DA:868,0
DA:870,0
DA:871,0
DA:873,0
DA:876,0
DA:887,0
DA:889,0
DA:893,0
DA:895,0
DA:905,0
DA:907,0
DA:908,0
DA:914,0
DA:915,0
DA:916,0
DA:917,0
DA:920,0
DA:923,0
DA:926,0
DA:928,0
DA:930,0
DA:942,0
LF:275
LH:0
BRDA:26,0,0,0
BRDA:26,0,1,0
BRDA:32,1,0,0
BRDA:32,1,1,0
BRDA:32,2,0,0
BRDA:32,2,1,0
BRDA:32,2,2,0
BRDA:32,2,3,0
BRDA:32,2,4,0
BRDA:93,3,0,0
BRDA:93,3,1,0
BRDA:120,4,0,0
BRDA:120,4,1,0
BRDA:225,5,0,0
BRDA:225,5,1,0
BRDA:225,5,2,0
BRDA:257,6,0,0
BRDA:257,6,1,0
BRDA:257,6,2,0
BRDA:307,7,0,0
BRDA:307,7,1,0
BRDA:307,7,2,0
BRDA:332,8,0,0
BRDA:332,8,1,0
BRDA:332,8,2,0
BRDA:399,9,0,0
BRDA:399,9,1,0
BRDA:417,10,0,0
BRDA:417,10,1,0
BRDA:460,11,0,0
BRDA:460,11,1,0
BRDA:460,11,2,0
BRDA:483,12,0,0
BRDA:483,12,1,0
BRDA:483,12,2,0
BRDA:483,12,3,0
BRDA:483,12,4,0
BRDA:483,12,5,0
BRDA:483,12,6,0
BRDA:483,12,7,0
BRDA:483,12,8,0
BRDA:483,12,9,0
BRDA:483,12,10,0
BRDA:483,12,11,0
BRDA:483,12,12,0
BRDA:514,13,0,0
BRDA:514,13,1,0
BRDA:522,14,0,0
BRDA:522,14,1,0
BRDA:566,15,0,0
BRDA:566,15,1,0
BRDA:566,15,2,0
BRDA:611,16,0,0
BRDA:611,16,1,0
BRDA:611,16,2,0
BRDA:641,17,0,0
BRDA:641,17,1,0
BRDA:668,18,0,0
BRDA:668,18,1,0
BRDA:668,18,2,0
BRDA:683,19,0,0
BRDA:683,19,1,0
BRDA:687,20,0,0
BRDA:687,20,1,0
BRDA:696,21,0,0
BRDA:696,21,1,0
BRDA:764,22,0,0
BRDA:764,22,1,0
BRDA:764,22,2,0
BRDA:764,22,3,0
BRDA:798,23,0,0
BRDA:798,23,1,0
BRDA:798,23,2,0
BRDA:870,24,0,0
BRDA:870,24,1,0
BRDA:908,25,0,0
BRDA:908,25,1,0
BRF:77
BRH:0
end_of_record
TN:
SF:/Users/etrichardson/Dropbox/Snapit and Alexa/Alexa/CarAssistant/the_car/lambda/custom/menuOptionIntents.js
FN:24,(anonymous_0)
FN:31,(anonymous_1)
FN:53,(anonymous_2)
FN:60,(anonymous_3)
FN:84,(anonymous_4)
FN:92,(anonymous_5)
FN:118,(anonymous_6)
FN:125,(anonymous_7)
FNF:8
FNH:0
FNDA:0,(anonymous_0)
FNDA:0,(anonymous_1)
FNDA:0,(anonymous_2)
FNDA:0,(anonymous_3)
FNDA:0,(anonymous_4)
FNDA:0,(anonymous_5)
FNDA:0,(anonymous_6)
FNDA:0,(anonymous_7)
DA:1,0
DA:3,0
DA:5,0
DA:6,0
DA:7,0
DA:12,0
DA:14,0
DA:23,0
DA:25,0
DA:27,0
DA:33,0
DA:36,0
DA:38,0
DA:52,0
DA:54,0
DA:56,0
DA:62,0
DA:64,0
DA:67,0
DA:70,0
DA:71,0
DA:74,0
DA:83,0
DA:85,0
DA:87,0
DA:94,0
DA:96,0
DA:98,0
DA:100,0
DA:101,0
DA:103,0
DA:107,0
DA:117,0
DA:119,0
DA:121,0
DA:127,0
DA:130,0
DA:132,0
DA:140,0
DA:141,0
DA:142,0
DA:143,0
LF:42
LH:0
BRDA:15,0,0,0
BRDA:15,0,1,0
BRDA:27,1,0,0
BRDA:27,1,1,0
BRDA:27,1,2,0
BRDA:56,2,0,0
BRDA:56,2,1,0
BRDA:56,2,2,0
BRDA:87,3,0,0
BRDA:87,3,1,0
BRDA:87,3,2,0
BRDA:87,3,3,0
BRDA:100,4,0,0
BRDA:100,4,1,0
BRDA:121,5,0,0
BRDA:121,5,1,0
BRDA:121,5,2,0
BRF:17
BRH:0
end_of_record
TN:
SF:/Users/etrichardson/Dropbox/Snapit and Alexa/Alexa/CarAssistant/the_car/lambda/custom/util.js
FN:29,getS3PreSignedUrl
FN:43,(anonymous_1)
FN:45,(anonymous_2)
FN:53,(anonymous_3)
FN:64,(anonymous_4)
FN:76,(anonymous_5)
FN:97,(anonymous_6)
FN:105,(anonymous_7)
FN:117,(anonymous_8)
FN:138,(anonymous_9)
FN:140,(anonymous_10)
FN:159,(anonymous_11)
FN:180,(anonymous_12)
FN:182,(anonymous_13)
FN:191,(anonymous_14)
FN:206,getSlotValues
FN:210,(anonymous_16)
FN:260,(anonymous_17)
FN:266,(anonymous_18)
FN:268,(anonymous_19)
FN:271,(anonymous_20)
FN:282,(anonymous_21)
FN:284,(anonymous_22)
FN:286,(anonymous_23)
FN:294,(anonymous_24)
FN:302,(anonymous_25)
FN:305,(anonymous_26)
FN:326,(anonymous_27)
FN:333,(anonymous_28)
FN:349,(anonymous_29)
FN:352,(anonymous_30)
FN:372,(anonymous_31)
FN:380,(anonymous_32)
FN:394,(anonymous_33)
FN:398,(anonymous_34)
FN:401,(anonymous_35)
FN:418,(anonymous_36)
FN:432,(anonymous_37)
FN:437,(anonymous_38)
FN:462,(anonymous_39)
FN:469,(anonymous_40)
FN:504,(anonymous_41)
FN:511,(anonymous_42)
FN:532,(anonymous_43)
FN:538,(anonymous_44)
FN:554,(anonymous_45)
FN:561,(anonymous_46)
FN:588,(anonymous_47)
FNF:48
FNH:0
FNDA:0,getS3PreSignedUrl
FNDA:0,(anonymous_1)
FNDA:0,(anonymous_2)
FNDA:0,(anonymous_3)
FNDA:0,(anonymous_4)
FNDA:0,(anonymous_5)
FNDA:0,(anonymous_6)
FNDA:0,(anonymous_7)
FNDA:0,(anonymous_8)
FNDA:0,(anonymous_9)
FNDA:0,(anonymous_10)
FNDA:0,(anonymous_11)
FNDA:0,(anonymous_12)
FNDA:0,(anonymous_13)
FNDA:0,(anonymous_14)
FNDA:0,getSlotValues
FNDA:0,(anonymous_16)
FNDA:0,(anonymous_17)
FNDA:0,(anonymous_18)
FNDA:0,(anonymous_19)
FNDA:0,(anonymous_20)
FNDA:0,(anonymous_21)
FNDA:0,(anonymous_22)
FNDA:0,(anonymous_23)
FNDA:0,(anonymous_24)
FNDA:0,(anonymous_25)
FNDA:0,(anonymous_26)
FNDA:0,(anonymous_27)
FNDA:0,(anonymous_28)
FNDA:0,(anonymous_29)
FNDA:0,(anonymous_30)
FNDA:0,(anonymous_31)
FNDA:0,(anonymous_32)
FNDA:0,(anonymous_33)
FNDA:0,(anonymous_34)
FNDA:0,(anonymous_35)
FNDA:0,(anonymous_36)
FNDA:0,(anonymous_37)
FNDA:0,(anonymous_38)
FNDA:0,(anonymous_39)
FNDA:0,(anonymous_40)
FNDA:0,(anonymous_41)
FNDA:0,(anonymous_42)
FNDA:0,(anonymous_43)
FNDA:0,(anonymous_44)
FNDA:0,(anonymous_45)
FNDA:0,(anonymous_46)
FNDA:0,(anonymous_47)
DA:1,0
DA:2,0
DA:3,0
DA:4,0
DA:5,0
DA:6,0
DA:7,0
DA:10,0
DA:15,0
DA:19,0
DA:23,0
DA:25,0
DA:29,0
DA:31,0
DA:32,0
DA:37,0
DA:38,0
DA:43,0
DA:45,0
DA:47,0
DA:53,0
DA:64,0
DA:66,0
DA:68,0
DA:69,0
DA:71,0
DA:72,0
DA:73,0
DA:74,0
DA:76,0
DA:78,0
DA:96,0
DA:99,0
DA:102,0
DA:117,0
DA:119,0
DA:134,0
DA:135,0
DA:138,0
DA:140,0
DA:141,0
DA:142,0
DA:143,0
DA:145,0
DA:147,0
DA:159,0
DA:160,0
DA:162,0
DA:167,0
DA:178,0
DA:180,0
DA:182,0
DA:183,0
DA:184,0
DA:185,0
DA:187,0
DA:188,0
DA:190,0
DA:191,0
DA:192,0
DA:193,0
DA:196,0
DA:207,0
DA:209,0
DA:210,0
DA:211,0
DA:213,0
DA:218,0
DA:220,0
DA:228,0
DA:230,0
DA:238,0
DA:240,0
DA:243,0
DA:253,0
DA:259,0
DA:261,0
DA:262,0
DA:263,0
DA:264,0
DA:265,0
DA:266,0
DA:267,0
DA:269,0
DA:272,0
DA:281,0
DA:283,0
DA:284,0
DA:285,0
DA:287,0
DA:288,0
DA:289,0
DA:290,0
DA:291,0
DA:292,0
DA:295,0
DA:302,0
DA:303,0
DA:305,0
DA:308,0
DA:323,0
DA:326,0
DA:327,0
DA:328,0
DA:329,0
DA:331,0
DA:332,0
DA:333,0
DA:334,0
DA:337,0
DA:349,0
DA:350,0
DA:352,0
DA:355,0
DA:369,0
DA:372,0
DA:373,0
DA:374,0
DA:375,0
DA:376,0
DA:378,0
DA:379,0
DA:380,0
DA:381,0
DA:384,0
DA:393,0
DA:395,0
DA:397,0
DA:398,0
DA:400,0
DA:403,0
DA:405,0
DA:406,0
DA:408,0
DA:410,0
DA:413,0
DA:414,0
DA:416,0
DA:419,0
DA:432,0
DA:434,0
DA:435,0
DA:437,0
DA:440,0
DA:445,0
DA:448,0
DA:460,0
DA:462,0
DA:463,0
DA:464,0
DA:465,0
DA:467,0
DA:468,0
DA:469,0
DA:471,0
DA:474,0
DA:475,0
DA:479,0
DA:481,0
DA:484,0
DA:486,0
DA:489,0
DA:504,0
DA:506,0
DA:507,0
DA:511,0
DA:513,0
DA:516,0
DA:519,0
DA:522,0
DA:523,0
DA:525,0
DA:528,0
DA:532,0
DA:533,0
DA:534,0
DA:536,0
DA:538,0
DA:540,0
DA:552,0
DA:554,0
DA:555,0
DA:556,0
DA:557,0
DA:559,0
DA:560,0
DA:561,0
DA:562,0
DA:565,0
DA:567,0
DA:570,0
DA:573,0
DA:588,0
DA:590,0
DA:591,0
DA:593,0
DA:594,0
DA:595,0
DA:598,0
DA:609,0
DA:613,0
DA:614,0
DA:615,0
DA:616,0
DA:617,0
DA:618,0
DA:619,0
DA:620,0
DA:621,0
DA:622,0
DA:623,0
DA:624,0
DA:625,0
DA:626,0
LF:214
LH:0
BRDA:141,0,0,0
BRDA:141,0,1,0
BRDA:183,1,0,0
BRDA:183,1,1,0
BRDA:190,2,0,0
BRDA:190,2,1,0
BRDA:213,3,0,0
BRDA:213,3,1,0
BRDA:213,4,0,0
BRDA:213,4,1,0
BRDA:213,4,2,0
BRDA:213,4,3,0
BRDA:213,4,4,0
BRDA:218,5,0,0
BRDA:218,5,1,0
BRDA:218,5,2,0
BRDA:261,6,0,0
BRDA:261,6,1,0
BRDA:262,7,0,0
BRDA:262,7,1,0
BRDA:262,8,0,0
BRDA:262,8,1,0
BRDA:283,9,0,0
BRDA:283,9,1,0
BRDA:287,10,0,0
BRDA:287,10,1,0
BRDA:288,11,0,0
BRDA:288,11,1,0
BRDA:327,12,0,0
BRDA:327,12,1,0
BRDA:332,13,0,0
BRDA:332,13,1,0
BRDA:373,14,0,0
BRDA:373,14,1,0
BRDA:379,15,0,0
BRDA:379,15,1,0
BRDA:397,16,0,0
BRDA:397,16,1,0
BRDA:403,17,0,0
BRDA:403,17,1,0
BRDA:405,18,0,0
BRDA:405,18,1,0
BRDA:463,19,0,0
BRDA:463,19,1,0
BRDA:468,20,0,0
BRDA:468,20,1,0
BRDA:475,21,0,0
BRDA:475,21,1,0
BRDA:475,22,0,0
BRDA:475,22,1,0
BRDA:475,22,2,0
BRDA:522,23,0,0
BRDA:522,23,1,0
BRDA:555,24,0,0
BRDA:555,24,1,0
BRDA:560,25,0,0
BRDA:560,25,1,0
BRF:57
BRH:0
end_of_record
TN:
SF:/Users/etrichardson/Dropbox/Snapit and Alexa/Alexa/CarAssistant/the_car/lambda/custom/interceptors/request.js
FN:7,(anonymous_0)
FN:11,(anonymous_1)
FN:12,(anonymous_2)
FNF:3
FNH:0
FNDA:0,(anonymous_0)
FNDA:0,(anonymous_1)
FNDA:0,(anonymous_2)
DA:2,0
DA:6,0
DA:8,0
DA:12,0
DA:17,0
LF:5
LH:0
BRF:0
BRH:0
end_of_record
TN:
SF:/Users/etrichardson/Dropbox/Snapit and Alexa/Alexa/CarAssistant/the_car/lambda/custom/interceptors/response.js
FNF:0
FNH:0
LF:0
LH:0
BRF:0
BRH:0
end_of_record
