{
  "numFailedTestSuites": 2,
  "numFailedTests": 2,
  "numPassedTestSuites": 0,
  "numPassedTests": 0,
  "numPendingTestSuites": 0,
  "numPendingTests": 0,
  "numRuntimeErrorTestSuites": 0,
  "numTodoTests": 0,
  "numTotalTestSuites": 2,
  "numTotalTests": 2,
  "openHandles": [],
  "snapshot": {
    "added": 0,
    "didUpdate": false,
    "failure": false,
    "filesAdded": 0,
    "filesRemoved": 0,
    "filesRemovedList": [],
    "filesUnmatched": 0,
    "filesUpdated": 0,
    "matched": 0,
    "total": 0,
    "unchecked": 0,
    "uncheckedKeysByFile": [],
    "unmatched": 0,
    "updated": 0
  },
  "startTime": 1581800027460,
  "success": false,
  "testResults": [
    {
      "failureMessage": "\u001b[1m\u001b[31m  \u001b[1m● \u001b[1mMy first unit test suite (en-US) › Launch and ask for help › LaunchRequest\u001b[39m\u001b[22m\n\n    Expected value at [prompt] to ==\n\u001b[2m\u001b[22m\n\u001b[2m      \tWelcome to carsay\u001b[22m\n\u001b[2m      Received:\u001b[22m\n\u001b[2m      \t<speak>Sorry, I had trouble doing what you asked. Please try again.</speak>\u001b[22m\n\u001b[2m      Timestamp:\u001b[22m\n\u001b[2m      \t2020-02-15T22:53:50.429\u001b[22m\n\n\u001b[1m\u001b[31m  \u001b[1m● \u001b[1mMy first unit test suite (en-US) › Launch and ask for help › AMAZON.HelpIntent\u001b[39m\u001b[22m\n\n    Expected value at [prompt] to ==\n    \tWhat can I help you with?\n    Received:\n    \t<speak>You can say hello to me! How can I help?</speak>\n\u001b[2m\u001b[22m\n\u001b[2m    \u001b[0m \u001b[90m 14 | \u001b[39m\u001b[33m-\u001b[39m \u001b[33mLaunchRequest\u001b[39m \u001b[33m:\u001b[39m \u001b[32m\"launchPrompt\"\u001b[39m\u001b[0m\u001b[22m\n\u001b[2m    \u001b[0m \u001b[90m 15 | \u001b[39m\u001b[33m-\u001b[39m \u001b[33mAMAZON\u001b[39m\u001b[33m.\u001b[39m\u001b[33mHelpIntent\u001b[39m \u001b[33m:\u001b[39m\u001b[0m\u001b[22m\n\u001b[2m    \u001b[0m\u001b[31m\u001b[1m>\u001b[2m\u001b[39m\u001b[90m 16 | \u001b[39m  \u001b[33m-\u001b[39m prompt \u001b[33m:\u001b[39m \u001b[32m\"helpPrompt\"\u001b[39m\u001b[0m\u001b[22m\n\u001b[2m    \u001b[0m \u001b[90m 17 | \u001b[39m  \u001b[33m-\u001b[39m cardContent \u001b[33m:\u001b[39m \u001b[32m\"helpPrompt\"\u001b[39m\u001b[0m\u001b[22m\n\u001b[2m    \u001b[0m \u001b[90m 18 | \u001b[39m  \u001b[33m-\u001b[39m cardTitle \u001b[33m:\u001b[39m \u001b[32m\"cardTitle\"\u001b[39m\u001b[0m\u001b[22m\n\u001b[2m    \u001b[0m \u001b[90m 19 | \u001b[39m\u001b[0m\u001b[22m\n\u001b[2m\u001b[22m\n\u001b[2m      \u001b[2mat \u001b[2m\u001b[0m\u001b[36mtest/unit/index.test.yml\u001b[39m\u001b[0m\u001b[2m:16:0\u001b[2m\u001b[22m\n\u001b[2m      Timestamp:\u001b[22m\n\u001b[2m      \t2020-02-15T22:53:50.540\u001b[22m\n",
      "leaks": false,
      "memoryUsage": 0,
      "numFailingTests": 1,
      "numPassingTests": 0,
      "numPendingTests": 0,
      "skipped": false,
      "snapshot": {
        "added": 0,
        "fileDeleted": false,
        "matched": 0,
        "unchecked": 0,
        "uncheckedKeys": [],
        "unmatched": 0,
        "updated": 0
      },
      "testFilePath": "/Users/etrichardson/Dropbox/Snapit and Alexa/Alexa/CarAssistant/the_car/test/unit/index.test.yml",
      "testResults": [
        {
          "ancestorTitles": [
            "My first unit test suite (en-US)",
            "Launch and ask for help"
          ],
          "duration": 2180,
          "failureMessages": [
            "Expected value at [prompt] to ==\n\tWelcome to carsay\nReceived:\n\t<speak>Sorry, I had trouble doing what you asked. Please try again.</speak>\n\nTimestamp:\n\t2020-02-15T22:53:50.429"
          ],
          "location": {
            "column": 0,
            "line": 0
          },
          "numPassingAsserts": 0,
          "status": "failed",
          "title": "LaunchRequest"
        },
        {
          "ancestorTitles": [
            "My first unit test suite (en-US)",
            "Launch and ask for help"
          ],
          "duration": 110,
          "failureMessages": [
            "Expected value at [prompt] to ==\n\tWhat can I help you with?\nReceived:\n\t<speak>You can say hello to me! How can I help?</speak>\nat /Users/etrichardson/Dropbox/Snapit and Alexa/Alexa/CarAssistant/the_car/test/unit/index.test.yml:16:0\nTimestamp:\n\t2020-02-15T22:53:50.540"
          ],
          "location": {
            "column": 0,
            "line": 0
          },
          "numPassingAsserts": 0,
          "status": "failed",
          "title": "AMAZON.HelpIntent"
        }
      ],
      "perfStats": {
        "end": 1581800030574,
        "start": 1581800027520
      },
      "numTodoTests": 0
    },
    {
      "failureMessage": "\u001b[1m\u001b[31m  \u001b[1m● \u001b[1m › Launch and ask to regsiter the device › prompt\u001b[39m\u001b[22m\n\n    Test Syntax Error:\n    \tInvalid operator: the\n\u001b[2m\u001b[22m\n\u001b[2m    \u001b[0m \u001b[90m  6 | \u001b[39m\u001b[33m-\u001b[39m registerIntent\u001b[33m:\u001b[39m \u001b[32m\"Welcome, first things first, we need to link this device to this car.\"\u001b[39m\u001b[0m\u001b[22m\n\u001b[2m    \u001b[0m \u001b[90m  7 | \u001b[39m\u001b[33m-\u001b[39m prompt\u001b[33m:\u001b[39m\u001b[0m\u001b[22m\n\u001b[2m    \u001b[0m\u001b[31m\u001b[1m>\u001b[2m\u001b[39m\u001b[90m  8 | \u001b[39m  \u001b[33m-\u001b[39m \u001b[32m\"Whats the make of the vehicle?\"\u001b[39m\u001b[0m\u001b[22m\n\u001b[2m    \u001b[0m \u001b[90m  9 | \u001b[39m  \u001b[33m-\u001b[39m \u001b[32m\"Could you tell me the make ?\"\u001b[39m\u001b[0m\u001b[22m\n\u001b[2m    \u001b[0m \u001b[90m 10 | \u001b[39m  \u001b[33m-\u001b[39m \u001b[32m\"Whats the make?\"\u001b[39m\u001b[0m\u001b[22m\n\u001b[2m    \u001b[0m \u001b[90m 11 | \u001b[39m  \u001b[33m-\u001b[39m \u001b[32m\"Do you know the make?\"\u001b[39m\u001b[0m\u001b[22m\n\u001b[2m\u001b[22m\n\u001b[2m      \u001b[2mat \u001b[2m\u001b[0m\u001b[36mtest/index.test.yml\u001b[39m\u001b[0m\u001b[2m:8:0\u001b[2m\u001b[22m\n",
      "leaks": false,
      "memoryUsage": 0,
      "numFailingTests": 1,
      "numPassingTests": 0,
      "numPendingTests": 0,
      "skipped": false,
      "snapshot": {
        "added": 0,
        "fileDeleted": false,
        "matched": 0,
        "unchecked": 0,
        "uncheckedKeys": [],
        "unmatched": 0,
        "updated": 0
      },
      "testFilePath": "/Users/etrichardson/Dropbox/Snapit and Alexa/Alexa/CarAssistant/the_car/test/index.test.yml",
      "testResults": [
        {
          "ancestorTitles": [
            null,
            "Launch and ask to regsiter the device"
          ],
          "failureMessages": [
            "Test Syntax Error:\n\tInvalid operator: the\nat /Users/etrichardson/Dropbox/Snapit and Alexa/Alexa/CarAssistant/the_car/test/index.test.yml:8:0"
          ],
          "location": {
            "column": 0,
            "line": 0
          },
          "numPassingAsserts": 0,
          "status": "failed",
          "title": "prompt"
        }
      ],
      "perfStats": {
        "end": 1581800030716,
        "start": 1581800030639
      },
      "numTodoTests": 0
    }
  ],
  "wasInterrupted": false,
  "coverageMap": {
    "/Users/etrichardson/Dropbox/Snapit and Alexa/Alexa/CarAssistant/the_car/lambda/custom/index.js": {
      "path": "/Users/etrichardson/Dropbox/Snapit and Alexa/Alexa/CarAssistant/the_car/lambda/custom/index.js",
      "statementMap": {
        "0": {
          "start": {
            "line": 4,
            "column": 14
          },
          "end": {
            "line": 4,
            "column": 32
          }
        },
        "1": {
          "start": {
            "line": 6,
            "column": 8
          },
          "end": {
            "line": 6,
            "column": 25
          }
        },
        "2": {
          "start": {
            "line": 7,
            "column": 15
          },
          "end": {
            "line": 7,
            "column": 45
          }
        },
        "3": {
          "start": {
            "line": 9,
            "column": 23
          },
          "end": {
            "line": 9,
            "column": 35
          }
        },
        "4": {
          "start": {
            "line": 10,
            "column": 24
          },
          "end": {
            "line": 10,
            "column": 58
          }
        },
        "5": {
          "start": {
            "line": 12,
            "column": 22
          },
          "end": {
            "line": 12,
            "column": 46
          }
        },
        "6": {
          "start": {
            "line": 13,
            "column": 16
          },
          "end": {
            "line": 13,
            "column": 62
          }
        },
        "7": {
          "start": {
            "line": 14,
            "column": 14
          },
          "end": {
            "line": 14,
            "column": 46
          }
        },
        "8": {
          "start": {
            "line": 16,
            "column": 14
          },
          "end": {
            "line": 16,
            "column": 31
          }
        },
        "9": {
          "start": {
            "line": 18,
            "column": 25
          },
          "end": {
            "line": 18,
            "column": 55
          }
        },
        "10": {
          "start": {
            "line": 19,
            "column": 15
          },
          "end": {
            "line": 19,
            "column": 43
          }
        },
        "11": {
          "start": {
            "line": 20,
            "column": 33
          },
          "end": {
            "line": 20,
            "column": 63
          }
        },
        "12": {
          "start": {
            "line": 25,
            "column": 4
          },
          "end": {
            "line": 25,
            "column": 51
          }
        },
        "13": {
          "start": {
            "line": 27,
            "column": 0
          },
          "end": {
            "line": 30,
            "column": 3
          }
        },
        "14": {
          "start": {
            "line": 34,
            "column": 4
          },
          "end": {
            "line": 41,
            "column": 5
          }
        },
        "15": {
          "start": {
            "line": 40,
            "column": 8
          },
          "end": {
            "line": 40,
            "column": 72
          }
        },
        "16": {
          "start": {
            "line": 42,
            "column": 4
          },
          "end": {
            "line": 42,
            "column": 57
          }
        },
        "17": {
          "start": {
            "line": 85,
            "column": 30
          },
          "end": {
            "line": 160,
            "column": 1
          }
        },
        "18": {
          "start": {
            "line": 88,
            "column": 8
          },
          "end": {
            "line": 88,
            "column": 75
          }
        },
        "19": {
          "start": {
            "line": 89,
            "column": 8
          },
          "end": {
            "line": 89,
            "column": 83
          }
        },
        "20": {
          "start": {
            "line": 95,
            "column": 8
          },
          "end": {
            "line": 97,
            "column": 98
          }
        },
        "21": {
          "start": {
            "line": 107,
            "column": 8
          },
          "end": {
            "line": 107,
            "column": 59
          }
        },
        "22": {
          "start": {
            "line": 108,
            "column": 8
          },
          "end": {
            "line": 108,
            "column": 81
          }
        },
        "23": {
          "start": {
            "line": 109,
            "column": 8
          },
          "end": {
            "line": 109,
            "column": 69
          }
        },
        "24": {
          "start": {
            "line": 111,
            "column": 8
          },
          "end": {
            "line": 111,
            "column": 38
          }
        },
        "25": {
          "start": {
            "line": 112,
            "column": 8
          },
          "end": {
            "line": 112,
            "column": 66
          }
        },
        "26": {
          "start": {
            "line": 116,
            "column": 24
          },
          "end": {
            "line": 116,
            "column": 83
          }
        },
        "27": {
          "start": {
            "line": 117,
            "column": 32
          },
          "end": {
            "line": 117,
            "column": 76
          }
        },
        "28": {
          "start": {
            "line": 119,
            "column": 8
          },
          "end": {
            "line": 119,
            "column": 90
          }
        },
        "29": {
          "start": {
            "line": 121,
            "column": 8
          },
          "end": {
            "line": 158,
            "column": 9
          }
        },
        "30": {
          "start": {
            "line": 123,
            "column": 12
          },
          "end": {
            "line": 123,
            "column": 82
          }
        },
        "31": {
          "start": {
            "line": 125,
            "column": 31
          },
          "end": {
            "line": 125,
            "column": 97
          }
        },
        "32": {
          "start": {
            "line": 128,
            "column": 12
          },
          "end": {
            "line": 128,
            "column": 162
          }
        },
        "33": {
          "start": {
            "line": 129,
            "column": 12
          },
          "end": {
            "line": 129,
            "column": 60
          }
        },
        "34": {
          "start": {
            "line": 130,
            "column": 12
          },
          "end": {
            "line": 130,
            "column": 51
          }
        },
        "35": {
          "start": {
            "line": 131,
            "column": 12
          },
          "end": {
            "line": 131,
            "column": 70
          }
        },
        "36": {
          "start": {
            "line": 133,
            "column": 12
          },
          "end": {
            "line": 137,
            "column": 31
          }
        },
        "37": {
          "start": {
            "line": 140,
            "column": 12
          },
          "end": {
            "line": 140,
            "column": 86
          }
        },
        "38": {
          "start": {
            "line": 144,
            "column": 12
          },
          "end": {
            "line": 144,
            "column": 56
          }
        },
        "39": {
          "start": {
            "line": 146,
            "column": 12
          },
          "end": {
            "line": 146,
            "column": 98
          }
        },
        "40": {
          "start": {
            "line": 147,
            "column": 12
          },
          "end": {
            "line": 147,
            "column": 98
          }
        },
        "41": {
          "start": {
            "line": 149,
            "column": 12
          },
          "end": {
            "line": 156,
            "column": 31
          }
        },
        "42": {
          "start": {
            "line": 166,
            "column": 32
          },
          "end": {
            "line": 214,
            "column": 1
          }
        },
        "43": {
          "start": {
            "line": 168,
            "column": 8
          },
          "end": {
            "line": 168,
            "column": 59
          }
        },
        "44": {
          "start": {
            "line": 170,
            "column": 8
          },
          "end": {
            "line": 170,
            "column": 59
          }
        },
        "45": {
          "start": {
            "line": 171,
            "column": 8
          },
          "end": {
            "line": 171,
            "column": 69
          }
        },
        "46": {
          "start": {
            "line": 173,
            "column": 8
          },
          "end": {
            "line": 175,
            "column": 89
          }
        },
        "47": {
          "start": {
            "line": 179,
            "column": 8
          },
          "end": {
            "line": 179,
            "column": 53
          }
        },
        "48": {
          "start": {
            "line": 181,
            "column": 8
          },
          "end": {
            "line": 181,
            "column": 59
          }
        },
        "49": {
          "start": {
            "line": 182,
            "column": 8
          },
          "end": {
            "line": 182,
            "column": 69
          }
        },
        "50": {
          "start": {
            "line": 185,
            "column": 8
          },
          "end": {
            "line": 210,
            "column": 9
          }
        },
        "51": {
          "start": {
            "line": 188,
            "column": 12
          },
          "end": {
            "line": 188,
            "column": 75
          }
        },
        "52": {
          "start": {
            "line": 190,
            "column": 12
          },
          "end": {
            "line": 190,
            "column": 120
          }
        },
        "53": {
          "start": {
            "line": 192,
            "column": 12
          },
          "end": {
            "line": 199,
            "column": 31
          }
        },
        "54": {
          "start": {
            "line": 201,
            "column": 15
          },
          "end": {
            "line": 210,
            "column": 9
          }
        },
        "55": {
          "start": {
            "line": 204,
            "column": 12
          },
          "end": {
            "line": 204,
            "column": 62
          }
        },
        "56": {
          "start": {
            "line": 206,
            "column": 12
          },
          "end": {
            "line": 209,
            "column": 31
          }
        },
        "57": {
          "start": {
            "line": 221,
            "column": 40
          },
          "end": {
            "line": 246,
            "column": 1
          }
        },
        "58": {
          "start": {
            "line": 224,
            "column": 8
          },
          "end": {
            "line": 224,
            "column": 136
          }
        },
        "59": {
          "start": {
            "line": 226,
            "column": 24
          },
          "end": {
            "line": 226,
            "column": 60
          }
        },
        "60": {
          "start": {
            "line": 228,
            "column": 8
          },
          "end": {
            "line": 230,
            "column": 45
          }
        },
        "61": {
          "start": {
            "line": 235,
            "column": 24
          },
          "end": {
            "line": 235,
            "column": 60
          }
        },
        "62": {
          "start": {
            "line": 236,
            "column": 32
          },
          "end": {
            "line": 236,
            "column": 60
          }
        },
        "63": {
          "start": {
            "line": 238,
            "column": 8
          },
          "end": {
            "line": 238,
            "column": 60
          }
        },
        "64": {
          "start": {
            "line": 240,
            "column": 8
          },
          "end": {
            "line": 244,
            "column": 27
          }
        },
        "65": {
          "start": {
            "line": 253,
            "column": 50
          },
          "end": {
            "line": 300,
            "column": 1
          }
        },
        "66": {
          "start": {
            "line": 256,
            "column": 8
          },
          "end": {
            "line": 256,
            "column": 146
          }
        },
        "67": {
          "start": {
            "line": 258,
            "column": 24
          },
          "end": {
            "line": 258,
            "column": 60
          }
        },
        "68": {
          "start": {
            "line": 260,
            "column": 8
          },
          "end": {
            "line": 262,
            "column": 50
          }
        },
        "69": {
          "start": {
            "line": 267,
            "column": 24
          },
          "end": {
            "line": 267,
            "column": 60
          }
        },
        "70": {
          "start": {
            "line": 268,
            "column": 32
          },
          "end": {
            "line": 268,
            "column": 60
          }
        },
        "71": {
          "start": {
            "line": 269,
            "column": 8
          },
          "end": {
            "line": 269,
            "column": 59
          }
        },
        "72": {
          "start": {
            "line": 271,
            "column": 35
          },
          "end": {
            "line": 271,
            "column": 84
          }
        },
        "73": {
          "start": {
            "line": 272,
            "column": 8
          },
          "end": {
            "line": 272,
            "column": 87
          }
        },
        "74": {
          "start": {
            "line": 274,
            "column": 25
          },
          "end": {
            "line": 274,
            "column": 66
          }
        },
        "75": {
          "start": {
            "line": 275,
            "column": 8
          },
          "end": {
            "line": 275,
            "column": 63
          }
        },
        "76": {
          "start": {
            "line": 278,
            "column": 24
          },
          "end": {
            "line": 278,
            "column": 83
          }
        },
        "77": {
          "start": {
            "line": 279,
            "column": 32
          },
          "end": {
            "line": 279,
            "column": 76
          }
        },
        "78": {
          "start": {
            "line": 280,
            "column": 27
          },
          "end": {
            "line": 280,
            "column": 93
          }
        },
        "79": {
          "start": {
            "line": 281,
            "column": 8
          },
          "end": {
            "line": 281,
            "column": 72
          }
        },
        "80": {
          "start": {
            "line": 283,
            "column": 8
          },
          "end": {
            "line": 283,
            "column": 69
          }
        },
        "81": {
          "start": {
            "line": 284,
            "column": 8
          },
          "end": {
            "line": 284,
            "column": 108
          }
        },
        "82": {
          "start": {
            "line": 289,
            "column": 8
          },
          "end": {
            "line": 289,
            "column": 86
          }
        },
        "83": {
          "start": {
            "line": 290,
            "column": 8
          },
          "end": {
            "line": 290,
            "column": 74
          }
        },
        "84": {
          "start": {
            "line": 291,
            "column": 8
          },
          "end": {
            "line": 291,
            "column": 76
          }
        },
        "85": {
          "start": {
            "line": 293,
            "column": 8
          },
          "end": {
            "line": 293,
            "column": 66
          }
        },
        "86": {
          "start": {
            "line": 295,
            "column": 8
          },
          "end": {
            "line": 298,
            "column": 27
          }
        },
        "87": {
          "start": {
            "line": 309,
            "column": 44
          },
          "end": {
            "line": 413,
            "column": 1
          }
        },
        "88": {
          "start": {
            "line": 312,
            "column": 8
          },
          "end": {
            "line": 312,
            "column": 70
          }
        },
        "89": {
          "start": {
            "line": 314,
            "column": 24
          },
          "end": {
            "line": 314,
            "column": 60
          }
        },
        "90": {
          "start": {
            "line": 315,
            "column": 8
          },
          "end": {
            "line": 317,
            "column": 48
          }
        },
        "91": {
          "start": {
            "line": 321,
            "column": 8
          },
          "end": {
            "line": 321,
            "column": 59
          }
        },
        "92": {
          "start": {
            "line": 322,
            "column": 8
          },
          "end": {
            "line": 322,
            "column": 81
          }
        },
        "93": {
          "start": {
            "line": 323,
            "column": 8
          },
          "end": {
            "line": 323,
            "column": 69
          }
        },
        "94": {
          "start": {
            "line": 325,
            "column": 8
          },
          "end": {
            "line": 325,
            "column": 64
          }
        },
        "95": {
          "start": {
            "line": 327,
            "column": 24
          },
          "end": {
            "line": 327,
            "column": 60
          }
        },
        "96": {
          "start": {
            "line": 328,
            "column": 32
          },
          "end": {
            "line": 328,
            "column": 60
          }
        },
        "97": {
          "start": {
            "line": 331,
            "column": 24
          },
          "end": {
            "line": 331,
            "column": 83
          }
        },
        "98": {
          "start": {
            "line": 334,
            "column": 25
          },
          "end": {
            "line": 334,
            "column": 66
          }
        },
        "99": {
          "start": {
            "line": 335,
            "column": 8
          },
          "end": {
            "line": 335,
            "column": 63
          }
        },
        "100": {
          "start": {
            "line": 337,
            "column": 8
          },
          "end": {
            "line": 339,
            "column": 9
          }
        },
        "101": {
          "start": {
            "line": 338,
            "column": 12
          },
          "end": {
            "line": 338,
            "column": 47
          }
        },
        "102": {
          "start": {
            "line": 341,
            "column": 26
          },
          "end": {
            "line": 341,
            "column": 64
          }
        },
        "103": {
          "start": {
            "line": 342,
            "column": 27
          },
          "end": {
            "line": 342,
            "column": 66
          }
        },
        "104": {
          "start": {
            "line": 343,
            "column": 22
          },
          "end": {
            "line": 343,
            "column": 57
          }
        },
        "105": {
          "start": {
            "line": 346,
            "column": 8
          },
          "end": {
            "line": 346,
            "column": 62
          }
        },
        "106": {
          "start": {
            "line": 347,
            "column": 8
          },
          "end": {
            "line": 347,
            "column": 64
          }
        },
        "107": {
          "start": {
            "line": 348,
            "column": 8
          },
          "end": {
            "line": 348,
            "column": 51
          }
        },
        "108": {
          "start": {
            "line": 351,
            "column": 8
          },
          "end": {
            "line": 355,
            "column": 9
          }
        },
        "109": {
          "start": {
            "line": 354,
            "column": 12
          },
          "end": {
            "line": 354,
            "column": 27
          }
        },
        "110": {
          "start": {
            "line": 358,
            "column": 8
          },
          "end": {
            "line": 358,
            "column": 44
          }
        },
        "111": {
          "start": {
            "line": 359,
            "column": 8
          },
          "end": {
            "line": 359,
            "column": 66
          }
        },
        "112": {
          "start": {
            "line": 362,
            "column": 27
          },
          "end": {
            "line": 362,
            "column": 96
          }
        },
        "113": {
          "start": {
            "line": 364,
            "column": 8
          },
          "end": {
            "line": 410,
            "column": 9
          }
        },
        "114": {
          "start": {
            "line": 366,
            "column": 12
          },
          "end": {
            "line": 366,
            "column": 76
          }
        },
        "115": {
          "start": {
            "line": 369,
            "column": 12
          },
          "end": {
            "line": 369,
            "column": 81
          }
        },
        "116": {
          "start": {
            "line": 372,
            "column": 12
          },
          "end": {
            "line": 372,
            "column": 51
          }
        },
        "117": {
          "start": {
            "line": 373,
            "column": 12
          },
          "end": {
            "line": 373,
            "column": 63
          }
        },
        "118": {
          "start": {
            "line": 374,
            "column": 12
          },
          "end": {
            "line": 374,
            "column": 48
          }
        },
        "119": {
          "start": {
            "line": 375,
            "column": 12
          },
          "end": {
            "line": 375,
            "column": 69
          }
        },
        "120": {
          "start": {
            "line": 377,
            "column": 12
          },
          "end": {
            "line": 377,
            "column": 119
          }
        },
        "121": {
          "start": {
            "line": 378,
            "column": 12
          },
          "end": {
            "line": 378,
            "column": 70
          }
        },
        "122": {
          "start": {
            "line": 380,
            "column": 12
          },
          "end": {
            "line": 380,
            "column": 60
          }
        },
        "123": {
          "start": {
            "line": 383,
            "column": 12
          },
          "end": {
            "line": 383,
            "column": 85
          }
        },
        "124": {
          "start": {
            "line": 384,
            "column": 12
          },
          "end": {
            "line": 384,
            "column": 83
          }
        },
        "125": {
          "start": {
            "line": 385,
            "column": 12
          },
          "end": {
            "line": 385,
            "column": 85
          }
        },
        "126": {
          "start": {
            "line": 387,
            "column": 12
          },
          "end": {
            "line": 387,
            "column": 54
          }
        },
        "127": {
          "start": {
            "line": 389,
            "column": 12
          },
          "end": {
            "line": 392,
            "column": 31
          }
        },
        "128": {
          "start": {
            "line": 397,
            "column": 12
          },
          "end": {
            "line": 397,
            "column": 178
          }
        },
        "129": {
          "start": {
            "line": 398,
            "column": 12
          },
          "end": {
            "line": 398,
            "column": 37
          }
        },
        "130": {
          "start": {
            "line": 400,
            "column": 12
          },
          "end": {
            "line": 400,
            "column": 60
          }
        },
        "131": {
          "start": {
            "line": 403,
            "column": 12
          },
          "end": {
            "line": 403,
            "column": 70
          }
        },
        "132": {
          "start": {
            "line": 406,
            "column": 12
          },
          "end": {
            "line": 409,
            "column": 31
          }
        },
        "133": {
          "start": {
            "line": 419,
            "column": 45
          },
          "end": {
            "line": 439,
            "column": 1
          }
        },
        "134": {
          "start": {
            "line": 422,
            "column": 8
          },
          "end": {
            "line": 422,
            "column": 137
          }
        },
        "135": {
          "start": {
            "line": 424,
            "column": 24
          },
          "end": {
            "line": 424,
            "column": 60
          }
        },
        "136": {
          "start": {
            "line": 426,
            "column": 8
          },
          "end": {
            "line": 428,
            "column": 48
          }
        },
        "137": {
          "start": {
            "line": 433,
            "column": 8
          },
          "end": {
            "line": 433,
            "column": 66
          }
        },
        "138": {
          "start": {
            "line": 435,
            "column": 8
          },
          "end": {
            "line": 437,
            "column": 27
          }
        },
        "139": {
          "start": {
            "line": 446,
            "column": 34
          },
          "end": {
            "line": 512,
            "column": 1
          }
        },
        "140": {
          "start": {
            "line": 449,
            "column": 8
          },
          "end": {
            "line": 449,
            "column": 61
          }
        },
        "141": {
          "start": {
            "line": 451,
            "column": 8
          },
          "end": {
            "line": 451,
            "column": 82
          }
        },
        "142": {
          "start": {
            "line": 453,
            "column": 8
          },
          "end": {
            "line": 454,
            "column": 82
          }
        },
        "143": {
          "start": {
            "line": 458,
            "column": 8
          },
          "end": {
            "line": 458,
            "column": 52
          }
        },
        "144": {
          "start": {
            "line": 463,
            "column": 32
          },
          "end": {
            "line": 463,
            "column": 60
          }
        },
        "145": {
          "start": {
            "line": 464,
            "column": 8
          },
          "end": {
            "line": 464,
            "column": 59
          }
        },
        "146": {
          "start": {
            "line": 465,
            "column": 8
          },
          "end": {
            "line": 465,
            "column": 69
          }
        },
        "147": {
          "start": {
            "line": 467,
            "column": 8
          },
          "end": {
            "line": 467,
            "column": 44
          }
        },
        "148": {
          "start": {
            "line": 470,
            "column": 8
          },
          "end": {
            "line": 470,
            "column": 37
          }
        },
        "149": {
          "start": {
            "line": 473,
            "column": 23
          },
          "end": {
            "line": 473,
            "column": 82
          }
        },
        "150": {
          "start": {
            "line": 476,
            "column": 8
          },
          "end": {
            "line": 476,
            "column": 49
          }
        },
        "151": {
          "start": {
            "line": 477,
            "column": 8
          },
          "end": {
            "line": 477,
            "column": 51
          }
        },
        "152": {
          "start": {
            "line": 480,
            "column": 26
          },
          "end": {
            "line": 480,
            "column": 95
          }
        },
        "153": {
          "start": {
            "line": 482,
            "column": 8
          },
          "end": {
            "line": 482,
            "column": 71
          }
        },
        "154": {
          "start": {
            "line": 485,
            "column": 8
          },
          "end": {
            "line": 485,
            "column": 69
          }
        },
        "155": {
          "start": {
            "line": 488,
            "column": 8
          },
          "end": {
            "line": 488,
            "column": 46
          }
        },
        "156": {
          "start": {
            "line": 489,
            "column": 8
          },
          "end": {
            "line": 489,
            "column": 58
          }
        },
        "157": {
          "start": {
            "line": 490,
            "column": 8
          },
          "end": {
            "line": 490,
            "column": 44
          }
        },
        "158": {
          "start": {
            "line": 491,
            "column": 8
          },
          "end": {
            "line": 491,
            "column": 64
          }
        },
        "159": {
          "start": {
            "line": 493,
            "column": 8
          },
          "end": {
            "line": 493,
            "column": 115
          }
        },
        "160": {
          "start": {
            "line": 494,
            "column": 8
          },
          "end": {
            "line": 494,
            "column": 66
          }
        },
        "161": {
          "start": {
            "line": 496,
            "column": 8
          },
          "end": {
            "line": 496,
            "column": 87
          }
        },
        "162": {
          "start": {
            "line": 499,
            "column": 8
          },
          "end": {
            "line": 499,
            "column": 81
          }
        },
        "163": {
          "start": {
            "line": 500,
            "column": 8
          },
          "end": {
            "line": 500,
            "column": 78
          }
        },
        "164": {
          "start": {
            "line": 501,
            "column": 8
          },
          "end": {
            "line": 501,
            "column": 80
          }
        },
        "165": {
          "start": {
            "line": 503,
            "column": 8
          },
          "end": {
            "line": 503,
            "column": 50
          }
        },
        "166": {
          "start": {
            "line": 505,
            "column": 8
          },
          "end": {
            "line": 508,
            "column": 27
          }
        },
        "167": {
          "start": {
            "line": 514,
            "column": 33
          },
          "end": {
            "line": 556,
            "column": 1
          }
        },
        "168": {
          "start": {
            "line": 517,
            "column": 8
          },
          "end": {
            "line": 517,
            "column": 60
          }
        },
        "169": {
          "start": {
            "line": 519,
            "column": 8
          },
          "end": {
            "line": 519,
            "column": 82
          }
        },
        "170": {
          "start": {
            "line": 521,
            "column": 8
          },
          "end": {
            "line": 523,
            "column": 89
          }
        },
        "171": {
          "start": {
            "line": 526,
            "column": 8
          },
          "end": {
            "line": 526,
            "column": 51
          }
        },
        "172": {
          "start": {
            "line": 528,
            "column": 8
          },
          "end": {
            "line": 554,
            "column": 9
          }
        },
        "173": {
          "start": {
            "line": 531,
            "column": 12
          },
          "end": {
            "line": 531,
            "column": 31
          }
        },
        "174": {
          "start": {
            "line": 533,
            "column": 12
          },
          "end": {
            "line": 541,
            "column": 31
          }
        },
        "175": {
          "start": {
            "line": 547,
            "column": 12
          },
          "end": {
            "line": 547,
            "column": 56
          }
        },
        "176": {
          "start": {
            "line": 550,
            "column": 12
          },
          "end": {
            "line": 553,
            "column": 31
          }
        },
        "177": {
          "start": {
            "line": 566,
            "column": 30
          },
          "end": {
            "line": 658,
            "column": 1
          }
        },
        "178": {
          "start": {
            "line": 569,
            "column": 8
          },
          "end": {
            "line": 569,
            "column": 57
          }
        },
        "179": {
          "start": {
            "line": 570,
            "column": 8
          },
          "end": {
            "line": 571,
            "column": 83
          }
        },
        "180": {
          "start": {
            "line": 575,
            "column": 8
          },
          "end": {
            "line": 575,
            "column": 50
          }
        },
        "181": {
          "start": {
            "line": 577,
            "column": 23
          },
          "end": {
            "line": 577,
            "column": 117
          }
        },
        "182": {
          "start": {
            "line": 578,
            "column": 8
          },
          "end": {
            "line": 589,
            "column": 9
          }
        },
        "183": {
          "start": {
            "line": 579,
            "column": 12
          },
          "end": {
            "line": 579,
            "column": 39
          }
        },
        "184": {
          "start": {
            "line": 580,
            "column": 12
          },
          "end": {
            "line": 580,
            "column": 65
          }
        },
        "185": {
          "start": {
            "line": 581,
            "column": 12
          },
          "end": {
            "line": 581,
            "column": 39
          }
        },
        "186": {
          "start": {
            "line": 583,
            "column": 12
          },
          "end": {
            "line": 583,
            "column": 68
          }
        },
        "187": {
          "start": {
            "line": 585,
            "column": 12
          },
          "end": {
            "line": 588,
            "column": 31
          }
        },
        "188": {
          "start": {
            "line": 592,
            "column": 8
          },
          "end": {
            "line": 592,
            "column": 59
          }
        },
        "189": {
          "start": {
            "line": 593,
            "column": 8
          },
          "end": {
            "line": 593,
            "column": 81
          }
        },
        "190": {
          "start": {
            "line": 594,
            "column": 8
          },
          "end": {
            "line": 594,
            "column": 69
          }
        },
        "191": {
          "start": {
            "line": 596,
            "column": 29
          },
          "end": {
            "line": 596,
            "column": 77
          }
        },
        "192": {
          "start": {
            "line": 598,
            "column": 25
          },
          "end": {
            "line": 598,
            "column": 55
          }
        },
        "193": {
          "start": {
            "line": 600,
            "column": 8
          },
          "end": {
            "line": 600,
            "column": 87
          }
        },
        "194": {
          "start": {
            "line": 602,
            "column": 8
          },
          "end": {
            "line": 602,
            "column": 69
          }
        },
        "195": {
          "start": {
            "line": 604,
            "column": 8
          },
          "end": {
            "line": 628,
            "column": 9
          }
        },
        "196": {
          "start": {
            "line": 605,
            "column": 12
          },
          "end": {
            "line": 609,
            "column": 50
          }
        },
        "197": {
          "start": {
            "line": 612,
            "column": 12
          },
          "end": {
            "line": 612,
            "column": 67
          }
        },
        "198": {
          "start": {
            "line": 614,
            "column": 12
          },
          "end": {
            "line": 614,
            "column": 62
          }
        },
        "199": {
          "start": {
            "line": 617,
            "column": 12
          },
          "end": {
            "line": 627,
            "column": 13
          }
        },
        "200": {
          "start": {
            "line": 620,
            "column": 32
          },
          "end": {
            "line": 620,
            "column": 91
          }
        },
        "201": {
          "start": {
            "line": 621,
            "column": 40
          },
          "end": {
            "line": 621,
            "column": 84
          }
        },
        "202": {
          "start": {
            "line": 622,
            "column": 35
          },
          "end": {
            "line": 622,
            "column": 101
          }
        },
        "203": {
          "start": {
            "line": 623,
            "column": 16
          },
          "end": {
            "line": 623,
            "column": 80
          }
        },
        "204": {
          "start": {
            "line": 625,
            "column": 16
          },
          "end": {
            "line": 625,
            "column": 82
          }
        },
        "205": {
          "start": {
            "line": 626,
            "column": 16
          },
          "end": {
            "line": 626,
            "column": 84
          }
        },
        "206": {
          "start": {
            "line": 636,
            "column": 34
          },
          "end": {
            "line": 636,
            "column": 81
          }
        },
        "207": {
          "start": {
            "line": 637,
            "column": 33
          },
          "end": {
            "line": 637,
            "column": 65
          }
        },
        "208": {
          "start": {
            "line": 638,
            "column": 30
          },
          "end": {
            "line": 638,
            "column": 85
          }
        },
        "209": {
          "start": {
            "line": 640,
            "column": 8
          },
          "end": {
            "line": 640,
            "column": 71
          }
        },
        "210": {
          "start": {
            "line": 643,
            "column": 8
          },
          "end": {
            "line": 643,
            "column": 64
          }
        },
        "211": {
          "start": {
            "line": 644,
            "column": 8
          },
          "end": {
            "line": 644,
            "column": 72
          }
        },
        "212": {
          "start": {
            "line": 646,
            "column": 8
          },
          "end": {
            "line": 646,
            "column": 66
          }
        },
        "213": {
          "start": {
            "line": 648,
            "column": 8
          },
          "end": {
            "line": 648,
            "column": 87
          }
        },
        "214": {
          "start": {
            "line": 650,
            "column": 8
          },
          "end": {
            "line": 650,
            "column": 84
          }
        },
        "215": {
          "start": {
            "line": 653,
            "column": 8
          },
          "end": {
            "line": 656,
            "column": 27
          }
        },
        "216": {
          "start": {
            "line": 665,
            "column": 34
          },
          "end": {
            "line": 688,
            "column": 1
          }
        },
        "217": {
          "start": {
            "line": 668,
            "column": 8
          },
          "end": {
            "line": 668,
            "column": 123
          }
        },
        "218": {
          "start": {
            "line": 670,
            "column": 24
          },
          "end": {
            "line": 670,
            "column": 60
          }
        },
        "219": {
          "start": {
            "line": 672,
            "column": 8
          },
          "end": {
            "line": 674,
            "column": 48
          }
        },
        "220": {
          "start": {
            "line": 679,
            "column": 8
          },
          "end": {
            "line": 679,
            "column": 54
          }
        },
        "221": {
          "start": {
            "line": 681,
            "column": 8
          },
          "end": {
            "line": 681,
            "column": 484
          }
        },
        "222": {
          "start": {
            "line": 683,
            "column": 8
          },
          "end": {
            "line": 686,
            "column": 27
          }
        },
        "223": {
          "start": {
            "line": 694,
            "column": 29
          },
          "end": {
            "line": 794,
            "column": 1
          }
        },
        "224": {
          "start": {
            "line": 697,
            "column": 8
          },
          "end": {
            "line": 697,
            "column": 55
          }
        },
        "225": {
          "start": {
            "line": 699,
            "column": 24
          },
          "end": {
            "line": 699,
            "column": 60
          }
        },
        "226": {
          "start": {
            "line": 701,
            "column": 8
          },
          "end": {
            "line": 703,
            "column": 48
          }
        },
        "227": {
          "start": {
            "line": 707,
            "column": 8
          },
          "end": {
            "line": 707,
            "column": 49
          }
        },
        "228": {
          "start": {
            "line": 711,
            "column": 23
          },
          "end": {
            "line": 711,
            "column": 117
          }
        },
        "229": {
          "start": {
            "line": 712,
            "column": 8
          },
          "end": {
            "line": 724,
            "column": 9
          }
        },
        "230": {
          "start": {
            "line": 713,
            "column": 12
          },
          "end": {
            "line": 713,
            "column": 39
          }
        },
        "231": {
          "start": {
            "line": 714,
            "column": 12
          },
          "end": {
            "line": 714,
            "column": 65
          }
        },
        "232": {
          "start": {
            "line": 715,
            "column": 12
          },
          "end": {
            "line": 715,
            "column": 39
          }
        },
        "233": {
          "start": {
            "line": 718,
            "column": 12
          },
          "end": {
            "line": 718,
            "column": 68
          }
        },
        "234": {
          "start": {
            "line": 720,
            "column": 12
          },
          "end": {
            "line": 723,
            "column": 31
          }
        },
        "235": {
          "start": {
            "line": 726,
            "column": 8
          },
          "end": {
            "line": 726,
            "column": 59
          }
        },
        "236": {
          "start": {
            "line": 727,
            "column": 8
          },
          "end": {
            "line": 727,
            "column": 81
          }
        },
        "237": {
          "start": {
            "line": 728,
            "column": 8
          },
          "end": {
            "line": 728,
            "column": 69
          }
        },
        "238": {
          "start": {
            "line": 730,
            "column": 8
          },
          "end": {
            "line": 730,
            "column": 49
          }
        },
        "239": {
          "start": {
            "line": 732,
            "column": 29
          },
          "end": {
            "line": 732,
            "column": 77
          }
        },
        "240": {
          "start": {
            "line": 734,
            "column": 25
          },
          "end": {
            "line": 734,
            "column": 55
          }
        },
        "241": {
          "start": {
            "line": 736,
            "column": 8
          },
          "end": {
            "line": 736,
            "column": 87
          }
        },
        "242": {
          "start": {
            "line": 739,
            "column": 8
          },
          "end": {
            "line": 739,
            "column": 69
          }
        },
        "243": {
          "start": {
            "line": 743,
            "column": 8
          },
          "end": {
            "line": 747,
            "column": 9
          }
        },
        "244": {
          "start": {
            "line": 744,
            "column": 12
          },
          "end": {
            "line": 744,
            "column": 61
          }
        },
        "245": {
          "start": {
            "line": 746,
            "column": 12
          },
          "end": {
            "line": 746,
            "column": 48
          }
        },
        "246": {
          "start": {
            "line": 749,
            "column": 8
          },
          "end": {
            "line": 769,
            "column": 9
          }
        },
        "247": {
          "start": {
            "line": 750,
            "column": 12
          },
          "end": {
            "line": 755,
            "column": 50
          }
        },
        "248": {
          "start": {
            "line": 757,
            "column": 12
          },
          "end": {
            "line": 768,
            "column": 13
          }
        },
        "249": {
          "start": {
            "line": 758,
            "column": 16
          },
          "end": {
            "line": 761,
            "column": 54
          }
        },
        "250": {
          "start": {
            "line": 764,
            "column": 16
          },
          "end": {
            "line": 767,
            "column": 54
          }
        },
        "251": {
          "start": {
            "line": 772,
            "column": 8
          },
          "end": {
            "line": 772,
            "column": 78
          }
        },
        "252": {
          "start": {
            "line": 775,
            "column": 8
          },
          "end": {
            "line": 775,
            "column": 64
          }
        },
        "253": {
          "start": {
            "line": 778,
            "column": 8
          },
          "end": {
            "line": 778,
            "column": 66
          }
        },
        "254": {
          "start": {
            "line": 780,
            "column": 8
          },
          "end": {
            "line": 780,
            "column": 57
          }
        },
        "255": {
          "start": {
            "line": 783,
            "column": 8
          },
          "end": {
            "line": 783,
            "column": 101
          }
        },
        "256": {
          "start": {
            "line": 788,
            "column": 8
          },
          "end": {
            "line": 791,
            "column": 27
          }
        },
        "257": {
          "start": {
            "line": 799,
            "column": 36
          },
          "end": {
            "line": 899,
            "column": 1
          }
        },
        "258": {
          "start": {
            "line": 802,
            "column": 8
          },
          "end": {
            "line": 802,
            "column": 64
          }
        },
        "259": {
          "start": {
            "line": 804,
            "column": 8
          },
          "end": {
            "line": 804,
            "column": 59
          }
        },
        "260": {
          "start": {
            "line": 805,
            "column": 8
          },
          "end": {
            "line": 805,
            "column": 69
          }
        },
        "261": {
          "start": {
            "line": 807,
            "column": 8
          },
          "end": {
            "line": 808,
            "column": 85
          }
        },
        "262": {
          "start": {
            "line": 813,
            "column": 8
          },
          "end": {
            "line": 813,
            "column": 59
          }
        },
        "263": {
          "start": {
            "line": 814,
            "column": 8
          },
          "end": {
            "line": 814,
            "column": 69
          }
        },
        "264": {
          "start": {
            "line": 815,
            "column": 8
          },
          "end": {
            "line": 815,
            "column": 81
          }
        },
        "265": {
          "start": {
            "line": 817,
            "column": 8
          },
          "end": {
            "line": 817,
            "column": 108
          }
        },
        "266": {
          "start": {
            "line": 821,
            "column": 23
          },
          "end": {
            "line": 821,
            "column": 117
          }
        },
        "267": {
          "start": {
            "line": 822,
            "column": 8
          },
          "end": {
            "line": 834,
            "column": 9
          }
        },
        "268": {
          "start": {
            "line": 823,
            "column": 12
          },
          "end": {
            "line": 823,
            "column": 39
          }
        },
        "269": {
          "start": {
            "line": 824,
            "column": 12
          },
          "end": {
            "line": 824,
            "column": 65
          }
        },
        "270": {
          "start": {
            "line": 825,
            "column": 12
          },
          "end": {
            "line": 825,
            "column": 39
          }
        },
        "271": {
          "start": {
            "line": 828,
            "column": 12
          },
          "end": {
            "line": 828,
            "column": 68
          }
        },
        "272": {
          "start": {
            "line": 830,
            "column": 12
          },
          "end": {
            "line": 833,
            "column": 31
          }
        },
        "273": {
          "start": {
            "line": 836,
            "column": 25
          },
          "end": {
            "line": 836,
            "column": 55
          }
        },
        "274": {
          "start": {
            "line": 837,
            "column": 27
          },
          "end": {
            "line": 837,
            "column": 64
          }
        },
        "275": {
          "start": {
            "line": 839,
            "column": 8
          },
          "end": {
            "line": 839,
            "column": 87
          }
        },
        "276": {
          "start": {
            "line": 841,
            "column": 8
          },
          "end": {
            "line": 841,
            "column": 69
          }
        },
        "277": {
          "start": {
            "line": 845,
            "column": 8
          },
          "end": {
            "line": 849,
            "column": 9
          }
        },
        "278": {
          "start": {
            "line": 846,
            "column": 12
          },
          "end": {
            "line": 846,
            "column": 61
          }
        },
        "279": {
          "start": {
            "line": 848,
            "column": 12
          },
          "end": {
            "line": 848,
            "column": 48
          }
        },
        "280": {
          "start": {
            "line": 851,
            "column": 8
          },
          "end": {
            "line": 871,
            "column": 9
          }
        },
        "281": {
          "start": {
            "line": 852,
            "column": 12
          },
          "end": {
            "line": 857,
            "column": 50
          }
        },
        "282": {
          "start": {
            "line": 859,
            "column": 12
          },
          "end": {
            "line": 870,
            "column": 13
          }
        },
        "283": {
          "start": {
            "line": 860,
            "column": 16
          },
          "end": {
            "line": 863,
            "column": 54
          }
        },
        "284": {
          "start": {
            "line": 866,
            "column": 16
          },
          "end": {
            "line": 869,
            "column": 54
          }
        },
        "285": {
          "start": {
            "line": 874,
            "column": 8
          },
          "end": {
            "line": 874,
            "column": 78
          }
        },
        "286": {
          "start": {
            "line": 877,
            "column": 8
          },
          "end": {
            "line": 877,
            "column": 64
          }
        },
        "287": {
          "start": {
            "line": 880,
            "column": 8
          },
          "end": {
            "line": 880,
            "column": 37
          }
        },
        "288": {
          "start": {
            "line": 883,
            "column": 8
          },
          "end": {
            "line": 883,
            "column": 66
          }
        },
        "289": {
          "start": {
            "line": 885,
            "column": 8
          },
          "end": {
            "line": 885,
            "column": 57
          }
        },
        "290": {
          "start": {
            "line": 888,
            "column": 8
          },
          "end": {
            "line": 888,
            "column": 101
          }
        },
        "291": {
          "start": {
            "line": 893,
            "column": 8
          },
          "end": {
            "line": 896,
            "column": 27
          }
        },
        "292": {
          "start": {
            "line": 906,
            "column": 32
          },
          "end": {
            "line": 934,
            "column": 1
          }
        },
        "293": {
          "start": {
            "line": 908,
            "column": 8
          },
          "end": {
            "line": 909,
            "column": 87
          }
        },
        "294": {
          "start": {
            "line": 913,
            "column": 8
          },
          "end": {
            "line": 913,
            "column": 46
          }
        },
        "295": {
          "start": {
            "line": 915,
            "column": 8
          },
          "end": {
            "line": 915,
            "column": 59
          }
        },
        "296": {
          "start": {
            "line": 916,
            "column": 8
          },
          "end": {
            "line": 916,
            "column": 69
          }
        },
        "297": {
          "start": {
            "line": 919,
            "column": 24
          },
          "end": {
            "line": 919,
            "column": 83
          }
        },
        "298": {
          "start": {
            "line": 920,
            "column": 8
          },
          "end": {
            "line": 920,
            "column": 54
          }
        },
        "299": {
          "start": {
            "line": 922,
            "column": 8
          },
          "end": {
            "line": 922,
            "column": 116
          }
        },
        "300": {
          "start": {
            "line": 924,
            "column": 8
          },
          "end": {
            "line": 931,
            "column": 27
          }
        },
        "301": {
          "start": {
            "line": 940,
            "column": 26
          },
          "end": {
            "line": 959,
            "column": 1
          }
        },
        "302": {
          "start": {
            "line": 943,
            "column": 8
          },
          "end": {
            "line": 943,
            "column": 52
          }
        },
        "303": {
          "start": {
            "line": 945,
            "column": 8
          },
          "end": {
            "line": 946,
            "column": 86
          }
        },
        "304": {
          "start": {
            "line": 950,
            "column": 8
          },
          "end": {
            "line": 950,
            "column": 46
          }
        },
        "305": {
          "start": {
            "line": 952,
            "column": 28
          },
          "end": {
            "line": 952,
            "column": 70
          }
        },
        "306": {
          "start": {
            "line": 954,
            "column": 8
          },
          "end": {
            "line": 957,
            "column": 27
          }
        },
        "307": {
          "start": {
            "line": 962,
            "column": 24
          },
          "end": {
            "line": 1077,
            "column": 1
          }
        },
        "308": {
          "start": {
            "line": 965,
            "column": 8
          },
          "end": {
            "line": 965,
            "column": 51
          }
        },
        "309": {
          "start": {
            "line": 968,
            "column": 8
          },
          "end": {
            "line": 968,
            "column": 59
          }
        },
        "310": {
          "start": {
            "line": 969,
            "column": 8
          },
          "end": {
            "line": 969,
            "column": 69
          }
        },
        "311": {
          "start": {
            "line": 970,
            "column": 20
          },
          "end": {
            "line": 970,
            "column": 22
          }
        },
        "312": {
          "start": {
            "line": 972,
            "column": 8
          },
          "end": {
            "line": 976,
            "column": 9
          }
        },
        "313": {
          "start": {
            "line": 973,
            "column": 12
          },
          "end": {
            "line": 973,
            "column": 43
          }
        },
        "314": {
          "start": {
            "line": 978,
            "column": 8
          },
          "end": {
            "line": 980,
            "column": 89
          }
        },
        "315": {
          "start": {
            "line": 985,
            "column": 8
          },
          "end": {
            "line": 985,
            "column": 45
          }
        },
        "316": {
          "start": {
            "line": 987,
            "column": 8
          },
          "end": {
            "line": 987,
            "column": 59
          }
        },
        "317": {
          "start": {
            "line": 988,
            "column": 8
          },
          "end": {
            "line": 988,
            "column": 81
          }
        },
        "318": {
          "start": {
            "line": 989,
            "column": 8
          },
          "end": {
            "line": 989,
            "column": 69
          }
        },
        "319": {
          "start": {
            "line": 991,
            "column": 8
          },
          "end": {
            "line": 991,
            "column": 83
          }
        },
        "320": {
          "start": {
            "line": 992,
            "column": 8
          },
          "end": {
            "line": 992,
            "column": 89
          }
        },
        "321": {
          "start": {
            "line": 995,
            "column": 25
          },
          "end": {
            "line": 995,
            "column": 55
          }
        },
        "322": {
          "start": {
            "line": 997,
            "column": 26
          },
          "end": {
            "line": 997,
            "column": 54
          }
        },
        "323": {
          "start": {
            "line": 1000,
            "column": 8
          },
          "end": {
            "line": 1064,
            "column": 9
          }
        },
        "324": {
          "start": {
            "line": 1002,
            "column": 12
          },
          "end": {
            "line": 1002,
            "column": 76
          }
        },
        "325": {
          "start": {
            "line": 1006,
            "column": 27
          },
          "end": {
            "line": 1006,
            "column": 75
          }
        },
        "326": {
          "start": {
            "line": 1010,
            "column": 12
          },
          "end": {
            "line": 1014,
            "column": 13
          }
        },
        "327": {
          "start": {
            "line": 1011,
            "column": 16
          },
          "end": {
            "line": 1011,
            "column": 65
          }
        },
        "328": {
          "start": {
            "line": 1013,
            "column": 16
          },
          "end": {
            "line": 1013,
            "column": 52
          }
        },
        "329": {
          "start": {
            "line": 1016,
            "column": 12
          },
          "end": {
            "line": 1037,
            "column": 13
          }
        },
        "330": {
          "start": {
            "line": 1017,
            "column": 16
          },
          "end": {
            "line": 1022,
            "column": 54
          }
        },
        "331": {
          "start": {
            "line": 1025,
            "column": 16
          },
          "end": {
            "line": 1036,
            "column": 17
          }
        },
        "332": {
          "start": {
            "line": 1026,
            "column": 20
          },
          "end": {
            "line": 1029,
            "column": 58
          }
        },
        "333": {
          "start": {
            "line": 1032,
            "column": 20
          },
          "end": {
            "line": 1035,
            "column": 58
          }
        },
        "334": {
          "start": {
            "line": 1040,
            "column": 12
          },
          "end": {
            "line": 1040,
            "column": 82
          }
        },
        "335": {
          "start": {
            "line": 1043,
            "column": 12
          },
          "end": {
            "line": 1043,
            "column": 68
          }
        },
        "336": {
          "start": {
            "line": 1046,
            "column": 12
          },
          "end": {
            "line": 1046,
            "column": 61
          }
        },
        "337": {
          "start": {
            "line": 1049,
            "column": 12
          },
          "end": {
            "line": 1049,
            "column": 88
          }
        },
        "338": {
          "start": {
            "line": 1055,
            "column": 12
          },
          "end": {
            "line": 1055,
            "column": 80
          }
        },
        "339": {
          "start": {
            "line": 1058,
            "column": 12
          },
          "end": {
            "line": 1058,
            "column": 91
          }
        },
        "340": {
          "start": {
            "line": 1061,
            "column": 12
          },
          "end": {
            "line": 1061,
            "column": 71
          }
        },
        "341": {
          "start": {
            "line": 1067,
            "column": 8
          },
          "end": {
            "line": 1067,
            "column": 66
          }
        },
        "342": {
          "start": {
            "line": 1070,
            "column": 8
          },
          "end": {
            "line": 1073,
            "column": 27
          }
        },
        "343": {
          "start": {
            "line": 1085,
            "column": 27
          },
          "end": {
            "line": 1130,
            "column": 1
          }
        },
        "344": {
          "start": {
            "line": 1088,
            "column": 8
          },
          "end": {
            "line": 1088,
            "column": 118
          }
        },
        "345": {
          "start": {
            "line": 1091,
            "column": 8
          },
          "end": {
            "line": 1091,
            "column": 59
          }
        },
        "346": {
          "start": {
            "line": 1092,
            "column": 8
          },
          "end": {
            "line": 1092,
            "column": 69
          }
        },
        "347": {
          "start": {
            "line": 1093,
            "column": 20
          },
          "end": {
            "line": 1093,
            "column": 22
          }
        },
        "348": {
          "start": {
            "line": 1095,
            "column": 8
          },
          "end": {
            "line": 1099,
            "column": 9
          }
        },
        "349": {
          "start": {
            "line": 1096,
            "column": 12
          },
          "end": {
            "line": 1096,
            "column": 43
          }
        },
        "350": {
          "start": {
            "line": 1101,
            "column": 8
          },
          "end": {
            "line": 1107,
            "column": 96
          }
        },
        "351": {
          "start": {
            "line": 1112,
            "column": 8
          },
          "end": {
            "line": 1112,
            "column": 59
          }
        },
        "352": {
          "start": {
            "line": 1113,
            "column": 8
          },
          "end": {
            "line": 1113,
            "column": 69
          }
        },
        "353": {
          "start": {
            "line": 1115,
            "column": 8
          },
          "end": {
            "line": 1115,
            "column": 67
          }
        },
        "354": {
          "start": {
            "line": 1121,
            "column": 8
          },
          "end": {
            "line": 1121,
            "column": 110
          }
        },
        "355": {
          "start": {
            "line": 1124,
            "column": 8
          },
          "end": {
            "line": 1127,
            "column": 27
          }
        },
        "356": {
          "start": {
            "line": 1132,
            "column": 30
          },
          "end": {
            "line": 1182,
            "column": 1
          }
        },
        "357": {
          "start": {
            "line": 1135,
            "column": 8
          },
          "end": {
            "line": 1135,
            "column": 57
          }
        },
        "358": {
          "start": {
            "line": 1137,
            "column": 8
          },
          "end": {
            "line": 1137,
            "column": 59
          }
        },
        "359": {
          "start": {
            "line": 1138,
            "column": 8
          },
          "end": {
            "line": 1138,
            "column": 69
          }
        },
        "360": {
          "start": {
            "line": 1140,
            "column": 8
          },
          "end": {
            "line": 1142,
            "column": 90
          }
        },
        "361": {
          "start": {
            "line": 1146,
            "column": 8
          },
          "end": {
            "line": 1146,
            "column": 51
          }
        },
        "362": {
          "start": {
            "line": 1148,
            "column": 8
          },
          "end": {
            "line": 1148,
            "column": 59
          }
        },
        "363": {
          "start": {
            "line": 1149,
            "column": 8
          },
          "end": {
            "line": 1149,
            "column": 69
          }
        },
        "364": {
          "start": {
            "line": 1152,
            "column": 8
          },
          "end": {
            "line": 1180,
            "column": 9
          }
        },
        "365": {
          "start": {
            "line": 1154,
            "column": 12
          },
          "end": {
            "line": 1154,
            "column": 42
          }
        },
        "366": {
          "start": {
            "line": 1155,
            "column": 12
          },
          "end": {
            "line": 1155,
            "column": 70
          }
        },
        "367": {
          "start": {
            "line": 1157,
            "column": 12
          },
          "end": {
            "line": 1165,
            "column": 31
          }
        },
        "368": {
          "start": {
            "line": 1170,
            "column": 12
          },
          "end": {
            "line": 1170,
            "column": 91
          }
        },
        "369": {
          "start": {
            "line": 1172,
            "column": 12
          },
          "end": {
            "line": 1172,
            "column": 42
          }
        },
        "370": {
          "start": {
            "line": 1173,
            "column": 12
          },
          "end": {
            "line": 1173,
            "column": 70
          }
        },
        "371": {
          "start": {
            "line": 1175,
            "column": 12
          },
          "end": {
            "line": 1178,
            "column": 31
          }
        },
        "372": {
          "start": {
            "line": 1184,
            "column": 35
          },
          "end": {
            "line": 1199,
            "column": 1
          }
        },
        "373": {
          "start": {
            "line": 1187,
            "column": 8
          },
          "end": {
            "line": 1187,
            "column": 61
          }
        },
        "374": {
          "start": {
            "line": 1189,
            "column": 8
          },
          "end": {
            "line": 1189,
            "column": 92
          }
        },
        "375": {
          "start": {
            "line": 1193,
            "column": 8
          },
          "end": {
            "line": 1193,
            "column": 55
          }
        },
        "376": {
          "start": {
            "line": 1195,
            "column": 8
          },
          "end": {
            "line": 1195,
            "column": 97
          }
        },
        "377": {
          "start": {
            "line": 1197,
            "column": 8
          },
          "end": {
[...]
            },
            {
              "start": {
                "line": 1002,
                "column": 12
              },
              "end": {
                "line": 1002,
                "column": 56
              }
            },
            {
              "start": {
                "line": 1003,
                "column": 12
              },
              "end": {
                "line": 1003,
                "column": 47
              }
            }
          ],
          "line": 1001
        },
        "34": {
          "loc": {
            "start": {
              "line": 1030,
              "column": 15
            },
            "end": {
              "line": 1032,
              "column": 88
            }
          },
          "type": "binary-expr",
          "locations": [
            {
              "start": {
                "line": 1030,
                "column": 15
              },
              "end": {
                "line": 1030,
                "column": 60
              }
            },
            {
              "start": {
                "line": 1031,
                "column": 13
              },
              "end": {
                "line": 1031,
                "column": 83
              }
            },
            {
              "start": {
                "line": 1032,
                "column": 16
              },
              "end": {
                "line": 1032,
                "column": 87
              }
            }
          ],
          "line": 1030
        },
        "35": {
          "loc": {
            "start": {
              "line": 1042,
              "column": 8
            },
            "end": {
              "line": 1070,
              "column": 9
            }
          },
          "type": "if",
          "locations": [
            {
              "start": {
                "line": 1042,
                "column": 8
              },
              "end": {
                "line": 1070,
                "column": 9
              }
            },
            {
              "start": {
                "line": 1042,
                "column": 8
              },
              "end": {
                "line": 1070,
                "column": 9
              }
            }
          ],
          "line": 1042
        },
        "36": {
          "loc": {
            "start": {
              "line": 1082,
              "column": 15
            },
            "end": {
              "line": 1083,
              "column": 84
            }
          },
          "type": "binary-expr",
          "locations": [
            {
              "start": {
                "line": 1082,
                "column": 15
              },
              "end": {
                "line": 1082,
                "column": 76
              }
            },
            {
              "start": {
                "line": 1083,
                "column": 12
              },
              "end": {
                "line": 1083,
                "column": 84
              }
            }
          ],
          "line": 1082
        },
        "37": {
          "loc": {
            "start": {
              "line": 1118,
              "column": 15
            },
            "end": {
              "line": 1124,
              "column": 94
            }
          },
          "type": "binary-expr",
          "locations": [
            {
              "start": {
                "line": 1118,
                "column": 16
              },
              "end": {
                "line": 1118,
                "column": 59
              }
            },
            {
              "start": {
                "line": 1119,
                "column": 17
              },
              "end": {
                "line": 1119,
                "column": 87
              }
            },
            {
              "start": {
                "line": 1120,
                "column": 20
              },
              "end": {
                "line": 1120,
                "column": 94
              }
            },
            {
              "start": {
                "line": 1121,
                "column": 20
              },
              "end": {
                "line": 1121,
                "column": 92
              }
            },
            {
              "start": {
                "line": 1122,
                "column": 13
              },
              "end": {
                "line": 1122,
                "column": 74
              }
            },
            {
              "start": {
                "line": 1123,
                "column": 17
              },
              "end": {
                "line": 1123,
                "column": 91
              }
            },
            {
              "start": {
                "line": 1124,
                "column": 20
              },
              "end": {
                "line": 1124,
                "column": 92
              }
            }
          ],
          "line": 1118
        },
        "38": {
          "loc": {
            "start": {
              "line": 1166,
              "column": 15
            },
            "end": {
              "line": 1168,
              "column": 87
            }
          },
          "type": "binary-expr",
          "locations": [
            {
              "start": {
                "line": 1166,
                "column": 15
              },
              "end": {
                "line": 1166,
                "column": 55
              }
            },
            {
              "start": {
                "line": 1167,
                "column": 13
              },
              "end": {
                "line": 1167,
                "column": 84
              }
            },
            {
              "start": {
                "line": 1168,
                "column": 16
              },
              "end": {
                "line": 1168,
                "column": 86
              }
            }
          ],
          "line": 1166
        },
        "39": {
          "loc": {
            "start": {
              "line": 1188,
              "column": 8
            },
            "end": {
              "line": 1257,
              "column": 9
            }
          },
          "type": "if",
          "locations": [
            {
              "start": {
                "line": 1188,
                "column": 8
              },
              "end": {
                "line": 1257,
                "column": 9
              }
            },
            {
              "start": {
                "line": 1188,
                "column": 8
              },
              "end": {
                "line": 1257,
                "column": 9
              }
            }
          ],
          "line": 1188
        },
        "40": {
          "loc": {
            "start": {
              "line": 1204,
              "column": 12
            },
            "end": {
              "line": 1225,
              "column": 13
            }
          },
          "type": "if",
          "locations": [
            {
              "start": {
                "line": 1204,
                "column": 12
              },
              "end": {
                "line": 1225,
                "column": 13
              }
            },
            {
              "start": {
                "line": 1204,
                "column": 12
              },
              "end": {
                "line": 1225,
                "column": 13
              }
            }
          ],
          "line": 1204
        },
        "41": {
          "loc": {
            "start": {
              "line": 1213,
              "column": 16
            },
            "end": {
              "line": 1224,
              "column": 17
            }
          },
          "type": "if",
          "locations": [
            {
              "start": {
                "line": 1213,
                "column": 16
              },
              "end": {
                "line": 1224,
                "column": 17
              }
            },
            {
              "start": {
                "line": 1213,
                "column": 16
              },
              "end": {
                "line": 1224,
                "column": 17
              }
            }
          ],
          "line": 1213
        },
        "42": {
          "loc": {
            "start": {
              "line": 1305,
              "column": 8
            },
            "end": {
              "line": 1309,
              "column": 9
            }
          },
          "type": "if",
          "locations": [
            {
              "start": {
                "line": 1305,
                "column": 8
              },
              "end": {
                "line": 1309,
                "column": 9
              }
            },
            {
              "start": {
                "line": 1305,
                "column": 8
              },
              "end": {
                "line": 1309,
                "column": 9
              }
            }
          ],
          "line": 1305
        }
      },
      "s": {
        "0": 0,
        "1": 0,
        "2": 0,
        "3": 0,
        "4": 0,
        "5": 0,
        "6": 0,
        "7": 0,
        "8": 0,
        "9": 0,
        "10": 0,
        "11": 0,
        "12": 0,
        "13": 0,
        "14": 0,
        "15": 0,
        "16": 0,
        "17": 0,
        "18": 0,
        "19": 0,
        "20": 0,
        "21": 0,
        "22": 0,
        "23": 0,
        "24": 0,
        "25": 0,
        "26": 0,
        "27": 0,
        "28": 0,
        "29": 0,
        "30": 0,
        "31": 0,
        "32": 0,
        "33": 0,
        "34": 0,
        "35": 0,
        "36": 0,
        "37": 0,
        "38": 0,
        "39": 0,
        "40": 0,
        "41": 0,
        "42": 0,
        "43": 0,
        "44": 0,
        "45": 0,
        "46": 0,
        "47": 0,
        "48": 0,
        "49": 0,
        "50": 0,
        "51": 0,
        "52": 0,
        "53": 0,
        "54": 0,
        "55": 0,
        "56": 0,
        "57": 0,
        "58": 0,
        "59": 0,
        "60": 0,
        "61": 0,
        "62": 0,
        "63": 0,
        "64": 0,
        "65": 0,
        "66": 0,
        "67": 0,
        "68": 0,
        "69": 0,
        "70": 0,
        "71": 0,
        "72": 0,
        "73": 0,
        "74": 0,
        "75": 0,
        "76": 0,
        "77": 0,
        "78": 0,
        "79": 0,
        "80": 0,
        "81": 0,
        "82": 0,
        "83": 0,
        "84": 0,
        "85": 0,
        "86": 0,
        "87": 0,
        "88": 0,
        "89": 0,
        "90": 0,
        "91": 0,
        "92": 0,
        "93": 0,
        "94": 0,
        "95": 0,
        "96": 0,
        "97": 0,
        "98": 0,
        "99": 0,
        "100": 0,
        "101": 0,
        "102": 0,
        "103": 0,
        "104": 0,
        "105": 0,
        "106": 0,
        "107": 0,
        "108": 0,
        "109": 0,
        "110": 0,
        "111": 0,
        "112": 0,
        "113": 0,
        "114": 0,
        "115": 0,
        "116": 0,
        "117": 0,
        "118": 0,
        "119": 0,
        "120": 0,
        "121": 0,
        "122": 0,
        "123": 0,
        "124": 0,
        "125": 0,
        "126": 0,
        "127": 0,
        "128": 0,
        "129": 0,
        "130": 0,
        "131": 0,
        "132": 0,
        "133": 0,
        "134": 0,
        "135": 0,
        "136": 0,
        "137": 0,
        "138": 0,
        "139": 0,
        "140": 0,
        "141": 0,
        "142": 0,
        "143": 0,
        "144": 0,
        "145": 0,
        "146": 0,
        "147": 0,
        "148": 0,
        "149": 0,
        "150": 0,
        "151": 0,
        "152": 0,
        "153": 0,
        "154": 0,
        "155": 0,
        "156": 0,
        "157": 0,
        "158": 0,
        "159": 0,
        "160": 0,
        "161": 0,
        "162": 0,
        "163": 0,
        "164": 0,
        "165": 0,
        "166": 0,
        "167": 0,
        "168": 0,
        "169": 0,
        "170": 0,
        "171": 0,
        "172": 0,
        "173": 0,
        "174": 0,
        "175": 0,
        "176": 0,
        "177": 0,
        "178": 0,
        "179": 0,
        "180": 0,
        "181": 0,
        "182": 0,
        "183": 0,
        "184": 0,
        "185": 0,
        "186": 0,
        "187": 0,
        "188": 0,
        "189": 0,
        "190": 0,
        "191": 0,
        "192": 0,
        "193": 0,
        "194": 0,
        "195": 0,
        "196": 0,
        "197": 0,
        "198": 0,
        "199": 0,
        "200": 0,
        "201": 0,
        "202": 0,
        "203": 0,
        "204": 0,
        "205": 0,
        "206": 0,
        "207": 0,
        "208": 0,
        "209": 0,
        "210": 0,
        "211": 0,
        "212": 0,
        "213": 0,
        "214": 0,
        "215": 0,
        "216": 0,
        "217": 0,
        "218": 0,
        "219": 0,
        "220": 0,
        "221": 0,
        "222": 0,
        "223": 0,
        "224": 0,
        "225": 0,
        "226": 0,
        "227": 0,
        "228": 0,
        "229": 0,
        "230": 0,
        "231": 0,
        "232": 0,
        "233": 0,
        "234": 0,
        "235": 0,
        "236": 0,
        "237": 0,
        "238": 0,
        "239": 0,
        "240": 0,
        "241": 0,
        "242": 0,
        "243": 0,
        "244": 0,
        "245": 0,
        "246": 0,
        "247": 0,
        "248": 0,
        "249": 0,
        "250": 0,
        "251": 0,
        "252": 0,
        "253": 0,
        "254": 0,
        "255": 0,
        "256": 0,
        "257": 0,
        "258": 0,
        "259": 0,
        "260": 0,
        "261": 0,
        "262": 0,
        "263": 0,
        "264": 0,
        "265": 0,
        "266": 0,
        "267": 0,
        "268": 0,
        "269": 0,
        "270": 0,
        "271": 0,
        "272": 0,
        "273": 0,
        "274": 0,
        "275": 0,
        "276": 0,
        "277": 0,
        "278": 0,
        "279": 0,
        "280": 0,
        "281": 0,
        "282": 0,
        "283": 0,
        "284": 0,
        "285": 0,
        "286": 0,
        "287": 0,
        "288": 0,
        "289": 0,
        "290": 0,
        "291": 0,
        "292": 0,
        "293": 0,
        "294": 0,
        "295": 0,
        "296": 0,
        "297": 0,
        "298": 0,
        "299": 0,
        "300": 0,
        "301": 0,
        "302": 0,
        "303": 0,
        "304": 0,
        "305": 0,
        "306": 0,
        "307": 0,
        "308": 0,
        "309": 0,
        "310": 0,
        "311": 0,
        "312": 0,
        "313": 0,
        "314": 0,
        "315": 0,
        "316": 0,
        "317": 0,
        "318": 0,
        "319": 0,
        "320": 0,
        "321": 0,
        "322": 0,
        "323": 0,
        "324": 0,
        "325": 0,
        "326": 0,
        "327": 0,
        "328": 0,
        "329": 0,
        "330": 0,
        "331": 0,
        "332": 0,
        "333": 0,
        "334": 0,
        "335": 0,
        "336": 0,
        "337": 0,
        "338": 0,
        "339": 0,
        "340": 0,
        "341": 0,
        "342": 0,
        "343": 0,
        "344": 0,
        "345": 0,
        "346": 0,
        "347": 0,
        "348": 0,
        "349": 0,
        "350": 0,
        "351": 0,
        "352": 0,
        "353": 0,
        "354": 0,
        "355": 0,
        "356": 0,
        "357": 0,
        "358": 0,
        "359": 0,
        "360": 0,
        "361": 0,
        "362": 0,
        "363": 0,
        "364": 0,
        "365": 0,
        "366": 0,
        "367": 0,
        "368": 0,
        "369": 0,
        "370": 0,
        "371": 0,
        "372": 0,
        "373": 0,
        "374": 0,
        "375": 0,
        "376": 0,
        "377": 0,
        "378": 0,
        "379": 0,
        "380": 0,
        "381": 0,
        "382": 0,
        "383": 0,
        "384": 0,
        "385": 0,
        "386": 0,
        "387": 0,
        "388": 0,
        "389": 0,
        "390": 0,
        "391": 0,
        "392": 0,
        "393": 0,
        "394": 0,
        "395": 0,
        "396": 0,
        "397": 0,
        "398": 0,
        "399": 0,
        "400": 0,
        "401": 0,
        "402": 0,
        "403": 0,
        "404": 0,
        "405": 0,
        "406": 0,
        "407": 0,
        "408": 0,
        "409": 0,
        "410": 0,
        "411": 0,
        "412": 0,
        "413": 0,
        "414": 0,
        "415": 0,
        "416": 0,
        "417": 0,
        "418": 0,
        "419": 0,
        "420": 0,
        "421": 0,
        "422": 0,
        "423": 0
      },
      "f": {
        "0": 0,
        "1": 0,
        "2": 0,
        "3": 0,
        "4": 0,
        "5": 0,
        "6": 0,
        "7": 0,
        "8": 0,
        "9": 0,
        "10": 0,
        "11": 0,
        "12": 0,
        "13": 0,
        "14": 0,
        "15": 0,
        "16": 0,
        "17": 0,
        "18": 0,
        "19": 0,
        "20": 0,
        "21": 0,
        "22": 0,
        "23": 0,
        "24": 0,
        "25": 0,
        "26": 0,
        "27": 0,
        "28": 0,
        "29": 0,
        "30": 0,
        "31": 0,
        "32": 0,
        "33": 0,
        "34": 0,
        "35": 0,
        "36": 0,
        "37": 0,
        "38": 0,
        "39": 0,
        "40": 0,
        "41": 0
      },
      "b": {
        "0": [
          0,
          0,
          0
        ],
        "1": [
          0,
          0
        ],
        "2": [
          0,
          0,
          0
        ],
        "3": [
          0,
          0
        ],
        "4": [
          0,
          0
        ],
        "5": [
          0,
          0
        ],
        "6": [
          0,
          0
        ],
        "7": [
          0,
          0
        ],
        "8": [
          0,
          0
        ],
        "9": [
          0,
          0
        ],
        "10": [
          0,
          0
        ],
        "11": [
          0,
          0,
          0
        ],
        "12": [
          0,
          0
        ],
        "13": [
          0,
          0
        ],
        "14": [
          0,
          0
        ],
        "15": [
          0,
          0,
          0,
          0
        ],
        "16": [
          0,
          0
        ],
        "17": [
          0,
          0
        ],
        "18": [
          0,
          0
        ],
        "19": [
          0,
          0
        ],
        "20": [
          0,
          0
        ],
        "21": [
          0,
          0
        ],
        "22": [
          0,
          0
        ],
        "23": [
          0,
          0
        ],
        "24": [
          0,
          0,
          0
        ],
        "25": [
          0,
          0,
          0
        ],
        "26": [
          0,
          0,
          0
        ],
        "27": [
          0,
          0
        ],
        "28": [
          0,
          0
        ],
        "29": [
          0,
          0,
          0
        ],
        "30": [
          0,
          0
        ],
        "31": [
          0,
          0
        ],
        "32": [
          0,
          0,
          0
        ],
        "33": [
          0,
          0,
          0
        ],
        "34": [
          0,
          0,
          0
        ],
        "35": [
          0,
          0
        ],
        "36": [
          0,
          0
        ],
        "37": [
          0,
          0,
          0,
          0,
          0,
          0,
          0
        ],
        "38": [
          0,
          0,
          0
        ],
        "39": [
          0,
          0
        ],
        "40": [
          0,
          0
        ],
        "41": [
          0,
          0
        ],
        "42": [
          0,
          0
        ]
      },
      "hash": "e5800aa561beab9eaf9dfcf146b3b63a23539c92"
    }
  }
}